21:15:46 **** Build of configuration Debug for project lab1 ****
make all 
Building file: ../src/FIleLoader.cpp
Invoking: Cross G++ Compiler
g++ -O0 -g3 -Wall -c -fmessage-length=0 -fopenmp -MMD -MP -MF"src/FIleLoader.d" -MT"src/FIleLoader.o" -o "src/FIleLoader.o" "../src/FIleLoader.cpp"
Finished building: ../src/FIleLoader.cpp
 
Building file: ../src/KNN.cpp
Invoking: Cross G++ Compiler
g++ -O0 -g3 -Wall -c -fmessage-length=0 -fopenmp -MMD -MP -MF"src/KNN.d" -MT"src/KNN.o" -o "src/KNN.o" "../src/KNN.cpp"
../src/KNN.cpp: In member function ‘void KNN::knn()’:
../src/KNN.cpp:29:20: warning: comparison between signed and unsigned integer expressions [-Wsign-compare]
  for (int i = 0; i < testingSet.size(); i++) {
                  ~~^~~~~~~~~~~~~~~~~~~
../src/KNN.cpp: In member function ‘double KNN::getAccuracy()’:
../src/KNN.cpp:38:20: warning: comparison between signed and unsigned integer expressions [-Wsign-compare]
  for (int i = 0; i < testingSet.size(); i++) {
                  ~~^~~~~~~~~~~~~~~~~~~
../src/KNN.cpp: In member function ‘int KNN::calculatePrediction(std::priority_queue<Row, std::vector<Row>, CompareRows>, Row, int)’:
../src/KNN.cpp:52:20: warning: comparison between signed and unsigned integer expressions [-Wsign-compare]
  for (int j = 0; j < trainingSet.size(); j++) {
                  ~~^~~~~~~~~~~~~~~~~~~~
In file included from /usr/include/c++/7/map:60:0,
                 from ../src/KNN.cpp:3:
/usr/include/c++/7/bits/stl_tree.h: In instantiation of ‘void std::_Rb_tree<_Key, _Val, _KeyOfValue, _Compare, _Alloc>::_M_insert_unique(_II, _II) [with _InputIterator = int; _Key = int; _Val = std::pair<const int, int>; _KeyOfValue = std::_Select1st<std::pair<const int, int> >; _Compare = std::less<int>; _Alloc = std::allocator<std::pair<const int, int> >]’:
/usr/include/c++/7/bits/stl_map.h:886:4:   required from ‘void std::map<_Key, _Tp, _Compare, _Alloc>::insert(_InputIterator, _InputIterator) [with _InputIterator = int; _Key = int; _Tp = int; _Compare = std::less<int>; _Alloc = std::allocator<std::pair<const int, int> >]’
../src/KNN.cpp:72:28:   required from here
/usr/include/c++/7/bits/stl_tree.h:2452:29: error: invalid type argument of unary ‘*’ (have ‘int’)
    _M_insert_unique_(end(), *__first, __an);
                             ^~~~~~~~
make: *** [src/KNN.o] Error 1
src/subdir.mk:30: recipe for target 'src/KNN.o' failed
"make all" terminated with exit code 2. Build might be incomplete.
21:17:07 **** Incremental Build of configuration Debug for project lab1 ****
make all 
Building file: ../src/KNN.cpp
Invoking: Cross G++ Compiler
g++ -O0 -g3 -Wall -c -fmessage-length=0 -fopenmp -MMD -MP -MF"src/KNN.d" -MT"src/KNN.o" -o "src/KNN.o" "../src/KNN.cpp"
../src/KNN.cpp: In member function ‘void KNN::knn()’:
../src/KNN.cpp:29:20: warning: comparison between signed and unsigned integer expressions [-Wsign-compare]
  for (int i = 0; i < testingSet.size(); i++) {
                  ~~^~~~~~~~~~~~~~~~~~~
../src/KNN.cpp: In member function ‘double KNN::getAccuracy()’:
../src/KNN.cpp:38:20: warning: comparison between signed and unsigned integer expressions [-Wsign-compare]
  for (int i = 0; i < testingSet.size(); i++) {
                  ~~^~~~~~~~~~~~~~~~~~~
../src/KNN.cpp: In member function ‘int KNN::calculatePrediction(std::priority_queue<Row, std::vector<Row>, CompareRows>, Row, int)’:
../src/KNN.cpp:52:20: warning: comparison between signed and unsigned integer expressions [-Wsign-compare]
  for (int j = 0; j < trainingSet.size(); j++) {
                  ~~^~~~~~~~~~~~~~~~~~~~
../src/KNN.cpp: In member function ‘int KNN::votePrediction(std::priority_queue<Row, std::vector<Row>, CompareRows>, int)’:
../src/KNN.cpp:80:6: warning: unused variable ‘votesNumber’ [-Wunused-variable]
  int votesNumber = 0;
      ^~~~~~~~~~~
Finished building: ../src/KNN.cpp
 
Building file: ../src/Normalization.cpp
Invoking: Cross G++ Compiler
g++ -O0 -g3 -Wall -c -fmessage-length=0 -fopenmp -MMD -MP -MF"src/Normalization.d" -MT"src/Normalization.o" -o "src/Normalization.o" "../src/Normalization.cpp"
../src/Normalization.cpp: In member function ‘void Normalization::normalize()’:
../src/Normalization.cpp:7:20: warning: comparison between signed and unsigned integer expressions [-Wsign-compare]
  for (int i = 0; i < inData.size(); i++) {
                  ~~^~~~~~~~~~~~~~~
../src/Normalization.cpp: In member function ‘void Normalization::findMinMax()’:
../src/Normalization.cpp:21:20: warning: comparison between signed and unsigned integer expressions [-Wsign-compare]
  for (int i = 0; i < inData.size(); i++) {
                  ~~^~~~~~~~~~~~~~~
Finished building: ../src/Normalization.cpp
 
Building file: ../src/Standarization.cpp
Invoking: Cross G++ Compiler
g++ -O0 -g3 -Wall -c -fmessage-length=0 -fopenmp -MMD -MP -MF"src/Standarization.d" -MT"src/Standarization.o" -o "src/Standarization.o" "../src/Standarization.cpp"
../src/Standarization.cpp: In member function ‘void Standarization::standarize()’:
../src/Standarization.cpp:9:20: warning: comparison between signed and unsigned integer expressions [-Wsign-compare]
  for (int i = 0; i < inData.size(); i++) {
                  ~~^~~~~~~~~~~~~~~
../src/Standarization.cpp:7:9: warning: unused variable ‘begin’ [-Wunused-variable]
  double begin = omp_get_wtime();
         ^~~~~
../src/Standarization.cpp:16:9: warning: unused variable ‘end’ [-Wunused-variable]
  double end = omp_get_wtime();
         ^~~
../src/Standarization.cpp: In member function ‘void Standarization::calcDeviation()’:
../src/Standarization.cpp:48:20: warning: comparison between signed and unsigned integer expressions [-Wsign-compare]
  for (int i = 0; i < inData.size(); i++) {
                  ~~^~~~~~~~~~~~~~~
Finished building: ../src/Standarization.cpp
 
Building file: ../src/lab1.cpp
Invoking: Cross G++ Compiler
g++ -O0 -g3 -Wall -c -fmessage-length=0 -fopenmp -MMD -MP -MF"src/lab1.d" -MT"src/lab1.o" -o "src/lab1.o" "../src/lab1.cpp"
Finished building: ../src/lab1.cpp
 
Building target: lab1
Invoking: Cross G++ Linker
g++ -fopenmp -o "lab1"  ./src/FIleLoader.o ./src/KNN.o ./src/Normalization.o ./src/Standarization.o ./src/lab1.o   
Finished building target: lab1
 
21:17:58 **** Incremental Build of configuration Debug for project lab1 ****
make all 
Building file: ../src/KNN.cpp
Invoking: Cross G++ Compiler
g++ -O0 -g3 -Wall -c -fmessage-length=0 -fopenmp -MMD -MP -MF"src/KNN.d" -MT"src/KNN.o" -o "src/KNN.o" "../src/KNN.cpp"
../src/KNN.cpp: In member function ‘void KNN::knn()’:
../src/KNN.cpp:29:20: warning: comparison between signed and unsigned integer expressions [-Wsign-compare]
  for (int i = 0; i < testingSet.size(); i++) {
                  ~~^~~~~~~~~~~~~~~~~~~
../src/KNN.cpp: In member function ‘double KNN::getAccuracy()’:
../src/KNN.cpp:38:20: warning: comparison between signed and unsigned integer expressions [-Wsign-compare]
  for (int i = 0; i < testingSet.size(); i++) {
                  ~~^~~~~~~~~~~~~~~~~~~
../src/KNN.cpp: In member function ‘int KNN::calculatePrediction(std::priority_queue<Row, std::vector<Row>, CompareRows>, Row, int)’:
../src/KNN.cpp:52:20: warning: comparison between signed and unsigned integer expressions [-Wsign-compare]
  for (int j = 0; j < trainingSet.size(); j++) {
                  ~~^~~~~~~~~~~~~~~~~~~~
../src/KNN.cpp: In member function ‘int KNN::votePrediction(std::priority_queue<Row, std::vector<Row>, CompareRows>, int)’:
../src/KNN.cpp:80:6: warning: unused variable ‘votesNumber’ [-Wunused-variable]
  int votesNumber = 0;
      ^~~~~~~~~~~
In file included from /usr/include/c++/7/map:60:0,
                 from ../src/KNN.cpp:3:
/usr/include/c++/7/bits/stl_tree.h: In instantiation of ‘void std::_Rb_tree<_Key, _Val, _KeyOfValue, _Compare, _Alloc>::_M_insert_unique(_II, _II) [with _InputIterator = int; _Key = int; _Val = std::pair<const int, int>; _KeyOfValue = std::_Select1st<std::pair<const int, int> >; _Compare = std::less<int>; _Alloc = std::allocator<std::pair<const int, int> >]’:
/usr/include/c++/7/bits/stl_map.h:886:4:   required from ‘void std::map<_Key, _Tp, _Compare, _Alloc>::insert(_InputIterator, _InputIterator) [with _InputIterator = int; _Key = int; _Tp = int; _Compare = std::less<int>; _Alloc = std::allocator<std::pair<const int, int> >]’
../src/KNN.cpp:72:28:   required from here
/usr/include/c++/7/bits/stl_tree.h:2452:29: error: invalid type argument of unary ‘*’ (have ‘int’)
    _M_insert_unique_(end(), *__first, __an);
                             ^~~~~~~~
src/subdir.mk:30: recipe for target 'src/KNN.o' failed
make: *** [src/KNN.o] Error 1
"make all" terminated with exit code 2. Build might be incomplete.
21:18:13 **** Incremental Build of configuration Debug for project lab1 ****
make all 
Building file: ../src/KNN.cpp
Invoking: Cross G++ Compiler
g++ -O0 -g3 -Wall -c -fmessage-length=0 -fopenmp -MMD -MP -MF"src/KNN.d" -MT"src/KNN.o" -o "src/KNN.o" "../src/KNN.cpp"
../src/KNN.cpp: In member function ‘void KNN::knn()’:
../src/KNN.cpp:29:20: warning: comparison between signed and unsigned integer expressions [-Wsign-compare]
  for (int i = 0; i < testingSet.size(); i++) {
                  ~~^~~~~~~~~~~~~~~~~~~
../src/KNN.cpp: In member function ‘double KNN::getAccuracy()’:
../src/KNN.cpp:38:20: warning: comparison between signed and unsigned integer expressions [-Wsign-compare]
  for (int i = 0; i < testingSet.size(); i++) {
                  ~~^~~~~~~~~~~~~~~~~~~
../src/KNN.cpp: In member function ‘int KNN::calculatePrediction(std::priority_queue<Row, std::vector<Row>, CompareRows>, Row, int)’:
../src/KNN.cpp:52:20: warning: comparison between signed and unsigned integer expressions [-Wsign-compare]
  for (int j = 0; j < trainingSet.size(); j++) {
                  ~~^~~~~~~~~~~~~~~~~~~~
../src/KNN.cpp: In member function ‘int KNN::votePrediction(std::priority_queue<Row, std::vector<Row>, CompareRows>, int)’:
../src/KNN.cpp:80:6: warning: unused variable ‘votesNumber’ [-Wunused-variable]
  int votesNumber = 0;
      ^~~~~~~~~~~
In file included from /usr/include/c++/7/map:60:0,
                 from ../src/KNN.cpp:3:
/usr/include/c++/7/bits/stl_tree.h: In instantiation of ‘void std::_Rb_tree<_Key, _Val, _KeyOfValue, _Compare, _Alloc>::_M_insert_unique(_II, _II) [with _InputIterator = int; _Key = int; _Val = std::pair<const int, int>; _KeyOfValue = std::_Select1st<std::pair<const int, int> >; _Compare = std::less<int>; _Alloc = std::allocator<std::pair<const int, int> >]’:
/usr/include/c++/7/bits/stl_map.h:886:4:   required from ‘void std::map<_Key, _Tp, _Compare, _Alloc>::insert(_InputIterator, _InputIterator) [with _InputIterator = int; _Key = int; _Tp = int; _Compare = std::less<int>; _Alloc = std::allocator<std::pair<const int, int> >]’
../src/KNN.cpp:75:30:   required from here
/usr/include/c++/7/bits/stl_tree.h:2452:29: error: invalid type argument of unary ‘*’ (have ‘int’)
    _M_insert_unique_(end(), *__first, __an);
                             ^~~~~~~~
make: *** [src/KNN.o] Error 1
src/subdir.mk:30: recipe for target 'src/KNN.o' failed
"make all" terminated with exit code 2. Build might be incomplete.
21:18:18 **** Incremental Build of configuration Debug for project lab1 ****
make all 
Building file: ../src/KNN.cpp
Invoking: Cross G++ Compiler
g++ -O0 -g3 -Wall -c -fmessage-length=0 -fopenmp -MMD -MP -MF"src/KNN.d" -MT"src/KNN.o" -o "src/KNN.o" "../src/KNN.cpp"
../src/KNN.cpp: In member function ‘void KNN::knn()’:
../src/KNN.cpp:29:20: warning: comparison between signed and unsigned integer expressions [-Wsign-compare]
  for (int i = 0; i < testingSet.size(); i++) {
                  ~~^~~~~~~~~~~~~~~~~~~
../src/KNN.cpp: In member function ‘double KNN::getAccuracy()’:
../src/KNN.cpp:38:20: warning: comparison between signed and unsigned integer expressions [-Wsign-compare]
  for (int i = 0; i < testingSet.size(); i++) {
                  ~~^~~~~~~~~~~~~~~~~~~
../src/KNN.cpp: In member function ‘int KNN::calculatePrediction(std::priority_queue<Row, std::vector<Row>, CompareRows>, Row, int)’:
../src/KNN.cpp:52:20: warning: comparison between signed and unsigned integer expressions [-Wsign-compare]
  for (int j = 0; j < trainingSet.size(); j++) {
                  ~~^~~~~~~~~~~~~~~~~~~~
../src/KNN.cpp: In member function ‘int KNN::votePrediction(std::priority_queue<Row, std::vector<Row>, CompareRows>, int)’:
../src/KNN.cpp:74:8: warning: unused variable ‘v’ [-Wunused-variable]
    int v = votes.at(category);
        ^
../src/KNN.cpp:80:6: warning: unused variable ‘votesNumber’ [-Wunused-variable]
  int votesNumber = 0;
      ^~~~~~~~~~~
Finished building: ../src/KNN.cpp
 
Building target: lab1
Invoking: Cross G++ Linker
g++ -fopenmp -o "lab1"  ./src/FIleLoader.o ./src/KNN.o ./src/Normalization.o ./src/Standarization.o ./src/lab1.o   
Finished building target: lab1
 
21:19:13 **** Incremental Build of configuration Debug for project lab1 ****
make all 
Building file: ../src/KNN.cpp
Invoking: Cross G++ Compiler
g++ -O0 -g3 -Wall -c -fmessage-length=0 -fopenmp -MMD -MP -MF"src/KNN.d" -MT"src/KNN.o" -o "src/KNN.o" "../src/KNN.cpp"
../src/KNN.cpp: In member function ‘void KNN::knn()’:
../src/KNN.cpp:29:20: warning: comparison between signed and unsigned integer expressions [-Wsign-compare]
  for (int i = 0; i < testingSet.size(); i++) {
                  ~~^~~~~~~~~~~~~~~~~~~
../src/KNN.cpp: In member function ‘double KNN::getAccuracy()’:
../src/KNN.cpp:38:20: warning: comparison between signed and unsigned integer expressions [-Wsign-compare]
  for (int i = 0; i < testingSet.size(); i++) {
                  ~~^~~~~~~~~~~~~~~~~~~
../src/KNN.cpp: In member function ‘int KNN::calculatePrediction(std::priority_queue<Row, std::vector<Row>, CompareRows>, Row, int)’:
../src/KNN.cpp:52:20: warning: comparison between signed and unsigned integer expressions [-Wsign-compare]
  for (int j = 0; j < trainingSet.size(); j++) {
                  ~~^~~~~~~~~~~~~~~~~~~~
Finished building: ../src/KNN.cpp
 
Building target: lab1
Invoking: Cross G++ Linker
g++ -fopenmp -o "lab1"  ./src/FIleLoader.o ./src/KNN.o ./src/Normalization.o ./src/Standarization.o ./src/lab1.o   
Finished building target: lab1
 
21:19:23 **** Incremental Build of configuration Debug for project lab1 ****
make all 
make: Nothing to be done for 'all'.
21:20:07 **** Incremental Build of configuration Debug for project lab1 ****
make all 
Building file: ../src/KNN.cpp
Invoking: Cross G++ Compiler
g++ -O0 -g3 -Wall -c -fmessage-length=0 -fopenmp -MMD -MP -MF"src/KNN.d" -MT"src/KNN.o" -o "src/KNN.o" "../src/KNN.cpp"
../src/KNN.cpp: In member function ‘void KNN::knn()’:
../src/KNN.cpp:29:20: warning: comparison between signed and unsigned integer expressions [-Wsign-compare]
  for (int i = 0; i < testingSet.size(); i++) {
                  ~~^~~~~~~~~~~~~~~~~~~
../src/KNN.cpp: In member function ‘double KNN::getAccuracy()’:
../src/KNN.cpp:38:20: warning: comparison between signed and unsigned integer expressions [-Wsign-compare]
  for (int i = 0; i < testingSet.size(); i++) {
                  ~~^~~~~~~~~~~~~~~~~~~
../src/KNN.cpp: In member function ‘int KNN::calculatePrediction(std::priority_queue<Row, std::vector<Row>, CompareRows>, Row, int)’:
../src/KNN.cpp:52:20: warning: comparison between signed and unsigned integer expressions [-Wsign-compare]
  for (int j = 0; j < trainingSet.size(); j++) {
                  ~~^~~~~~~~~~~~~~~~~~~~
Finished building: ../src/KNN.cpp
 
Building target: lab1
Invoking: Cross G++ Linker
g++ -fopenmp -o "lab1"  ./src/FIleLoader.o ./src/KNN.o ./src/Normalization.o ./src/Standarization.o ./src/lab1.o   
Finished building target: lab1
 
21:20:12 **** Incremental Build of configuration Debug for project lab1 ****
make all 
make: Nothing to be done for 'all'.
21:20:24 **** Incremental Build of configuration Debug for project lab1 ****
make all 
Building file: ../src/KNN.cpp
Invoking: Cross G++ Compiler
g++ -O0 -g3 -Wall -c -fmessage-length=0 -fopenmp -MMD -MP -MF"src/KNN.d" -MT"src/KNN.o" -o "src/KNN.o" "../src/KNN.cpp"
../src/KNN.cpp: In member function ‘void KNN::knn()’:
../src/KNN.cpp:29:20: warning: comparison between signed and unsigned integer expressions [-Wsign-compare]
  for (int i = 0; i < testingSet.size(); i++) {
                  ~~^~~~~~~~~~~~~~~~~~~
../src/KNN.cpp: In member function ‘double KNN::getAccuracy()’:
../src/KNN.cpp:38:20: warning: comparison between signed and unsigned integer expressions [-Wsign-compare]
  for (int i = 0; i < testingSet.size(); i++) {
                  ~~^~~~~~~~~~~~~~~~~~~
../src/KNN.cpp: In member function ‘int KNN::calculatePrediction(std::priority_queue<Row, std::vector<Row>, CompareRows>, Row, int)’:
../src/KNN.cpp:52:20: warning: comparison between signed and unsigned integer expressions [-Wsign-compare]
  for (int j = 0; j < trainingSet.size(); j++) {
                  ~~^~~~~~~~~~~~~~~~~~~~
Finished building: ../src/KNN.cpp
 
Building target: lab1
Invoking: Cross G++ Linker
g++ -fopenmp -o "lab1"  ./src/FIleLoader.o ./src/KNN.o ./src/Normalization.o ./src/Standarization.o ./src/lab1.o   
Finished building target: lab1
 
10:39:33 **** Incremental Build of configuration Debug for project lab1 ****
make all 
Building file: ../src/KNN.cpp
Invoking: Cross G++ Compiler
g++ -O0 -g3 -Wall -c -fmessage-length=0 -fopenmp -MMD -MP -MF"src/KNN.d" -MT"src/KNN.o" -o "src/KNN.o" "../src/KNN.cpp"
../src/KNN.cpp: In member function ‘void KNN::knn()’:
../src/KNN.cpp:29:20: warning: comparison between signed and unsigned integer expressions [-Wsign-compare]
  for (int i = 0; i < testingSet.size(); i++) {
                  ~~^~~~~~~~~~~~~~~~~~~
../src/KNN.cpp: In member function ‘double KNN::getAccuracy()’:
../src/KNN.cpp:38:20: warning: comparison between signed and unsigned integer expressions [-Wsign-compare]
  for (int i = 0; i < testingSet.size(); i++) {
                  ~~^~~~~~~~~~~~~~~~~~~
../src/KNN.cpp: In member function ‘int KNN::calculatePrediction(std::priority_queue<Row, std::vector<Row>, CompareRows>, Row, int)’:
../src/KNN.cpp:52:20: warning: comparison between signed and unsigned integer expressions [-Wsign-compare]
  for (int j = 0; j < trainingSet.size(); j++) {
                  ~~^~~~~~~~~~~~~~~~~~~~
Finished building: ../src/KNN.cpp
 
Building target: lab1
Invoking: Cross G++ Linker
g++ -fopenmp -o "lab1"  ./src/FIleLoader.o ./src/KNN.o ./src/Normalization.o ./src/Standarization.o ./src/lab1.o   
Finished building target: lab1
 
10:39:37 **** Incremental Build of configuration Debug for project lab1 ****
make all 
make: Nothing to be done for 'all'.
11:07:01 **** Incremental Build of configuration Debug for project lab1 ****
make all 
Building file: ../src/Normalization.cpp
Invoking: Cross G++ Compiler
g++ -O0 -g3 -Wall -c -fmessage-length=0 -fopenmp -MMD -MP -MF"src/Normalization.d" -MT"src/Normalization.o" -o "src/Normalization.o" "../src/Normalization.cpp"
../src/Normalization.cpp: In member function ‘void Normalization::normalize()’:
../src/Normalization.cpp:7:20: warning: comparison between signed and unsigned integer expressions [-Wsign-compare]
  for (int i = 0; i < inData.size(); i++) {
                  ~~^~~~~~~~~~~~~~~
../src/Normalization.cpp: In member function ‘void Normalization::findMinMax()’:
../src/Normalization.cpp:21:20: warning: comparison between signed and unsigned integer expressions [-Wsign-compare]
  for (int i = 0; i < inData.size(); i++) {
                  ~~^~~~~~~~~~~~~~~
Finished building: ../src/Normalization.cpp
 
Building file: ../src/lab1.cpp
Invoking: Cross G++ Compiler
g++ -O0 -g3 -Wall -c -fmessage-length=0 -fopenmp -MMD -MP -MF"src/lab1.d" -MT"src/lab1.o" -o "src/lab1.o" "../src/lab1.cpp"
Finished building: ../src/lab1.cpp
 
Building target: lab1
Invoking: Cross G++ Linker
g++ -fopenmp -o "lab1"  ./src/FIleLoader.o ./src/KNN.o ./src/Normalization.o ./src/Standarization.o ./src/lab1.o   
Finished building target: lab1
 
11:08:23 **** Incremental Build of configuration Debug for project lab1 ****
make all 
Building file: ../src/Normalization.cpp
Invoking: Cross G++ Compiler
g++ -O0 -g3 -Wall -c -fmessage-length=0 -fopenmp -MMD -MP -MF"src/Normalization.d" -MT"src/Normalization.o" -o "src/Normalization.o" "../src/Normalization.cpp"
../src/Normalization.cpp: In member function ‘void Normalization::normalize()’:
../src/Normalization.cpp:9:17: error: ‘shared’ is not valid for ‘#pragma omp for’
 #pragma omp for shared(inData,inDataSize,num_of_features,min,max) private(i,j)
                 ^~~~~~
../src/Normalization.cpp:9:75: error: ‘i’ has not been declared
 #pragma omp for shared(inData,inDataSize,num_of_features,min,max) private(i,j)
                                                                           ^
../src/Normalization.cpp:9:77: error: ‘j’ has not been declared
 #pragma omp for shared(inData,inDataSize,num_of_features,min,max) private(i,j)
                                                                             ^
../src/Normalization.cpp:6:6: warning: unused variable ‘num_of_features’ [-Wunused-variable]
  int num_of_features = NUM_OF_FEATURES;
      ^~~~~~~~~~~~~~~
../src/Normalization.cpp: In member function ‘void Normalization::findMinMax()’:
../src/Normalization.cpp:24:20: warning: comparison between signed and unsigned integer expressions [-Wsign-compare]
  for (int i = 0; i < inData.size(); i++) {
                  ~~^~~~~~~~~~~~~~~
src/subdir.mk:30: recipe for target 'src/Normalization.o' failed
make: *** [src/Normalization.o] Error 1
"make all" terminated with exit code 2. Build might be incomplete.
11:08:57 **** Incremental Build of configuration Debug for project lab1 ****
make all 
Building file: ../src/Normalization.cpp
Invoking: Cross G++ Compiler
g++ -O0 -g3 -Wall -c -fmessage-length=0 -fopenmp -MMD -MP -MF"src/Normalization.d" -MT"src/Normalization.o" -o "src/Normalization.o" "../src/Normalization.cpp"
../src/Normalization.cpp: In member function ‘void Normalization::normalize()’:
../src/Normalization.cpp:10:17: error: ‘shared’ is not valid for ‘#pragma omp for’
 #pragma omp for shared(inData,inDataSize,num_of_features,min,max) private(i,j)
                 ^~~~~~
../src/Normalization.cpp:6:6: warning: unused variable ‘num_of_features’ [-Wunused-variable]
  int num_of_features = NUM_OF_FEATURES;
      ^~~~~~~~~~~~~~~
../src/Normalization.cpp: In member function ‘void Normalization::findMinMax()’:
../src/Normalization.cpp:25:20: warning: comparison between signed and unsigned integer expressions [-Wsign-compare]
  for (int i = 0; i < inData.size(); i++) {
                  ~~^~~~~~~~~~~~~~~
src/subdir.mk:30: recipe for target 'src/Normalization.o' failed
make: *** [src/Normalization.o] Error 1
"make all" terminated with exit code 2. Build might be incomplete.
11:09:01 **** Incremental Build of configuration Debug for project lab1 ****
make all 
Building file: ../src/Normalization.cpp
Invoking: Cross G++ Compiler
g++ -O0 -g3 -Wall -c -fmessage-length=0 -fopenmp -MMD -MP -MF"src/Normalization.d" -MT"src/Normalization.o" -o "src/Normalization.o" "../src/Normalization.cpp"
../src/Normalization.cpp: In member function ‘void Normalization::normalize()’:
../src/Normalization.cpp:10:17: error: ‘shared’ is not valid for ‘#pragma omp for’
 #pragma omp for shared(inData,inDataSize,num_of_features,min,max) private(i,j)
                 ^~~~~~
../src/Normalization.cpp:6:6: warning: unused variable ‘num_of_features’ [-Wunused-variable]
  int num_of_features = NUM_OF_FEATURES;
      ^~~~~~~~~~~~~~~
../src/Normalization.cpp: In member function ‘void Normalization::findMinMax()’:
../src/Normalization.cpp:25:20: warning: comparison between signed and unsigned integer expressions [-Wsign-compare]
  for (int i = 0; i < inData.size(); i++) {
                  ~~^~~~~~~~~~~~~~~
src/subdir.mk:30: recipe for target 'src/Normalization.o' failed
make: *** [src/Normalization.o] Error 1
"make all" terminated with exit code 2. Build might be incomplete.
11:09:24 **** Incremental Build of configuration Debug for project lab1 ****
make all 
Building file: ../src/Normalization.cpp
Invoking: Cross G++ Compiler
g++ -O0 -g3 -Wall -c -fmessage-length=0 -fopenmp -MMD -MP -MF"src/Normalization.d" -MT"src/Normalization.o" -o "src/Normalization.o" "../src/Normalization.cpp"
../src/Normalization.cpp: In member function ‘void Normalization::normalize()’:
../src/Normalization.cpp:6:6: warning: unused variable ‘num_of_features’ [-Wunused-variable]
  int num_of_features = NUM_OF_FEATURES;
      ^~~~~~~~~~~~~~~
../src/Normalization.cpp: In member function ‘void Normalization::findMinMax()’:
../src/Normalization.cpp:25:20: warning: comparison between signed and unsigned integer expressions [-Wsign-compare]
  for (int i = 0; i < inData.size(); i++) {
                  ~~^~~~~~~~~~~~~~~
Finished building: ../src/Normalization.cpp
 
Building target: lab1
Invoking: Cross G++ Linker
g++ -fopenmp -o "lab1"  ./src/FIleLoader.o ./src/KNN.o ./src/Normalization.o ./src/Standarization.o ./src/lab1.o   
Finished building target: lab1
 
11:11:50 **** Incremental Build of configuration Debug for project lab1 ****
make all 
Building file: ../src/Normalization.cpp
Invoking: Cross G++ Compiler
g++ -O0 -g3 -Wall -c -fmessage-length=0 -fopenmp -MMD -MP -MF"src/Normalization.d" -MT"src/Normalization.o" -o "src/Normalization.o" "../src/Normalization.cpp"
../src/Normalization.cpp:10:26: error: stray ‘\’ in program
 #pragma omp parallel for \default(none) shared(inData,inDataSize,num_of_features,min,max) private(i,j)
                          ^
../src/Normalization.cpp: In member function ‘void Normalization::normalize()’:
../src/Normalization.cpp:6:6: warning: unused variable ‘num_of_features’ [-Wunused-variable]
  int num_of_features = NUM_OF_FEATURES;
      ^~~~~~~~~~~~~~~
../src/Normalization.cpp: In member function ‘void Normalization::findMinMax()’:
../src/Normalization.cpp:25:20: warning: comparison between signed and unsigned integer expressions [-Wsign-compare]
  for (int i = 0; i < inData.size(); i++) {
                  ~~^~~~~~~~~~~~~~~
make: *** [src/Normalization.o] Error 1
src/subdir.mk:30: recipe for target 'src/Normalization.o' failed
"make all" terminated with exit code 2. Build might be incomplete.
11:12:00 **** Incremental Build of configuration Debug for project lab1 ****
make all 
Building file: ../src/Normalization.cpp
Invoking: Cross G++ Compiler
g++ -O0 -g3 -Wall -c -fmessage-length=0 -fopenmp -MMD -MP -MF"src/Normalization.d" -MT"src/Normalization.o" -o "src/Normalization.o" "../src/Normalization.cpp"
../src/Normalization.cpp:10:26: error: stray ‘\’ in program
 #pragma omp parallel for \default(none) shared(inData,inDataSize,num_of_features,min,max) private(i,j)
                          ^
../src/Normalization.cpp: In member function ‘void Normalization::normalize()’:
../src/Normalization.cpp:6:6: warning: unused variable ‘num_of_features’ [-Wunused-variable]
  int num_of_features = NUM_OF_FEATURES;
      ^~~~~~~~~~~~~~~
../src/Normalization.cpp: In member function ‘void Normalization::findMinMax()’:
../src/Normalization.cpp:25:20: warning: comparison between signed and unsigned integer expressions [-Wsign-compare]
  for (int i = 0; i < inData.size(); i++) {
                  ~~^~~~~~~~~~~~~~~
src/subdir.mk:30: recipe for target 'src/Normalization.o' failed
make: *** [src/Normalization.o] Error 1
"make all" terminated with exit code 2. Build might be incomplete.
11:12:03 **** Incremental Build of configuration Debug for project lab1 ****
make all 
Building file: ../src/Normalization.cpp
Invoking: Cross G++ Compiler
g++ -O0 -g3 -Wall -c -fmessage-length=0 -fopenmp -MMD -MP -MF"src/Normalization.d" -MT"src/Normalization.o" -o "src/Normalization.o" "../src/Normalization.cpp"
../src/Normalization.cpp: In member function ‘void Normalization::normalize()’:
../src/Normalization.cpp:6:6: warning: unused variable ‘num_of_features’ [-Wunused-variable]
  int num_of_features = NUM_OF_FEATURES;
      ^~~~~~~~~~~~~~~
../src/Normalization.cpp: In member function ‘void Normalization::findMinMax()’:
../src/Normalization.cpp:25:20: warning: comparison between signed and unsigned integer expressions [-Wsign-compare]
  for (int i = 0; i < inData.size(); i++) {
                  ~~^~~~~~~~~~~~~~~
Finished building: ../src/Normalization.cpp
 
Building target: lab1
Invoking: Cross G++ Linker
g++ -fopenmp -o "lab1"  ./src/FIleLoader.o ./src/KNN.o ./src/Normalization.o ./src/Standarization.o ./src/lab1.o   
Finished building target: lab1
 
11:12:26 **** Incremental Build of configuration Debug for project lab1 ****
make all 
Building file: ../src/Normalization.cpp
Invoking: Cross G++ Compiler
g++ -O0 -g3 -Wall -c -fmessage-length=0 -fopenmp -MMD -MP -MF"src/Normalization.d" -MT"src/Normalization.o" -o "src/Normalization.o" "../src/Normalization.cpp"
../src/Normalization.cpp: In member function ‘void Normalization::findMinMax()’:
../src/Normalization.cpp:25:20: warning: comparison between signed and unsigned integer expressions [-Wsign-compare]
  for (int i = 0; i < inData.size(); i++) {
                  ~~^~~~~~~~~~~~~~~
Finished building: ../src/Normalization.cpp
 
Building target: lab1
Invoking: Cross G++ Linker
g++ -fopenmp -o "lab1"  ./src/FIleLoader.o ./src/KNN.o ./src/Normalization.o ./src/Standarization.o ./src/lab1.o   
Finished building target: lab1
 
11:14:21 **** Incremental Build of configuration Debug for project lab1 ****
make all 
make: Nothing to be done for 'all'.
11:15:53 **** Incremental Build of configuration Debug for project lab1 ****
make all 
make: Nothing to be done for 'all'.
11:16:04 **** Incremental Build of configuration Debug for project lab1 ****
make all 
Building file: ../src/Standarization.cpp
Invoking: Cross G++ Compiler
g++ -O0 -g3 -Wall -c -fmessage-length=0 -fopenmp -MMD -MP -MF"src/Standarization.d" -MT"src/Standarization.o" -o "src/Standarization.o" "../src/Standarization.cpp"
../src/Standarization.cpp: In member function ‘void Standarization::standarize()’:
../src/Standarization.cpp:10:20: warning: comparison between signed and unsigned integer expressions [-Wsign-compare]
  for (int i = 0; i < inData.size(); i++) {
                  ~~^~~~~~~~~~~~~~~
../src/Standarization.cpp:8:9: warning: unused variable ‘begin’ [-Wunused-variable]
  double begin = omp_get_wtime();
         ^~~~~
../src/Standarization.cpp:17:9: warning: unused variable ‘end’ [-Wunused-variable]
  double end = omp_get_wtime();
         ^~~
../src/Standarization.cpp: In member function ‘void Standarization::calcAverage()’:
../src/Standarization.cpp:28:34: error: ‘size’ has not been declared
  #pragma omp parallel for shared(size,sum,featureSize,inData,inDataSize) private(i,j)
                                  ^~~~
../src/Standarization.cpp: In member function ‘void Standarization::calcDeviation()’:
../src/Standarization.cpp:48:20: warning: comparison between signed and unsigned integer expressions [-Wsign-compare]
  for (int i = 0; i < inData.size(); i++) {
                  ~~^~~~~~~~~~~~~~~
make: *** [src/Standarization.o] Error 1
src/subdir.mk:30: recipe for target 'src/Standarization.o' failed
"make all" terminated with exit code 2. Build might be incomplete.
11:16:53 **** Incremental Build of configuration Debug for project lab1 ****
make all 
Building file: ../src/Standarization.cpp
Invoking: Cross G++ Compiler
g++ -O0 -g3 -Wall -c -fmessage-length=0 -fopenmp -MMD -MP -MF"src/Standarization.d" -MT"src/Standarization.o" -o "src/Standarization.o" "../src/Standarization.cpp"
../src/Standarization.cpp: In member function ‘void Standarization::standarize()’:
../src/Standarization.cpp:10:20: warning: comparison between signed and unsigned integer expressions [-Wsign-compare]
  for (int i = 0; i < inData.size(); i++) {
                  ~~^~~~~~~~~~~~~~~
../src/Standarization.cpp:8:9: warning: unused variable ‘begin’ [-Wunused-variable]
  double begin = omp_get_wtime();
         ^~~~~
../src/Standarization.cpp:17:9: warning: unused variable ‘end’ [-Wunused-variable]
  double end = omp_get_wtime();
         ^~~
../src/Standarization.cpp: In member function ‘void Standarization::calcAverage()’:
../src/Standarization.cpp:28:34: error: ‘size’ has not been declared
  #pragma omp parallel for shared(size,sum,inData,inDataSize) private(i,j)
                                  ^~~~
../src/Standarization.cpp: In member function ‘void Standarization::calcDeviation()’:
../src/Standarization.cpp:48:20: warning: comparison between signed and unsigned integer expressions [-Wsign-compare]
  for (int i = 0; i < inData.size(); i++) {
                  ~~^~~~~~~~~~~~~~~
make: *** [src/Standarization.o] Error 1
src/subdir.mk:30: recipe for target 'src/Standarization.o' failed
"make all" terminated with exit code 2. Build might be incomplete.
11:17:28 **** Incremental Build of configuration Debug for project lab1 ****
make all 
Building file: ../src/Standarization.cpp
Invoking: Cross G++ Compiler
g++ -O0 -g3 -Wall -c -fmessage-length=0 -fopenmp -MMD -MP -MF"src/Standarization.d" -MT"src/Standarization.o" -o "src/Standarization.o" "../src/Standarization.cpp"
../src/Standarization.cpp: In member function ‘void Standarization::standarize()’:
../src/Standarization.cpp:10:20: warning: comparison between signed and unsigned integer expressions [-Wsign-compare]
  for (int i = 0; i < inData.size(); i++) {
                  ~~^~~~~~~~~~~~~~~
../src/Standarization.cpp:8:9: warning: unused variable ‘begin’ [-Wunused-variable]
  double begin = omp_get_wtime();
         ^~~~~
../src/Standarization.cpp:17:9: warning: unused variable ‘end’ [-Wunused-variable]
  double end = omp_get_wtime();
         ^~~
../src/Standarization.cpp: In member function ‘void Standarization::calcAverage()’:
../src/Standarization.cpp:28:56: error: ‘num_of_feature’ has not been declared
  #pragma omp parallel for shared(sum,inData,inDataSize,num_of_feature) private(i,j)
                                                        ^~~~~~~~~~~~~~
../src/Standarization.cpp: In member function ‘void Standarization::calcDeviation()’:
../src/Standarization.cpp:48:20: warning: comparison between signed and unsigned integer expressions [-Wsign-compare]
  for (int i = 0; i < inData.size(); i++) {
                  ~~^~~~~~~~~~~~~~~
make: *** [src/Standarization.o] Error 1
src/subdir.mk:30: recipe for target 'src/Standarization.o' failed
"make all" terminated with exit code 2. Build might be incomplete.
11:17:37 **** Incremental Build of configuration Debug for project lab1 ****
make all 
Building file: ../src/Standarization.cpp
Invoking: Cross G++ Compiler
g++ -O0 -g3 -Wall -c -fmessage-length=0 -fopenmp -MMD -MP -MF"src/Standarization.d" -MT"src/Standarization.o" -o "src/Standarization.o" "../src/Standarization.cpp"
../src/Standarization.cpp: In member function ‘void Standarization::standarize()’:
../src/Standarization.cpp:10:20: warning: comparison between signed and unsigned integer expressions [-Wsign-compare]
  for (int i = 0; i < inData.size(); i++) {
                  ~~^~~~~~~~~~~~~~~
../src/Standarization.cpp:8:9: warning: unused variable ‘begin’ [-Wunused-variable]
  double begin = omp_get_wtime();
         ^~~~~
../src/Standarization.cpp:17:9: warning: unused variable ‘end’ [-Wunused-variable]
  double end = omp_get_wtime();
         ^~~
../src/Standarization.cpp: In member function ‘void Standarization::calcAverage()’:
../src/Standarization.cpp:28:56: error: ‘num_of_feature’ has not been declared
  #pragma omp parallel for shared(sum,inData,inDataSize,num_of_feature) private(i,j)
                                                        ^~~~~~~~~~~~~~
../src/Standarization.cpp: In member function ‘void Standarization::calcDeviation()’:
../src/Standarization.cpp:48:20: warning: comparison between signed and unsigned integer expressions [-Wsign-compare]
  for (int i = 0; i < inData.size(); i++) {
                  ~~^~~~~~~~~~~~~~~
make: *** [src/Standarization.o] Error 1
src/subdir.mk:30: recipe for target 'src/Standarization.o' failed
"make all" terminated with exit code 2. Build might be incomplete.
11:17:40 **** Incremental Build of configuration Debug for project lab1 ****
make all 
Building file: ../src/Standarization.cpp
Invoking: Cross G++ Compiler
g++ -O0 -g3 -Wall -c -fmessage-length=0 -fopenmp -MMD -MP -MF"src/Standarization.d" -MT"src/Standarization.o" -o "src/Standarization.o" "../src/Standarization.cpp"
../src/Standarization.cpp: In member function ‘void Standarization::standarize()’:
../src/Standarization.cpp:10:20: warning: comparison between signed and unsigned integer expressions [-Wsign-compare]
  for (int i = 0; i < inData.size(); i++) {
                  ~~^~~~~~~~~~~~~~~
../src/Standarization.cpp:8:9: warning: unused variable ‘begin’ [-Wunused-variable]
  double begin = omp_get_wtime();
         ^~~~~
../src/Standarization.cpp:17:9: warning: unused variable ‘end’ [-Wunused-variable]
  double end = omp_get_wtime();
         ^~~
../src/Standarization.cpp: In member function ‘void Standarization::calcDeviation()’:
../src/Standarization.cpp:48:20: warning: comparison between signed and unsigned integer expressions [-Wsign-compare]
  for (int i = 0; i < inData.size(); i++) {
                  ~~^~~~~~~~~~~~~~~
Finished building: ../src/Standarization.cpp
 
Building file: ../src/lab1.cpp
Invoking: Cross G++ Compiler
g++ -O0 -g3 -Wall -c -fmessage-length=0 -fopenmp -MMD -MP -MF"src/lab1.d" -MT"src/lab1.o" -o "src/lab1.o" "../src/lab1.cpp"
Finished building: ../src/lab1.cpp
 
Building target: lab1
Invoking: Cross G++ Linker
g++ -fopenmp -o "lab1"  ./src/FIleLoader.o ./src/KNN.o ./src/Normalization.o ./src/Standarization.o ./src/lab1.o   
Finished building target: lab1
 
11:20:20 **** Incremental Build of configuration Debug for project lab1 ****
make all 
Building file: ../src/Standarization.cpp
Invoking: Cross G++ Compiler
g++ -O0 -g3 -Wall -c -fmessage-length=0 -fopenmp -MMD -MP -MF"src/Standarization.d" -MT"src/Standarization.o" -o "src/Standarization.o" "../src/Standarization.cpp"
../src/Standarization.cpp: In member function ‘void Standarization::standarize()’:
../src/Standarization.cpp:10:20: warning: comparison between signed and unsigned integer expressions [-Wsign-compare]
  for (int i = 0; i < inData.size(); i++) {
                  ~~^~~~~~~~~~~~~~~
../src/Standarization.cpp:8:9: warning: unused variable ‘begin’ [-Wunused-variable]
  double begin = omp_get_wtime();
         ^~~~~
../src/Standarization.cpp:17:9: warning: unused variable ‘end’ [-Wunused-variable]
  double end = omp_get_wtime();
         ^~~
../src/Standarization.cpp: In member function ‘void Standarization::calcAverage()’:
../src/Standarization.cpp:25:9: warning: unused variable ‘begin’ [-Wunused-variable]
  double begin = omp_get_wtime();
         ^~~~~
../src/Standarization.cpp:34:9: warning: unused variable ‘end’ [-Wunused-variable]
  double end = omp_get_wtime();
         ^~~
../src/Standarization.cpp: In member function ‘void Standarization::calcDeviation()’:
../src/Standarization.cpp:46:93: error: ‘i’ has not been declared
  #pragma omp parallel for default(none) shared(inData,variation,average,inDataSize) private(i,j)
                                                                                             ^
../src/Standarization.cpp:46:95: error: ‘j’ has not been declared
  #pragma omp parallel for default(none) shared(inData,variation,average,inDataSize) private(i,j)
                                                                                               ^
../src/Standarization.cpp:48:21: error: ‘num_of_features’ not specified in enclosing ‘parallel’
   for (int j = 0; j < num_of_features; j++) {
                   ~~^~~~~~~~~~~~~~~~~
../src/Standarization.cpp:46:10: error: enclosing ‘parallel’
  #pragma omp parallel for default(none) shared(inData,variation,average,inDataSize) private(i,j)
          ^~~
src/subdir.mk:30: recipe for target 'src/Standarization.o' failed
make: *** [src/Standarization.o] Error 1
"make all" terminated with exit code 2. Build might be incomplete.
11:21:52 **** Incremental Build of configuration Debug for project lab1 ****
make all 
Building file: ../src/Standarization.cpp
Invoking: Cross G++ Compiler
g++ -O0 -g3 -Wall -c -fmessage-length=0 -fopenmp -MMD -MP -MF"src/Standarization.d" -MT"src/Standarization.o" -o "src/Standarization.o" "../src/Standarization.cpp"
../src/Standarization.cpp: In member function ‘void Standarization::standarize()’:
../src/Standarization.cpp:10:20: warning: comparison between signed and unsigned integer expressions [-Wsign-compare]
  for (int i = 0; i < inData.size(); i++) {
                  ~~^~~~~~~~~~~~~~~
../src/Standarization.cpp:8:9: warning: unused variable ‘begin’ [-Wunused-variable]
  double begin = omp_get_wtime();
         ^~~~~
../src/Standarization.cpp:17:9: warning: unused variable ‘end’ [-Wunused-variable]
  double end = omp_get_wtime();
         ^~~
../src/Standarization.cpp: In member function ‘void Standarization::calcAverage()’:
../src/Standarization.cpp:25:9: warning: unused variable ‘begin’ [-Wunused-variable]
  double begin = omp_get_wtime();
         ^~~~~
../src/Standarization.cpp:34:9: warning: unused variable ‘end’ [-Wunused-variable]
  double end = omp_get_wtime();
         ^~~
Finished building: ../src/Standarization.cpp
 
Building target: lab1
Invoking: Cross G++ Linker
g++ -fopenmp -o "lab1"  ./src/FIleLoader.o ./src/KNN.o ./src/Normalization.o ./src/Standarization.o ./src/lab1.o   
Finished building target: lab1
 
11:22:29 **** Incremental Build of configuration Debug for project lab1 ****
make all 
Building file: ../src/Standarization.cpp
Invoking: Cross G++ Compiler
g++ -O0 -g3 -Wall -c -fmessage-length=0 -fopenmp -MMD -MP -MF"src/Standarization.d" -MT"src/Standarization.o" -o "src/Standarization.o" "../src/Standarization.cpp"
../src/Standarization.cpp: In member function ‘void Standarization::standarize()’:
../src/Standarization.cpp:10:20: warning: comparison between signed and unsigned integer expressions [-Wsign-compare]
  for (int i = 0; i < inData.size(); i++) {
                  ~~^~~~~~~~~~~~~~~
../src/Standarization.cpp:8:9: warning: unused variable ‘begin’ [-Wunused-variable]
  double begin = omp_get_wtime();
         ^~~~~
../src/Standarization.cpp:17:9: warning: unused variable ‘end’ [-Wunused-variable]
  double end = omp_get_wtime();
         ^~~
../src/Standarization.cpp: In member function ‘void Standarization::calcAverage()’:
../src/Standarization.cpp:25:9: warning: unused variable ‘begin’ [-Wunused-variable]
  double begin = omp_get_wtime();
         ^~~~~
../src/Standarization.cpp:34:9: warning: unused variable ‘end’ [-Wunused-variable]
  double end = omp_get_wtime();
         ^~~
Finished building: ../src/Standarization.cpp
 
Building file: ../src/lab1.cpp
Invoking: Cross G++ Compiler
g++ -O0 -g3 -Wall -c -fmessage-length=0 -fopenmp -MMD -MP -MF"src/lab1.d" -MT"src/lab1.o" -o "src/lab1.o" "../src/lab1.cpp"
Finished building: ../src/lab1.cpp
 
Building target: lab1
Invoking: Cross G++ Linker
g++ -fopenmp -o "lab1"  ./src/FIleLoader.o ./src/KNN.o ./src/Normalization.o ./src/Standarization.o ./src/lab1.o   
Finished building target: lab1
 
11:26:14 **** Incremental Build of configuration Debug for project lab1 ****
make all 
Building file: ../src/Standarization.cpp
Invoking: Cross G++ Compiler
g++ -O0 -g3 -Wall -c -fmessage-length=0 -fopenmp -MMD -MP -MF"src/Standarization.d" -MT"src/Standarization.o" -o "src/Standarization.o" "../src/Standarization.cpp"
../src/Standarization.cpp: In member function ‘void Standarization::standarize()’:
../src/Standarization.cpp:10:20: warning: comparison between signed and unsigned integer expressions [-Wsign-compare]
  for (int i = 0; i < inData.size(); i++) {
                  ~~^~~~~~~~~~~~~~~
../src/Standarization.cpp:8:9: warning: unused variable ‘begin’ [-Wunused-variable]
  double begin = omp_get_wtime();
         ^~~~~
../src/Standarization.cpp:17:9: warning: unused variable ‘end’ [-Wunused-variable]
  double end = omp_get_wtime();
         ^~~
Finished building: ../src/Standarization.cpp
 
Building target: lab1
Invoking: Cross G++ Linker
g++ -fopenmp -o "lab1"  ./src/FIleLoader.o ./src/KNN.o ./src/Normalization.o ./src/Standarization.o ./src/lab1.o   
Finished building target: lab1
 
11:32:06 **** Incremental Build of configuration Debug for project lab1 ****
make all 
Building file: ../src/Standarization.cpp
Invoking: Cross G++ Compiler
g++ -O0 -g3 -Wall -c -fmessage-length=0 -fopenmp -MMD -MP -MF"src/Standarization.d" -MT"src/Standarization.o" -o "src/Standarization.o" "../src/Standarization.cpp"
../src/Standarization.cpp:61:0: warning: ignoring #pragma om parallel [-Wunknown-pragmas]
  #pragma om parallel for default(none) shared(num_of_features,deviation,variation) private(j)
 
../src/Standarization.cpp: In function ‘double getAverageCalcTime()’:
../src/Standarization.cpp:78:9: error: ‘averageCalcTime’ was not declared in this scope
  return averageCalcTime;
         ^~~~~~~~~~~~~~~
../src/Standarization.cpp:78:9: note: suggested alternative: ‘getAverageCalcTime’
  return averageCalcTime;
         ^~~~~~~~~~~~~~~
         getAverageCalcTime
../src/Standarization.cpp: In function ‘double getStandarizationTIme()’:
../src/Standarization.cpp:81:9: error: ‘standarizationTime’ was not declared in this scope
  return standarizationTime;
         ^~~~~~~~~~~~~~~~~~
../src/Standarization.cpp:81:9: note: suggested alternative: ‘getStandarizationTIme’
  return standarizationTime;
         ^~~~~~~~~~~~~~~~~~
         getStandarizationTIme
../src/Standarization.cpp: In member function ‘void Standarization::standarize()’:
../src/Standarization.cpp:14:17: error: ‘num_of_features’ not specified in enclosing ‘parallel’
   for (j = 0; j < num_of_features; j++) {
               ~~^~~~~~~~~~~~~~~~~
../src/Standarization.cpp:12:10: error: enclosing ‘parallel’
  #pragma omp parallel for default(none) shared (inDataSize,inData,average,deviation) private(i,j)
          ^~~
make: *** [src/Standarization.o] Error 1
src/subdir.mk:30: recipe for target 'src/Standarization.o' failed
"make all" terminated with exit code 2. Build might be incomplete.
11:32:22 **** Incremental Build of configuration Debug for project lab1 ****
make all 
Building file: ../src/Standarization.cpp
Invoking: Cross G++ Compiler
g++ -O0 -g3 -Wall -c -fmessage-length=0 -fopenmp -MMD -MP -MF"src/Standarization.d" -MT"src/Standarization.o" -o "src/Standarization.o" "../src/Standarization.cpp"
../src/Standarization.cpp:61:0: warning: ignoring #pragma om parallel [-Wunknown-pragmas]
  #pragma om parallel for default(none) shared(num_of_features,deviation,variation) private(j)
 
../src/Standarization.cpp: In member function ‘void Standarization::standarize()’:
../src/Standarization.cpp:14:17: error: ‘num_of_features’ not specified in enclosing ‘parallel’
   for (j = 0; j < num_of_features; j++) {
               ~~^~~~~~~~~~~~~~~~~
../src/Standarization.cpp:12:10: error: enclosing ‘parallel’
  #pragma omp parallel for default(none) shared (inDataSize,inData,average,deviation) private(i,j)
          ^~~
make: *** [src/Standarization.o] Error 1
src/subdir.mk:30: recipe for target 'src/Standarization.o' failed
"make all" terminated with exit code 2. Build might be incomplete.
11:32:34 **** Incremental Build of configuration Debug for project lab1 ****
make all 
Building file: ../src/Standarization.cpp
Invoking: Cross G++ Compiler
g++ -O0 -g3 -Wall -c -fmessage-length=0 -fopenmp -MMD -MP -MF"src/Standarization.d" -MT"src/Standarization.o" -o "src/Standarization.o" "../src/Standarization.cpp"
../src/Standarization.cpp:61:0: warning: ignoring #pragma om parallel [-Wunknown-pragmas]
  #pragma om parallel for default(none) shared(num_of_features,deviation,variation) private(j)
 
../src/Standarization.cpp: In member function ‘void Standarization::standarize()’:
../src/Standarization.cpp:14:17: error: ‘num_of_features’ not specified in enclosing ‘parallel’
   for (j = 0; j < num_of_features; j++) {
               ~~^~~~~~~~~~~~~~~~~
../src/Standarization.cpp:12:10: error: enclosing ‘parallel’
  #pragma omp parallel for default(none) shared (inDataSize,inData,average,deviation) private(i,j)
          ^~~
src/subdir.mk:30: recipe for target 'src/Standarization.o' failed
make: *** [src/Standarization.o] Error 1
"make all" terminated with exit code 2. Build might be incomplete.
11:32:47 **** Incremental Build of configuration Debug for project lab1 ****
make all 
Building file: ../src/Standarization.cpp
Invoking: Cross G++ Compiler
g++ -O0 -g3 -Wall -c -fmessage-length=0 -fopenmp -MMD -MP -MF"src/Standarization.d" -MT"src/Standarization.o" -o "src/Standarization.o" "../src/Standarization.cpp"
../src/Standarization.cpp: In member function ‘void Standarization::standarize()’:
../src/Standarization.cpp:14:17: error: ‘num_of_features’ not specified in enclosing ‘parallel’
   for (j = 0; j < num_of_features; j++) {
               ~~^~~~~~~~~~~~~~~~~
../src/Standarization.cpp:12:10: error: enclosing ‘parallel’
  #pragma omp parallel for default(none) shared (inDataSize,inData,average,deviation) private(i,j)
          ^~~
src/subdir.mk:30: recipe for target 'src/Standarization.o' failed
make: *** [src/Standarization.o] Error 1
"make all" terminated with exit code 2. Build might be incomplete.
11:33:53 **** Incremental Build of configuration Debug for project lab1 ****
make all 
Building file: ../src/Normalization.cpp
Invoking: Cross G++ Compiler
g++ -O0 -g3 -Wall -c -fmessage-length=0 -fopenmp -MMD -MP -MF"src/Normalization.d" -MT"src/Normalization.o" -o "src/Normalization.o" "../src/Normalization.cpp"
../src/Normalization.cpp: In member function ‘void Normalization::findMinMax()’:
../src/Normalization.cpp:23:6: warning: unused variable ‘i’ [-Wunused-variable]
  int i, j;
      ^
../src/Normalization.cpp:23:9: warning: unused variable ‘j’ [-Wunused-variable]
  int i, j;
         ^
Finished building: ../src/Normalization.cpp
 
Building file: ../src/Standarization.cpp
Invoking: Cross G++ Compiler
g++ -O0 -g3 -Wall -c -fmessage-length=0 -fopenmp -MMD -MP -MF"src/Standarization.d" -MT"src/Standarization.o" -o "src/Standarization.o" "../src/Standarization.cpp"
../src/Standarization.cpp: In member function ‘void Standarization::standarize()’:
../src/Standarization.cpp:14:17: error: ‘num_of_features’ not specified in enclosing ‘parallel’
   for (j = 0; j < num_of_features; j++) {
               ~~^~~~~~~~~~~~~~~~~
../src/Standarization.cpp:12:10: error: enclosing ‘parallel’
  #pragma omp parallel for default(none) shared (inDataSize,inData,average,deviation) private(i,j)
          ^~~
src/subdir.mk:30: recipe for target 'src/Standarization.o' failed
make: *** [src/Standarization.o] Error 1
"make all" terminated with exit code 2. Build might be incomplete.
11:34:40 **** Incremental Build of configuration Debug for project lab1 ****
make all 
Building file: ../src/Standarization.cpp
Invoking: Cross G++ Compiler
g++ -O0 -g3 -Wall -c -fmessage-length=0 -fopenmp -MMD -MP -MF"src/Standarization.d" -MT"src/Standarization.o" -o "src/Standarization.o" "../src/Standarization.cpp"
../src/Standarization.cpp: In member function ‘void Standarization::standarize()’:
../src/Standarization.cpp:12:85: error: ‘num_of_featues’ has not been declared
  #pragma omp parallel for default(none) shared (inDataSize,inData,average,deviation,num_of_featues) private(i,j)
                                                                                     ^~~~~~~~~~~~~~
../src/Standarization.cpp:14:17: error: ‘num_of_features’ not specified in enclosing ‘parallel’
   for (j = 0; j < num_of_features; j++) {
               ~~^~~~~~~~~~~~~~~~~
../src/Standarization.cpp:12:10: error: enclosing ‘parallel’
  #pragma omp parallel for default(none) shared (inDataSize,inData,average,deviation,num_of_featues) private(i,j)
          ^~~
make: *** [src/Standarization.o] Error 1
src/subdir.mk:30: recipe for target 'src/Standarization.o' failed
"make all" terminated with exit code 2. Build might be incomplete.
11:34:56 **** Incremental Build of configuration Debug for project lab1 ****
make all 
Building file: ../src/Standarization.cpp
Invoking: Cross G++ Compiler
g++ -O0 -g3 -Wall -c -fmessage-length=0 -fopenmp -MMD -MP -MF"src/Standarization.d" -MT"src/Standarization.o" -o "src/Standarization.o" "../src/Standarization.cpp"
../src/Standarization.cpp: In member function ‘void Standarization::standarize()’:
../src/Standarization.cpp:14:10: error: ‘j’ not specified in enclosing ‘parallel’
   for (j = 0; j < num_of_features; j++) {
        ~~^~~
../src/Standarization.cpp:12:10: error: enclosing ‘parallel’
  #pragma omp parallel for default(none)
          ^~~
../src/Standarization.cpp:14:17: error: ‘num_of_features’ not specified in enclosing ‘parallel’
   for (j = 0; j < num_of_features; j++) {
               ~~^~~~~~~~~~~~~~~~~
../src/Standarization.cpp:12:10: error: enclosing ‘parallel’
  #pragma omp parallel for default(none)
          ^~~
make: *** [src/Standarization.o] Error 1
src/subdir.mk:30: recipe for target 'src/Standarization.o' failed
"make all" terminated with exit code 2. Build might be incomplete.
11:35:18 **** Incremental Build of configuration Debug for project lab1 ****
make all 
Building file: ../src/Standarization.cpp
Invoking: Cross G++ Compiler
g++ -O0 -g3 -Wall -c -fmessage-length=0 -fopenmp -MMD -MP -MF"src/Standarization.d" -MT"src/Standarization.o" -o "src/Standarization.o" "../src/Standarization.cpp"
Finished building: ../src/Standarization.cpp
 
Building file: ../src/lab1.cpp
Invoking: Cross G++ Compiler
g++ -O0 -g3 -Wall -c -fmessage-length=0 -fopenmp -MMD -MP -MF"src/lab1.d" -MT"src/lab1.o" -o "src/lab1.o" "../src/lab1.cpp"
Finished building: ../src/lab1.cpp
 
Building target: lab1
Invoking: Cross G++ Linker
g++ -fopenmp -o "lab1"  ./src/FIleLoader.o ./src/KNN.o ./src/Normalization.o ./src/Standarization.o ./src/lab1.o   
Finished building target: lab1
 
11:35:26 **** Incremental Build of configuration Debug for project lab1 ****
make all 
Building file: ../src/Standarization.cpp
Invoking: Cross G++ Compiler
g++ -O0 -g3 -Wall -c -fmessage-length=0 -fopenmp -MMD -MP -MF"src/Standarization.d" -MT"src/Standarization.o" -o "src/Standarization.o" "../src/Standarization.cpp"
../src/Standarization.cpp: In member function ‘void Standarization::standarize()’:
../src/Standarization.cpp:12:85: error: ‘num_of_featues’ has not been declared
  #pragma omp parallel for default(none) shared (inDataSize,inData,average,deviation,num_of_featues) private(i,j)
                                                                                     ^~~~~~~~~~~~~~
../src/Standarization.cpp:14:17: error: ‘num_of_features’ not specified in enclosing ‘parallel’
   for (j = 0; j < num_of_features; j++) {
               ~~^~~~~~~~~~~~~~~~~
../src/Standarization.cpp:12:10: error: enclosing ‘parallel’
  #pragma omp parallel for default(none) shared (inDataSize,inData,average,deviation,num_of_featues) private(i,j)
          ^~~
make: *** [src/Standarization.o] Error 1
src/subdir.mk:30: recipe for target 'src/Standarization.o' failed
"make all" terminated with exit code 2. Build might be incomplete.
11:35:44 **** Incremental Build of configuration Debug for project lab1 ****
make all 
Building file: ../src/Standarization.cpp
Invoking: Cross G++ Compiler
g++ -O0 -g3 -Wall -c -fmessage-length=0 -fopenmp -MMD -MP -MF"src/Standarization.d" -MT"src/Standarization.o" -o "src/Standarization.o" "../src/Standarization.cpp"
../src/Standarization.cpp: In member function ‘void Standarization::standarize()’:
../src/Standarization.cpp:12:85: error: ‘num_of_featues’ has not been declared
  #pragma omp parallel for default(none) shared (inDataSize,inData,average,deviation,num_of_featues) private(i,j)
                                                                                     ^~~~~~~~~~~~~~
../src/Standarization.cpp:14:17: error: ‘num_of_features’ not specified in enclosing ‘parallel’
   for (j = 0; j < num_of_features; j++) {
               ~~^~~~~~~~~~~~~~~~~
../src/Standarization.cpp:12:10: error: enclosing ‘parallel’
  #pragma omp parallel for default(none) shared (inDataSize,inData,average,deviation,num_of_featues) private(i,j)
          ^~~
make: *** [src/Standarization.o] Error 1
src/subdir.mk:30: recipe for target 'src/Standarization.o' failed
"make all" terminated with exit code 2. Build might be incomplete.
11:36:15 **** Incremental Build of configuration Debug for project lab1 ****
make all 
Building file: ../src/Standarization.cpp
Invoking: Cross G++ Compiler
g++ -O0 -g3 -Wall -c -fmessage-length=0 -fopenmp -MMD -MP -MF"src/Standarization.d" -MT"src/Standarization.o" -o "src/Standarization.o" "../src/Standarization.cpp"
Finished building: ../src/Standarization.cpp
 
Building target: lab1
Invoking: Cross G++ Linker
g++ -fopenmp -o "lab1"  ./src/FIleLoader.o ./src/KNN.o ./src/Normalization.o ./src/Standarization.o ./src/lab1.o   
Finished building target: lab1
 
11:36:27 **** Incremental Build of configuration Debug for project lab1 ****
make all 
Building file: ../src/Standarization.cpp
Invoking: Cross G++ Compiler
g++ -O0 -g3 -Wall -c -fmessage-length=0 -fopenmp -MMD -MP -MF"src/Standarization.d" -MT"src/Standarization.o" -o "src/Standarization.o" "../src/Standarization.cpp"
Finished building: ../src/Standarization.cpp
 
Building target: lab1
Invoking: Cross G++ Linker
g++ -fopenmp -o "lab1"  ./src/FIleLoader.o ./src/KNN.o ./src/Normalization.o ./src/Standarization.o ./src/lab1.o   
Finished building target: lab1
 
11:36:36 **** Incremental Build of configuration Debug for project lab1 ****
make all 
make: Nothing to be done for 'all'.
11:36:37 **** Incremental Build of configuration Debug for project lab1 ****
make all 
make: Nothing to be done for 'all'.
11:36:39 **** Incremental Build of configuration Debug for project lab1 ****
make all 
Building file: ../src/Standarization.cpp
Invoking: Cross G++ Compiler
g++ -O0 -g3 -Wall -c -fmessage-length=0 -fopenmp -MMD -MP -MF"src/Standarization.d" -MT"src/Standarization.o" -o "src/Standarization.o" "../src/Standarization.cpp"
Finished building: ../src/Standarization.cpp
 
Building target: lab1
Invoking: Cross G++ Linker
g++ -fopenmp -o "lab1"  ./src/FIleLoader.o ./src/KNN.o ./src/Normalization.o ./src/Standarization.o ./src/lab1.o   
Finished building target: lab1
 
11:37:06 **** Incremental Build of configuration Debug for project lab1 ****
make all 
Building file: ../src/Standarization.cpp
Invoking: Cross G++ Compiler
g++ -O0 -g3 -Wall -c -fmessage-length=0 -fopenmp -MMD -MP -MF"src/Standarization.d" -MT"src/Standarization.o" -o "src/Standarization.o" "../src/Standarization.cpp"
Finished building: ../src/Standarization.cpp
 
Building target: lab1
Invoking: Cross G++ Linker
g++ -fopenmp -o "lab1"  ./src/FIleLoader.o ./src/KNN.o ./src/Normalization.o ./src/Standarization.o ./src/lab1.o   
Finished building target: lab1
 
11:37:15 **** Incremental Build of configuration Debug for project lab1 ****
make all 
Building file: ../src/Standarization.cpp
Invoking: Cross G++ Compiler
g++ -O0 -g3 -Wall -c -fmessage-length=0 -fopenmp -MMD -MP -MF"src/Standarization.d" -MT"src/Standarization.o" -o "src/Standarization.o" "../src/Standarization.cpp"
Finished building: ../src/Standarization.cpp
 
Building target: lab1
Invoking: Cross G++ Linker
g++ -fopenmp -o "lab1"  ./src/FIleLoader.o ./src/KNN.o ./src/Normalization.o ./src/Standarization.o ./src/lab1.o   
Finished building target: lab1
 
11:37:25 **** Incremental Build of configuration Debug for project lab1 ****
make all 
Building file: ../src/Standarization.cpp
Invoking: Cross G++ Compiler
g++ -O0 -g3 -Wall -c -fmessage-length=0 -fopenmp -MMD -MP -MF"src/Standarization.d" -MT"src/Standarization.o" -o "src/Standarization.o" "../src/Standarization.cpp"
Finished building: ../src/Standarization.cpp
 
Building target: lab1
Invoking: Cross G++ Linker
g++ -fopenmp -o "lab1"  ./src/FIleLoader.o ./src/KNN.o ./src/Normalization.o ./src/Standarization.o ./src/lab1.o   
Finished building target: lab1
 
11:37:42 **** Incremental Build of configuration Debug for project lab1 ****
make all 
Building file: ../src/Standarization.cpp
Invoking: Cross G++ Compiler
g++ -O0 -g3 -Wall -c -fmessage-length=0 -fopenmp -MMD -MP -MF"src/Standarization.d" -MT"src/Standarization.o" -o "src/Standarization.o" "../src/Standarization.cpp"
Finished building: ../src/Standarization.cpp
 
Building target: lab1
Invoking: Cross G++ Linker
g++ -fopenmp -o "lab1"  ./src/FIleLoader.o ./src/KNN.o ./src/Normalization.o ./src/Standarization.o ./src/lab1.o   
Finished building target: lab1
 
11:45:20 **** Incremental Build of configuration Debug for project lab1 ****
make all 
Building file: ../src/Standarization.cpp
Invoking: Cross G++ Compiler
g++ -O0 -g3 -Wall -c -fmessage-length=0 -fopenmp -MMD -MP -MF"src/Standarization.d" -MT"src/Standarization.o" -o "src/Standarization.o" "../src/Standarization.cpp"
../src/Standarization.cpp:70:38: error: no ‘double Standarization::getMinMaxTime()’ member function declared in class ‘Standarization’
 double Standarization::getMinMaxTime(){
                                      ^
src/subdir.mk:30: recipe for target 'src/Standarization.o' failed
make: *** [src/Standarization.o] Error 1
"make all" terminated with exit code 2. Build might be incomplete.
11:47:09 **** Incremental Build of configuration Debug for project lab1 ****
make all 
Building file: ../src/Standarization.cpp
Invoking: Cross G++ Compiler
g++ -O0 -g3 -Wall -c -fmessage-length=0 -fopenmp -MMD -MP -MF"src/Standarization.d" -MT"src/Standarization.o" -o "src/Standarization.o" "../src/Standarization.cpp"
Finished building: ../src/Standarization.cpp
 
Building file: ../src/lab1.cpp
Invoking: Cross G++ Compiler
g++ -O0 -g3 -Wall -c -fmessage-length=0 -fopenmp -MMD -MP -MF"src/lab1.d" -MT"src/lab1.o" -o "src/lab1.o" "../src/lab1.cpp"
../src/lab1.cpp:41:10: warning: character constant too long for its type
  cout << 'Accuracy : ' << knn.getAccuracy();
          ^~~~~~~~~~~~~
Finished building: ../src/lab1.cpp
 
Building target: lab1
Invoking: Cross G++ Linker
g++ -fopenmp -o "lab1"  ./src/FIleLoader.o ./src/KNN.o ./src/Normalization.o ./src/Standarization.o ./src/lab1.o   
Finished building target: lab1
 
11:47:22 **** Incremental Build of configuration Debug for project lab1 ****
make all 
Building file: ../src/lab1.cpp
Invoking: Cross G++ Compiler
g++ -O0 -g3 -Wall -c -fmessage-length=0 -fopenmp -MMD -MP -MF"src/lab1.d" -MT"src/lab1.o" -o "src/lab1.o" "../src/lab1.cpp"
../src/lab1.cpp:42:10: warning: character constant too long for its type
  cout << 'Accuracy : ' << knn.getAccuracy();
          ^~~~~~~~~~~~~
Finished building: ../src/lab1.cpp
 
Building target: lab1
Invoking: Cross G++ Linker
g++ -fopenmp -o "lab1"  ./src/FIleLoader.o ./src/KNN.o ./src/Normalization.o ./src/Standarization.o ./src/lab1.o   
Finished building target: lab1
 
11:48:23 **** Incremental Build of configuration Debug for project lab1 ****
make all 
Building file: ../src/lab1.cpp
Invoking: Cross G++ Compiler
g++ -O0 -g3 -Wall -c -fmessage-length=0 -fopenmp -MMD -MP -MF"src/lab1.d" -MT"src/lab1.o" -o "src/lab1.o" "../src/lab1.cpp"
../src/lab1.cpp:42:23: warning: missing terminating " character
  cout << "Accuracy : "" << knn.getAccuracy();
                       ^
../src/lab1.cpp:42:23: error: missing terminating " character
  cout << "Accuracy : "" << knn.getAccuracy();
                       ^~~~~~~~~~~~~~~~~~~~~~~
../src/lab1.cpp: In function ‘int main()’:
../src/lab1.cpp:43:2: error: expected ‘;’ before ‘return’
  return 0;
  ^~~~~~
src/subdir.mk:30: recipe for target 'src/lab1.o' failed
make: *** [src/lab1.o] Error 1
"make all" terminated with exit code 2. Build might be incomplete.
11:48:25 **** Incremental Build of configuration Debug for project lab1 ****
make all 
Building file: ../src/lab1.cpp
Invoking: Cross G++ Compiler
g++ -O0 -g3 -Wall -c -fmessage-length=0 -fopenmp -MMD -MP -MF"src/lab1.d" -MT"src/lab1.o" -o "src/lab1.o" "../src/lab1.cpp"
../src/lab1.cpp:42:23: warning: missing terminating " character
  cout << "Accuracy : "" << knn.getAccuracy();
                       ^
../src/lab1.cpp:42:23: error: missing terminating " character
  cout << "Accuracy : "" << knn.getAccuracy();
                       ^~~~~~~~~~~~~~~~~~~~~~~
../src/lab1.cpp: In function ‘int main()’:
../src/lab1.cpp:43:2: error: expected ‘;’ before ‘return’
  return 0;
  ^~~~~~
src/subdir.mk:30: recipe for target 'src/lab1.o' failed
make: *** [src/lab1.o] Error 1
"make all" terminated with exit code 2. Build might be incomplete.
11:48:32 **** Incremental Build of configuration Debug for project lab1 ****
make all 
Building file: ../src/lab1.cpp
Invoking: Cross G++ Compiler
g++ -O0 -g3 -Wall -c -fmessage-length=0 -fopenmp -MMD -MP -MF"src/lab1.d" -MT"src/lab1.o" -o "src/lab1.o" "../src/lab1.cpp"
Finished building: ../src/lab1.cpp
 
Building target: lab1
Invoking: Cross G++ Linker
g++ -fopenmp -o "lab1"  ./src/FIleLoader.o ./src/KNN.o ./src/Normalization.o ./src/Standarization.o ./src/lab1.o   
Finished building target: lab1
 
11:48:36 **** Incremental Build of configuration Debug for project lab1 ****
make all 
make: Nothing to be done for 'all'.
12:51:21 **** Incremental Build of configuration Debug for project lab1 ****
make all 
Building file: ../src/FIleLoader.cpp
Invoking: Cross G++ Compiler
g++ -O0 -g3 -Wall -c -fmessage-length=0 -fopenmp -MMD -MP -MF"src/FIleLoader.d" -MT"src/FIleLoader.o" -o "src/FIleLoader.o" "../src/FIleLoader.cpp"
../src/FIleLoader.cpp: In member function ‘std::__cxx11::string FileLoader::prepareData(std::__cxx11::string)’:
../src/FIleLoader.cpp:41:6: warning: unused variable ‘categoryTmp’ [-Wunused-variable]
  int categoryTmp = 2;
      ^~~~~~~~~~~
Finished building: ../src/FIleLoader.cpp
 
Building file: ../src/KNN.cpp
Invoking: Cross G++ Compiler
g++ -O0 -g3 -Wall -c -fmessage-length=0 -fopenmp -MMD -MP -MF"src/KNN.d" -MT"src/KNN.o" -o "src/KNN.o" "../src/KNN.cpp"
../src/KNN.cpp: In member function ‘void KNN::knn()’:
../src/KNN.cpp:32:48: error: ‘testingSize’ has not been declared
  #pragma omp parallel for default(none) shared(testingSize,testingSet,neighbours) private(i)
                                                ^~~~~~~~~~~
../src/KNN.cpp: In member function ‘double KNN::getAccuracy()’:
../src/KNN.cpp:42:20: warning: comparison between signed and unsigned integer expressions [-Wsign-compare]
  for (int i = 0; i < testingSet.size(); i++) {
                  ~~^~~~~~~~~~~~~~~~~~~
../src/KNN.cpp:44:32: error: request for member ‘compare’ in ‘((KNN*)this)->KNN::testingSet.std::vector<Row>::operator[](((std::vector<Row>::size_type)i)).Row::prediction’, which is of non-class type ‘int’
   if (testingSet[i].prediction.compare(testingSet[i].category)==0) {
                                ^~~~~~~
../src/KNN.cpp: In member function ‘int KNN::calculatePrediction(std::priority_queue<Row, std::vector<Row>, CompareRows>, Row, int)’:
../src/KNN.cpp:57:20: warning: comparison between signed and unsigned integer expressions [-Wsign-compare]
  for (int j = 0; j < trainingSet.size(); j++) {
                  ~~^~~~~~~~~~~~~~~~~~~~
../src/KNN.cpp: In member function ‘int KNN::votePrediction(std::priority_queue<Row, std::vector<Row>, CompareRows>, int)’:
../src/KNN.cpp:72:35: error: cannot convert ‘const string {aka const std::__cxx11::basic_string<char>}’ to ‘int’ in initialization
   int category = neighbours.top().category;
                                   ^~~~~~~~
../src/KNN.cpp: In member function ‘void KNN::knn()’:
../src/KNN.cpp:33:2: error: ‘testingSetSize’ not specified in enclosing ‘parallel’
  for (i = 0; i < testingSetSize; i++) {
  ^~~
../src/KNN.cpp:32:10: error: enclosing ‘parallel’
  #pragma omp parallel for default(none) shared(testingSize,testingSet,neighbours) private(i)
          ^~~
../src/KNN.cpp:34:39: error: ‘K’ not specified in enclosing ‘parallel’
   int prediction = calculatePrediction(neighbours, testingSet[i], K);
                    ~~~~~~~~~~~~~~~~~~~^~~~~~~~~~~~~~~~~~~~~~~~~~~~~~
../src/KNN.cpp:32:10: error: enclosing ‘parallel’
  #pragma omp parallel for default(none) shared(testingSize,testingSet,neighbours) private(i)
          ^~~
make: *** [src/KNN.o] Error 1
src/subdir.mk:30: recipe for target 'src/KNN.o' failed
"make all" terminated with exit code 2. Build might be incomplete.
12:51:35 **** Incremental Build of configuration Debug for project lab1 ****
make all 
Building file: ../src/FIleLoader.cpp
Invoking: Cross G++ Compiler
g++ -O0 -g3 -Wall -c -fmessage-length=0 -fopenmp -MMD -MP -MF"src/FIleLoader.d" -MT"src/FIleLoader.o" -o "src/FIleLoader.o" "../src/FIleLoader.cpp"
../src/FIleLoader.cpp: In member function ‘std::__cxx11::string FileLoader::prepareData(std::__cxx11::string)’:
../src/FIleLoader.cpp:41:6: warning: unused variable ‘categoryTmp’ [-Wunused-variable]
  int categoryTmp = 2;
      ^~~~~~~~~~~
Finished building: ../src/FIleLoader.cpp
 
Building file: ../src/KNN.cpp
Invoking: Cross G++ Compiler
g++ -O0 -g3 -Wall -c -fmessage-length=0 -fopenmp -MMD -MP -MF"src/KNN.d" -MT"src/KNN.o" -o "src/KNN.o" "../src/KNN.cpp"
../src/KNN.cpp: In member function ‘void KNN::knn()’:
../src/KNN.cpp:32:48: error: ‘testingSize’ has not been declared
  #pragma omp parallel for default(none) shared(testingSize,testingSet,neighbours) private(i)
                                                ^~~~~~~~~~~
../src/KNN.cpp: In member function ‘double KNN::getAccuracy()’:
../src/KNN.cpp:42:20: warning: comparison between signed and unsigned integer expressions [-Wsign-compare]
  for (int i = 0; i < testingSet.size(); i++) {
                  ~~^~~~~~~~~~~~~~~~~~~
../src/KNN.cpp: In member function ‘int KNN::calculatePrediction(std::priority_queue<Row, std::vector<Row>, CompareRows>, Row, int)’:
../src/KNN.cpp:57:20: warning: comparison between signed and unsigned integer expressions [-Wsign-compare]
  for (int j = 0; j < trainingSet.size(); j++) {
                  ~~^~~~~~~~~~~~~~~~~~~~
../src/KNN.cpp: In member function ‘int KNN::votePrediction(std::priority_queue<Row, std::vector<Row>, CompareRows>, int)’:
../src/KNN.cpp:72:35: error: cannot convert ‘const string {aka const std::__cxx11::basic_string<char>}’ to ‘int’ in initialization
   int category = neighbours.top().category;
                                   ^~~~~~~~
../src/KNN.cpp: In member function ‘void KNN::knn()’:
../src/KNN.cpp:33:2: error: ‘testingSetSize’ not specified in enclosing ‘parallel’
  for (i = 0; i < testingSetSize; i++) {
  ^~~
../src/KNN.cpp:32:10: error: enclosing ‘parallel’
  #pragma omp parallel for default(none) shared(testingSize,testingSet,neighbours) private(i)
          ^~~
../src/KNN.cpp:34:39: error: ‘K’ not specified in enclosing ‘parallel’
   int prediction = calculatePrediction(neighbours, testingSet[i], K);
                    ~~~~~~~~~~~~~~~~~~~^~~~~~~~~~~~~~~~~~~~~~~~~~~~~~
../src/KNN.cpp:32:10: error: enclosing ‘parallel’
  #pragma omp parallel for default(none) shared(testingSize,testingSet,neighbours) private(i)
          ^~~
make: *** [src/KNN.o] Error 1
src/subdir.mk:30: recipe for target 'src/KNN.o' failed
"make all" terminated with exit code 2. Build might be incomplete.
12:53:23 **** Incremental Build of configuration Debug for project lab1 ****
make all 
Building file: ../src/KNN.cpp
Invoking: Cross G++ Compiler
g++ -O0 -g3 -Wall -c -fmessage-length=0 -fopenmp -MMD -MP -MF"src/KNN.d" -MT"src/KNN.o" -o "src/KNN.o" "../src/KNN.cpp"
../src/KNN.cpp: In member function ‘void KNN::knn()’:
../src/KNN.cpp:32:48: error: ‘testingSize’ has not been declared
  #pragma omp parallel for default(none) shared(testingSize,testingSet,neighbours) private(i)
                                                ^~~~~~~~~~~
../src/KNN.cpp: In member function ‘double KNN::getAccuracy()’:
../src/KNN.cpp:43:20: warning: comparison between signed and unsigned integer expressions [-Wsign-compare]
  for (int i = 0; i < testingSet.size(); i++) {
                  ~~^~~~~~~~~~~~~~~~~~~
../src/KNN.cpp: In member function ‘std::__cxx11::string KNN::calculatePrediction(std::priority_queue<Row, std::vector<Row>, CompareRows>, Row, int)’:
../src/KNN.cpp:58:20: warning: comparison between signed and unsigned integer expressions [-Wsign-compare]
  for (int j = 0; j < trainingSet.size(); j++) {
                  ~~^~~~~~~~~~~~~~~~~~~~
../src/KNN.cpp: In member function ‘std::__cxx11::string KNN::votePrediction(std::priority_queue<Row, std::vector<Row>, CompareRows>, int)’:
../src/KNN.cpp:75:48: error: conversion from ‘std::map<std::__cxx11::basic_string<char>, int>::iterator {aka std::_Rb_tree_iterator<std::pair<const std::__cxx11::basic_string<char>, int> >}’ to non-scalar type ‘std::map<int, int>::iterator {aka std::_Rb_tree_iterator<std::pair<const int, int> >}’ requested
   map<int, int>::iterator iterator = votes.find(category);
                                      ~~~~~~~~~~^~~~~~~~~~
../src/KNN.cpp:77:16: error: no match for ‘operator==’ (operand types are ‘std::map<int, int>::iterator {aka std::_Rb_tree_iterator<std::pair<const int, int> >}’ and ‘std::map<std::__cxx11::basic_string<char>, int>::iterator {aka std::_Rb_tree_iterator<std::pair<const std::__cxx11::basic_string<char>, int> >}’)
   if (iterator == votes.end()) {
       ~~~~~~~~~^~~~~~~~~~~~~~
In file included from /usr/include/c++/7/map:60:0,
                 from ../src/KNN.cpp:3:
/usr/include/c++/7/bits/stl_tree.h:315:7: note: candidate: bool std::_Rb_tree_iterator<_Tp>::operator==(const _Self&) const [with _Tp = std::pair<const int, int>; std::_Rb_tree_iterator<_Tp>::_Self = std::_Rb_tree_iterator<std::pair<const int, int> >]
       operator==(const _Self& __x) const _GLIBCXX_NOEXCEPT
       ^~~~~~~~
/usr/include/c++/7/bits/stl_tree.h:315:7: note:   no known conversion for argument 1 from ‘std::map<std::__cxx11::basic_string<char>, int>::iterator {aka std::_Rb_tree_iterator<std::pair<const std::__cxx11::basic_string<char>, int> >}’ to ‘const _Self& {aka const std::_Rb_tree_iterator<std::pair<const int, int> >&}’
In file included from /usr/include/c++/7/bits/stl_algobase.h:64:0,
                 from /usr/include/c++/7/bits/char_traits.h:39,
                 from /usr/include/c++/7/string:40,
                 from ../src/Row.hpp:3,
                 from ../src/KNN.hpp:1,
                 from ../src/KNN.cpp:1:
/usr/include/c++/7/bits/stl_pair.h:448:5: note: candidate: template<class _T1, class _T2> constexpr bool std::operator==(const std::pair<_T1, _T2>&, const std::pair<_T1, _T2>&)
     operator==(const pair<_T1, _T2>& __x, const pair<_T1, _T2>& __y)
     ^~~~~~~~
/usr/include/c++/7/bits/stl_pair.h:448:5: note:   template argument deduction/substitution failed:
../src/KNN.cpp:77:29: note:   ‘std::map<int, int>::iterator {aka std::_Rb_tree_iterator<std::pair<const int, int> >}’ is not derived from ‘const std::pair<_T1, _T2>’
   if (iterator == votes.end()) {
                             ^
In file included from /usr/include/c++/7/bits/stl_algobase.h:67:0,
                 from /usr/include/c++/7/bits/char_traits.h:39,
                 from /usr/include/c++/7/string:40,
                 from ../src/Row.hpp:3,
                 from ../src/KNN.hpp:1,
                 from ../src/KNN.cpp:1:
/usr/include/c++/7/bits/stl_iterator.h:302:5: note: candidate: template<class _Iterator> bool std::operator==(const std::reverse_iterator<_Iterator>&, const std::reverse_iterator<_Iterator>&)
     operator==(const reverse_iterator<_Iterator>& __x,
     ^~~~~~~~
/usr/include/c++/7/bits/stl_iterator.h:302:5: note:   template argument deduction/substitution failed:
../src/KNN.cpp:77:29: note:   ‘std::map<int, int>::iterator {aka std::_Rb_tree_iterator<std::pair<const int, int> >}’ is not derived from ‘const std::reverse_iterator<_Iterator>’
   if (iterator == votes.end()) {
                             ^
In file included from /usr/include/c++/7/bits/stl_algobase.h:67:0,
                 from /usr/include/c++/7/bits/char_traits.h:39,
                 from /usr/include/c++/7/string:40,
                 from ../src/Row.hpp:3,
                 from ../src/KNN.hpp:1,
                 from ../src/KNN.cpp:1:
/usr/include/c++/7/bits/stl_iterator.h:340:5: note: candidate: template<class _IteratorL, class _IteratorR> bool std::operator==(const std::reverse_iterator<_Iterator>&, const std::reverse_iterator<_IteratorR>&)
     operator==(const reverse_iterator<_IteratorL>& __x,
     ^~~~~~~~
/usr/include/c++/7/bits/stl_iterator.h:340:5: note:   template argument deduction/substitution failed:
../src/KNN.cpp:77:29: note:   ‘std::map<int, int>::iterator {aka std::_Rb_tree_iterator<std::pair<const int, int> >}’ is not derived from ‘const std::reverse_iterator<_Iterator>’
   if (iterator == votes.end()) {
                             ^
In file included from /usr/include/c++/7/bits/stl_algobase.h:67:0,
                 from /usr/include/c++/7/bits/char_traits.h:39,
                 from /usr/include/c++/7/string:40,
                 from ../src/Row.hpp:3,
                 from ../src/KNN.hpp:1,
                 from ../src/KNN.cpp:1:
/usr/include/c++/7/bits/stl_iterator.h:1121:5: note: candidate: template<class _IteratorL, class _IteratorR> bool std::operator==(const std::move_iterator<_IteratorL>&, const std::move_iterator<_IteratorR>&)
     operator==(const move_iterator<_IteratorL>& __x,
     ^~~~~~~~
/usr/include/c++/7/bits/stl_iterator.h:1121:5: note:   template argument deduction/substitution failed:
../src/KNN.cpp:77:29: note:   ‘std::map<int, int>::iterator {aka std::_Rb_tree_iterator<std::pair<const int, int> >}’ is not derived from ‘const std::move_iterator<_IteratorL>’
   if (iterator == votes.end()) {
                             ^
In file included from /usr/include/c++/7/bits/stl_algobase.h:67:0,
                 from /usr/include/c++/7/bits/char_traits.h:39,
                 from /usr/include/c++/7/string:40,
                 from ../src/Row.hpp:3,
                 from ../src/KNN.hpp:1,
                 from ../src/KNN.cpp:1:
/usr/include/c++/7/bits/stl_iterator.h:1127:5: note: candidate: template<class _Iterator> bool std::operator==(const std::move_iterator<_IteratorL>&, const std::move_iterator<_IteratorL>&)
     operator==(const move_iterator<_Iterator>& __x,
     ^~~~~~~~
/usr/include/c++/7/bits/stl_iterator.h:1127:5: note:   template argument deduction/substitution failed:
../src/KNN.cpp:77:29: note:   ‘std::map<int, int>::iterator {aka std::_Rb_tree_iterator<std::pair<const int, int> >}’ is not derived from ‘const std::move_iterator<_IteratorL>’
   if (iterator == votes.end()) {
                             ^
In file included from /usr/include/c++/7/bits/char_traits.h:40:0,
                 from /usr/include/c++/7/string:40,
                 from ../src/Row.hpp:3,
                 from ../src/KNN.hpp:1,
                 from ../src/KNN.cpp:1:
/usr/include/c++/7/bits/postypes.h:216:5: note: candidate: template<class _StateT> bool std::operator==(const std::fpos<_StateT>&, const std::fpos<_StateT>&)
     operator==(const fpos<_StateT>& __lhs, const fpos<_StateT>& __rhs)
     ^~~~~~~~
/usr/include/c++/7/bits/postypes.h:216:5: note:   template argument deduction/substitution failed:
../src/KNN.cpp:77:29: note:   ‘std::map<int, int>::iterator {aka std::_Rb_tree_iterator<std::pair<const int, int> >}’ is not derived from ‘const std::fpos<_StateT>’
   if (iterator == votes.end()) {
                             ^
In file included from /usr/include/c++/7/string:41:0,
                 from ../src/Row.hpp:3,
                 from ../src/KNN.hpp:1,
                 from ../src/KNN.cpp:1:
/usr/include/c++/7/bits/allocator.h:146:5: note: candidate: template<class _T1, class _T2> bool std::operator==(const std::allocator<_CharT>&, const std::allocator<_T2>&)
     operator==(const allocator<_T1>&, const allocator<_T2>&)
     ^~~~~~~~
/usr/include/c++/7/bits/allocator.h:146:5: note:   template argument deduction/substitution failed:
../src/KNN.cpp:77:29: note:   ‘std::map<int, int>::iterator {aka std::_Rb_tree_iterator<std::pair<const int, int> >}’ is not derived from ‘const std::allocator<_CharT>’
   if (iterator == votes.end()) {
                             ^
In file included from /usr/include/c++/7/string:41:0,
                 from ../src/Row.hpp:3,
                 from ../src/KNN.hpp:1,
                 from ../src/KNN.cpp:1:
/usr/include/c++/7/bits/allocator.h:152:5: note: candidate: template<class _Tp> bool std::operator==(const std::allocator<_CharT>&, const std::allocator<_CharT>&)
     operator==(const allocator<_Tp>&, const allocator<_Tp>&)
     ^~~~~~~~
/usr/include/c++/7/bits/allocator.h:152:5: note:   template argument deduction/substitution failed:
../src/KNN.cpp:77:29: note:   ‘std::map<int, int>::iterator {aka std::_Rb_tree_iterator<std::pair<const int, int> >}’ is not derived from ‘const std::allocator<_CharT>’
   if (iterator == votes.end()) {
                             ^
In file included from /usr/include/c++/7/string:52:0,
                 from ../src/Row.hpp:3,
                 from ../src/KNN.hpp:1,
                 from ../src/KNN.cpp:1:
/usr/include/c++/7/bits/basic_string.h:6009:5: note: candidate: template<class _CharT, class _Traits, class _Alloc> bool std::operator==(const std::__cxx11::basic_string<_CharT, _Traits, _Alloc>&, const std::__cxx11::basic_string<_CharT, _Traits, _Alloc>&)
     operator==(const basic_string<_CharT, _Traits, _Alloc>& __lhs,
     ^~~~~~~~
/usr/include/c++/7/bits/basic_string.h:6009:5: note:   template argument deduction/substitution failed:
../src/KNN.cpp:77:29: note:   ‘std::map<int, int>::iterator {aka std::_Rb_tree_iterator<std::pair<const int, int> >}’ is not derived from ‘const std::__cxx11::basic_string<_CharT, _Traits, _Alloc>’
   if (iterator == votes.end()) {
                             ^
In file included from /usr/include/c++/7/string:52:0,
                 from ../src/Row.hpp:3,
                 from ../src/KNN.hpp:1,
                 from ../src/KNN.cpp:1:
/usr/include/c++/7/bits/basic_string.h:6017:5: note: candidate: template<class _CharT> typename __gnu_cxx::__enable_if<std::__is_char<_Tp>::__value, bool>::__type std::operator==(const std::__cxx11::basic_string<_CharT>&, const std::__cxx11::basic_string<_CharT>&)
     operator==(const basic_string<_CharT>& __lhs,
     ^~~~~~~~
/usr/include/c++/7/bits/basic_string.h:6017:5: note:   template argument deduction/substitution failed:
../src/KNN.cpp:77:29: note:   ‘std::map<int, int>::iterator {aka std::_Rb_tree_iterator<std::pair<const int, int> >}’ is not derived from ‘const std::__cxx11::basic_string<_CharT>’
   if (iterator == votes.end()) {
                             ^
In file included from /usr/include/c++/7/string:52:0,
                 from ../src/Row.hpp:3,
                 from ../src/KNN.hpp:1,
                 from ../src/KNN.cpp:1:
/usr/include/c++/7/bits/basic_string.h:6031:5: note: candidate: template<class _CharT, class _Traits, class _Alloc> bool std::operator==(const _CharT*, const std::__cxx11::basic_string<_CharT, _Traits, _Alloc>&)
     operator==(const _CharT* __lhs,
     ^~~~~~~~
/usr/include/c++/7/bits/basic_string.h:6031:5: note:   template argument deduction/substitution failed:
../src/KNN.cpp:77:29: note:   mismatched types ‘const _CharT*’ and ‘std::_Rb_tree_iterator<std::pair<const int, int> >’
   if (iterator == votes.end()) {
                             ^
In file included from /usr/include/c++/7/string:52:0,
                 from ../src/Row.hpp:3,
                 from ../src/KNN.hpp:1,
                 from ../src/KNN.cpp:1:
/usr/include/c++/7/bits/basic_string.h:6043:5: note: candidate: template<class _CharT, class _Traits, class _Alloc> bool std::operator==(const std::__cxx11::basic_string<_CharT, _Traits, _Alloc>&, const _CharT*)
     operator==(const basic_string<_CharT, _Traits, _Alloc>& __lhs,
     ^~~~~~~~
/usr/include/c++/7/bits/basic_string.h:6043:5: note:   template argument deduction/substitution failed:
../src/KNN.cpp:77:29: note:   ‘std::map<int, int>::iterator {aka std::_Rb_tree_iterator<std::pair<const int, int> >}’ is not derived from ‘const std::__cxx11::basic_string<_CharT, _Traits, _Alloc>’
   if (iterator == votes.end()) {
                             ^
In file included from /usr/include/c++/7/vector:64:0,
                 from ../src/Row.hpp:4,
                 from ../src/KNN.hpp:1,
                 from ../src/KNN.cpp:1:
/usr/include/c++/7/bits/stl_vector.h:1601:5: note: candidate: template<class _Tp, class _Alloc> bool std::operator==(const std::vector<_Tp, _Alloc>&, const std::vector<_Tp, _Alloc>&)
     operator==(const vector<_Tp, _Alloc>& __x, const vector<_Tp, _Alloc>& __y)
     ^~~~~~~~
/usr/include/c++/7/bits/stl_vector.h:1601:5: note:   template argument deduction/substitution failed:
../src/KNN.cpp:77:29: note:   ‘std::map<int, int>::iterator {aka std::_Rb_tree_iterator<std::pair<const int, int> >}’ is not derived from ‘const std::vector<_Tp, _Alloc>’
   if (iterator == votes.end()) {
                             ^
In file included from /usr/include/c++/7/deque:64:0,
                 from /usr/include/c++/7/queue:60,
                 from ../src/KNN.hpp:2,
                 from ../src/KNN.cpp:1:
/usr/include/c++/7/bits/stl_deque.h:267:5: note: candidate: template<class _Tp, class _Ref, class _Ptr> bool std::operator==(const std::_Deque_iterator<_Tp, _Ref, _Ptr>&, const std::_Deque_iterator<_Tp, _Ref, _Ptr>&)
     operator==(const _Deque_iterator<_Tp, _Ref, _Ptr>& __x,
     ^~~~~~~~
/usr/include/c++/7/bits/stl_deque.h:267:5: note:   template argument deduction/substitution failed:
../src/KNN.cpp:77:29: note:   ‘std::map<int, int>::iterator {aka std::_Rb_tree_iterator<std::pair<const int, int> >}’ is not derived from ‘const std::_Deque_iterator<_Tp, _Ref, _Ptr>’
   if (iterator == votes.end()) {
                             ^
In file included from /usr/include/c++/7/deque:64:0,
                 from /usr/include/c++/7/queue:60,
                 from ../src/KNN.hpp:2,
                 from ../src/KNN.cpp:1:
/usr/include/c++/7/bits/stl_deque.h:274:5: note: candidate: template<class _Tp, class _RefL, class _PtrL, class _RefR, class _PtrR> bool std::operator==(const std::_Deque_iterator<_Tp, _Ref, _Ptr>&, const std::_Deque_iterator<_Tp, _RefR, _PtrR>&)
     operator==(const _Deque_iterator<_Tp, _RefL, _PtrL>& __x,
     ^~~~~~~~
/usr/include/c++/7/bits/stl_deque.h:274:5: note:   template argument deduction/substitution failed:
../src/KNN.cpp:77:29: note:   ‘std::map<int, int>::iterator {aka std::_Rb_tree_iterator<std::pair<const int, int> >}’ is not derived from ‘const std::_Deque_iterator<_Tp, _Ref, _Ptr>’
   if (iterator == votes.end()) {
                             ^
In file included from /usr/include/c++/7/deque:64:0,
                 from /usr/include/c++/7/queue:60,
                 from ../src/KNN.hpp:2,
                 from ../src/KNN.cpp:1:
/usr/include/c++/7/bits/stl_deque.h:2258:5: note: candidate: template<class _Tp, class _Alloc> bool std::operator==(const std::deque<_Tp, _Alloc>&, const std::deque<_Tp, _Alloc>&)
     operator==(const deque<_Tp, _Alloc>& __x,
     ^~~~~~~~
/usr/include/c++/7/bits/stl_deque.h:2258:5: note:   template argument deduction/substitution failed:
../src/KNN.cpp:77:29: note:   ‘std::map<int, int>::iterator {aka std::_Rb_tree_iterator<std::pair<const int, int> >}’ is not derived from ‘const std::deque<_Tp, _Alloc>’
   if (iterator == votes.end()) {
                             ^
In file included from /usr/include/c++/7/queue:64:0,
                 from ../src/KNN.hpp:2,
                 from ../src/KNN.cpp:1:
/usr/include/c++/7/bits/stl_queue.h:318:5: note: candidate: template<class _Tp, class _Seq> bool std::operator==(const std::queue<_Tp, _Seq>&, const std::queue<_Tp, _Seq>&)
     operator==(const queue<_Tp, _Seq>& __x, const queue<_Tp, _Seq>& __y)
     ^~~~~~~~
/usr/include/c++/7/bits/stl_queue.h:318:5: note:   template argument deduction/substitution failed:
../src/KNN.cpp:77:29: note:   ‘std::map<int, int>::iterator {aka std::_Rb_tree_iterator<std::pair<const int, int> >}’ is not derived from ‘const std::queue<_Tp, _Seq>’
   if (iterator == votes.end()) {
                             ^
In file included from /usr/include/c++/7/map:60:0,
                 from ../src/KNN.cpp:3:
/usr/include/c++/7/bits/stl_tree.h:406:5: note: candidate: template<class _Val> bool std::operator==(const std::_Rb_tree_iterator<_Tp>&, const std::_Rb_tree_const_iterator<_Val>&)
     operator==(const _Rb_tree_iterator<_Val>& __x,
     ^~~~~~~~
/usr/include/c++/7/bits/stl_tree.h:406:5: note:   template argument deduction/substitution failed:
../src/KNN.cpp:77:29: note:   ‘std::map<std::__cxx11::basic_string<char>, int>::iterator {aka std::_Rb_tree_iterator<std::pair<const std::__cxx11::basic_string<char>, int> >}’ is not derived from ‘const std::_Rb_tree_const_iterator<_Val>’
   if (iterator == votes.end()) {
                             ^
In file included from /usr/include/c++/7/map:60:0,
                 from ../src/KNN.cpp:3:
/usr/include/c++/7/bits/stl_tree.h:1533:5: note: candidate: template<class _Key, class _Val, class _KeyOfValue, class _Compare, class _Alloc> bool std::operator==(const std::_Rb_tree<_Key, _Val, _KeyOfValue, _Compare, _Alloc>&, const std::_Rb_tree<_Key, _Val, _KeyOfValue, _Compare, _Alloc>&)
     operator==(const _Rb_tree<_Key, _Val, _KeyOfValue, _Compare, _Alloc>& __x,
     ^~~~~~~~
/usr/include/c++/7/bits/stl_tree.h:1533:5: note:   template argument deduction/substitution failed:
../src/KNN.cpp:77:29: note:   ‘std::map<int, int>::iterator {aka std::_Rb_tree_iterator<std::pair<const int, int> >}’ is not derived from ‘const std::_Rb_tree<_Key, _Val, _KeyOfValue, _Compare, _Alloc>’
   if (iterator == votes.end()) {
                             ^
In file included from /usr/include/c++/7/tuple:39:0,
                 from /usr/include/c++/7/bits/stl_map.h:63,
                 from /usr/include/c++/7/map:61,
                 from ../src/KNN.cpp:3:
/usr/include/c++/7/array:252:5: note: candidate: template<class _Tp, long unsigned int _Nm> bool std::operator==(const std::array<_Tp, _Nm>&, const std::array<_Tp, _Nm>&)
     operator==(const array<_Tp, _Nm>& __one, const array<_Tp, _Nm>& __two)
     ^~~~~~~~
/usr/include/c++/7/array:252:5: note:   template argument deduction/substitution failed:
../src/KNN.cpp:77:29: note:   ‘std::map<int, int>::iterator {aka std::_Rb_tree_iterator<std::pair<const int, int> >}’ is not derived from ‘const std::array<_Tp, _Nm>’
   if (iterator == votes.end()) {
                             ^
In file included from /usr/include/c++/7/bits/stl_map.h:63:0,
                 from /usr/include/c++/7/map:61,
                 from ../src/KNN.cpp:3:
/usr/include/c++/7/tuple:1397:5: note: candidate: template<class ... _TElements, class ... _UElements> constexpr bool std::operator==(const std::tuple<_Tps ...>&, const std::tuple<_Args2 ...>&)
     operator==(const tuple<_TElements...>& __t,
     ^~~~~~~~
/usr/include/c++/7/tuple:1397:5: note:   template argument deduction/substitution failed:
../src/KNN.cpp:77:29: note:   ‘std::map<int, int>::iterator {aka std::_Rb_tree_iterator<std::pair<const int, int> >}’ is not derived from ‘const std::tuple<_Tps ...>’
   if (iterator == votes.end()) {
                             ^
In file included from /usr/include/c++/7/map:61:0,
                 from ../src/KNN.cpp:3:
/usr/include/c++/7/bits/stl_map.h:1394:5: note: candidate: template<class _Key, class _Tp, class _Compare, class _Alloc> bool std::operator==(const std::map<_Key, _Tp, _Compare, _Alloc>&, const std::map<_Key, _Tp, _Compare, _Alloc>&)
     operator==(const map<_Key, _Tp, _Compare, _Alloc>& __x,
     ^~~~~~~~
/usr/include/c++/7/bits/stl_map.h:1394:5: note:   template argument deduction/substitution failed:
../src/KNN.cpp:77:29: note:   ‘std::map<int, int>::iterator {aka std::_Rb_tree_iterator<std::pair<const int, int> >}’ is not derived from ‘const std::map<_Key, _Tp, _Compare, _Alloc>’
   if (iterator == votes.end()) {
                             ^
In file included from /usr/include/c++/7/map:62:0,
                 from ../src/KNN.cpp:3:
/usr/include/c++/7/bits/stl_multimap.h:1059:5: note: candidate: template<class _Key, class _Tp, class _Compare, class _Alloc> bool std::operator==(const std::multimap<_Key, _Tp, _Compare, _Alloc>&, const std::multimap<_Key, _Tp, _Compare, _Alloc>&)
     operator==(const multimap<_Key, _Tp, _Compare, _Alloc>& __x,
     ^~~~~~~~
/usr/include/c++/7/bits/stl_multimap.h:1059:5: note:   template argument deduction/substitution failed:
../src/KNN.cpp:77:29: note:   ‘std::map<int, int>::iterator {aka std::_Rb_tree_iterator<std::pair<const int, int> >}’ is not derived from ‘const std::multimap<_Key, _Tp, _Compare, _Alloc>’
   if (iterator == votes.end()) {
                             ^
In file included from /usr/include/x86_64-linux-gnu/c++/7/bits/c++allocator.h:33:0,
                 from /usr/include/c++/7/bits/allocator.h:46,
                 from /usr/include/c++/7/string:41,
                 from ../src/Row.hpp:3,
                 from ../src/KNN.hpp:1,
                 from ../src/KNN.cpp:1:
/usr/include/c++/7/ext/new_allocator.h:155:5: note: candidate: template<class _Tp> bool __gnu_cxx::operator==(const __gnu_cxx::new_allocator<_Tp>&, const __gnu_cxx::new_allocator<_Tp>&)
     operator==(const new_allocator<_Tp>&, const new_allocator<_Tp>&)
     ^~~~~~~~
/usr/include/c++/7/ext/new_allocator.h:155:5: note:   template argument deduction/substitution failed:
../src/KNN.cpp:77:29: note:   ‘std::map<int, int>::iterator {aka std::_Rb_tree_iterator<std::pair<const int, int> >}’ is not derived from ‘const __gnu_cxx::new_allocator<_Tp>’
   if (iterator == votes.end()) {
                             ^
In file included from /usr/include/c++/7/bits/stl_algobase.h:67:0,
                 from /usr/include/c++/7/bits/char_traits.h:39,
                 from /usr/include/c++/7/string:40,
                 from ../src/Row.hpp:3,
                 from ../src/KNN.hpp:1,
                 from ../src/KNN.cpp:1:
/usr/include/c++/7/bits/stl_iterator.h:869:5: note: candidate: template<class _Iterator, class _Container> bool __gnu_cxx::operator==(const __gnu_cxx::__normal_iterator<_Iterator, _Container>&, const __gnu_cxx::__normal_iterator<_Iterator, _Container>&)
     operator==(const __normal_iterator<_Iterator, _Container>& __lhs,
     ^~~~~~~~
/usr/include/c++/7/bits/stl_iterator.h:869:5: note:   template argument deduction/substitution failed:
../src/KNN.cpp:77:29: note:   ‘std::map<int, int>::iterator {aka std::_Rb_tree_iterator<std::pair<const int, int> >}’ is not derived from ‘const __gnu_cxx::__normal_iterator<_Iterator, _Container>’
   if (iterator == votes.end()) {
                             ^
In file included from /usr/include/c++/7/bits/stl_algobase.h:67:0,
                 from /usr/include/c++/7/bits/char_traits.h:39,
                 from /usr/include/c++/7/string:40,
                 from ../src/Row.hpp:3,
                 from ../src/KNN.hpp:1,
                 from ../src/KNN.cpp:1:
/usr/include/c++/7/bits/stl_iterator.h:862:5: note: candidate: template<class _IteratorL, class _IteratorR, class _Container> bool __gnu_cxx::operator==(const __gnu_cxx::__normal_iterator<_IteratorL, _Container>&, const __gnu_cxx::__normal_iterator<_IteratorR, _Container>&)
     operator==(const __normal_iterator<_IteratorL, _Container>& __lhs,
     ^~~~~~~~
/usr/include/c++/7/bits/stl_iterator.h:862:5: note:   template argument deduction/substitution failed:
../src/KNN.cpp:77:29: note:   ‘std::map<int, int>::iterator {aka std::_Rb_tree_iterator<std::pair<const int, int> >}’ is not derived from ‘const __gnu_cxx::__normal_iterator<_IteratorL, _Container>’
   if (iterator == votes.end()) {
                             ^
../src/KNN.cpp:92:27: error: cannot convert ‘const std::__cxx11::basic_string<char>’ to ‘int’ in assignment
    maxVotesCategory = it->first;
                           ^~~~~
../src/KNN.cpp:96:9: error: could not convert ‘maxVotesCategory’ from ‘int’ to ‘std::__cxx11::string {aka std::__cxx11::basic_string<char>}’
  return maxVotesCategory;
         ^~~~~~~~~~~~~~~~
../src/KNN.cpp: In member function ‘void KNN::knn()’:
../src/KNN.cpp:34:2: error: ‘testingSetSize’ not specified in enclosing ‘parallel’
  for (i = 0; i < testingSetSize; i++) {
  ^~~
../src/KNN.cpp:32:10: error: enclosing ‘parallel’
  #pragma omp parallel for default(none) shared(testingSize,testingSet,neighbours) private(i)
          ^~~
../src/KNN.cpp:35:71: error: ‘K’ not specified in enclosing ‘parallel’
   string prediction = calculatePrediction(neighbours, testingSet[i], K);
                                                                       ^
../src/KNN.cpp:32:10: error: enclosing ‘parallel’
  #pragma omp parallel for default(none) shared(testingSize,testingSet,neighbours) private(i)
          ^~~
make: *** [src/KNN.o] Error 1
src/subdir.mk:30: recipe for target 'src/KNN.o' failed
"make all" terminated with exit code 2. Build might be incomplete.
12:53:40 **** Incremental Build of configuration Debug for project lab1 ****
make all 
Building file: ../src/KNN.cpp
Invoking: Cross G++ Compiler
g++ -O0 -g3 -Wall -c -fmessage-length=0 -fopenmp -MMD -MP -MF"src/KNN.d" -MT"src/KNN.o" -o "src/KNN.o" "../src/KNN.cpp"
../src/KNN.cpp: In member function ‘void KNN::knn()’:
../src/KNN.cpp:32:48: error: ‘testingSize’ has not been declared
  #pragma omp parallel for default(none) shared(testingSize,testingSet,neighbours) private(i)
                                                ^~~~~~~~~~~
../src/KNN.cpp: In member function ‘double KNN::getAccuracy()’:
../src/KNN.cpp:43:20: warning: comparison between signed and unsigned integer expressions [-Wsign-compare]
  for (int i = 0; i < testingSet.size(); i++) {
                  ~~^~~~~~~~~~~~~~~~~~~
../src/KNN.cpp: In member function ‘std::__cxx11::string KNN::calculatePrediction(std::priority_queue<Row, std::vector<Row>, CompareRows>, Row, int)’:
../src/KNN.cpp:58:20: warning: comparison between signed and unsigned integer expressions [-Wsign-compare]
  for (int j = 0; j < trainingSet.size(); j++) {
                  ~~^~~~~~~~~~~~~~~~~~~~
../src/KNN.cpp: In member function ‘std::__cxx11::string KNN::votePrediction(std::priority_queue<Row, std::vector<Row>, CompareRows>, int)’:
../src/KNN.cpp:92:27: error: cannot convert ‘const std::__cxx11::basic_string<char>’ to ‘int’ in assignment
    maxVotesCategory = it->first;
                           ^~~~~
../src/KNN.cpp:96:9: error: could not convert ‘maxVotesCategory’ from ‘int’ to ‘std::__cxx11::string {aka std::__cxx11::basic_string<char>}’
  return maxVotesCategory;
         ^~~~~~~~~~~~~~~~
../src/KNN.cpp: In member function ‘void KNN::knn()’:
../src/KNN.cpp:34:2: error: ‘testingSetSize’ not specified in enclosing ‘parallel’
  for (i = 0; i < testingSetSize; i++) {
  ^~~
../src/KNN.cpp:32:10: error: enclosing ‘parallel’
  #pragma omp parallel for default(none) shared(testingSize,testingSet,neighbours) private(i)
          ^~~
../src/KNN.cpp:35:71: error: ‘K’ not specified in enclosing ‘parallel’
   string prediction = calculatePrediction(neighbours, testingSet[i], K);
                                                                       ^
../src/KNN.cpp:32:10: error: enclosing ‘parallel’
  #pragma omp parallel for default(none) shared(testingSize,testingSet,neighbours) private(i)
          ^~~
src/subdir.mk:30: recipe for target 'src/KNN.o' failed
make: *** [src/KNN.o] Error 1
"make all" terminated with exit code 2. Build might be incomplete.
12:54:04 **** Incremental Build of configuration Debug for project lab1 ****
make all 
Building file: ../src/KNN.cpp
Invoking: Cross G++ Compiler
g++ -O0 -g3 -Wall -c -fmessage-length=0 -fopenmp -MMD -MP -MF"src/KNN.d" -MT"src/KNN.o" -o "src/KNN.o" "../src/KNN.cpp"
../src/KNN.cpp: In member function ‘void KNN::knn()’:
../src/KNN.cpp:32:48: error: ‘testingSize’ has not been declared
  #pragma omp parallel for default(none) shared(testingSize,testingSet,neighbours) private(i)
                                                ^~~~~~~~~~~
../src/KNN.cpp: In member function ‘double KNN::getAccuracy()’:
../src/KNN.cpp:43:20: warning: comparison between signed and unsigned integer expressions [-Wsign-compare]
  for (int i = 0; i < testingSet.size(); i++) {
                  ~~^~~~~~~~~~~~~~~~~~~
../src/KNN.cpp: In member function ‘std::__cxx11::string KNN::calculatePrediction(std::priority_queue<Row, std::vector<Row>, CompareRows>, Row, int)’:
../src/KNN.cpp:58:20: warning: comparison between signed and unsigned integer expressions [-Wsign-compare]
  for (int j = 0; j < trainingSet.size(); j++) {
                  ~~^~~~~~~~~~~~~~~~~~~~
../src/KNN.cpp: In member function ‘void KNN::knn()’:
../src/KNN.cpp:34:2: error: ‘testingSetSize’ not specified in enclosing ‘parallel’
  for (i = 0; i < testingSetSize; i++) {
  ^~~
../src/KNN.cpp:32:10: error: enclosing ‘parallel’
  #pragma omp parallel for default(none) shared(testingSize,testingSet,neighbours) private(i)
          ^~~
../src/KNN.cpp:35:71: error: ‘K’ not specified in enclosing ‘parallel’
   string prediction = calculatePrediction(neighbours, testingSet[i], K);
                                                                       ^
../src/KNN.cpp:32:10: error: enclosing ‘parallel’
  #pragma omp parallel for default(none) shared(testingSize,testingSet,neighbours) private(i)
          ^~~
src/subdir.mk:30: recipe for target 'src/KNN.o' failed
make: *** [src/KNN.o] Error 1
"make all" terminated with exit code 2. Build might be incomplete.
12:54:14 **** Incremental Build of configuration Debug for project lab1 ****
make all 
Building file: ../src/KNN.cpp
Invoking: Cross G++ Compiler
g++ -O0 -g3 -Wall -c -fmessage-length=0 -fopenmp -MMD -MP -MF"src/KNN.d" -MT"src/KNN.o" -o "src/KNN.o" "../src/KNN.cpp"
../src/KNN.cpp: In member function ‘double KNN::getAccuracy()’:
../src/KNN.cpp:43:20: warning: comparison between signed and unsigned integer expressions [-Wsign-compare]
  for (int i = 0; i < testingSet.size(); i++) {
                  ~~^~~~~~~~~~~~~~~~~~~
../src/KNN.cpp: In member function ‘std::__cxx11::string KNN::calculatePrediction(std::priority_queue<Row, std::vector<Row>, CompareRows>, Row, int)’:
../src/KNN.cpp:58:20: warning: comparison between signed and unsigned integer expressions [-Wsign-compare]
  for (int j = 0; j < trainingSet.size(); j++) {
                  ~~^~~~~~~~~~~~~~~~~~~~
Finished building: ../src/KNN.cpp
 
Building file: ../src/Normalization.cpp
Invoking: Cross G++ Compiler
g++ -O0 -g3 -Wall -c -fmessage-length=0 -fopenmp -MMD -MP -MF"src/Normalization.d" -MT"src/Normalization.o" -o "src/Normalization.o" "../src/Normalization.cpp"
../src/Normalization.cpp: In member function ‘void Normalization::findMinMax()’:
../src/Normalization.cpp:23:6: warning: unused variable ‘i’ [-Wunused-variable]
  int i, j;
      ^
../src/Normalization.cpp:23:9: warning: unused variable ‘j’ [-Wunused-variable]
  int i, j;
         ^
Finished building: ../src/Normalization.cpp
 
Building file: ../src/Standarization.cpp
Invoking: Cross G++ Compiler
g++ -O0 -g3 -Wall -c -fmessage-length=0 -fopenmp -MMD -MP -MF"src/Standarization.d" -MT"src/Standarization.o" -o "src/Standarization.o" "../src/Standarization.cpp"
Finished building: ../src/Standarization.cpp
 
Building file: ../src/lab1.cpp
Invoking: Cross G++ Compiler
g++ -O0 -g3 -Wall -c -fmessage-length=0 -fopenmp -MMD -MP -MF"src/lab1.d" -MT"src/lab1.o" -o "src/lab1.o" "../src/lab1.cpp"
Finished building: ../src/lab1.cpp
 
Building target: lab1
Invoking: Cross G++ Linker
g++ -fopenmp -o "lab1"  ./src/FIleLoader.o ./src/KNN.o ./src/Normalization.o ./src/Standarization.o ./src/lab1.o   
Finished building target: lab1
 
13:01:19 **** Incremental Build of configuration Debug for project lab1 ****
make all 
Building file: ../src/KNN.cpp
Invoking: Cross G++ Compiler
g++ -O0 -g3 -Wall -c -fmessage-length=0 -fopenmp -MMD -MP -MF"src/KNN.d" -MT"src/KNN.o" -o "src/KNN.o" "../src/KNN.cpp"
../src/KNN.cpp: In member function ‘double KNN::getAccuracy()’:
../src/KNN.cpp:34:20: warning: comparison between signed and unsigned integer expressions [-Wsign-compare]
  for (int i = 0; i < testingSet.size(); i++) {
                  ~~^~~~~~~~~~~~~~~~~~~
../src/KNN.cpp: In member function ‘std::__cxx11::string KNN::calculatePrediction(std::priority_queue<Row, std::vector<Row>, CompareRows>, Row, int)’:
../src/KNN.cpp:48:20: warning: comparison between signed and unsigned integer expressions [-Wsign-compare]
  for (int j = 0; j < trainingSet.size(); j++) {
                  ~~^~~~~~~~~~~~~~~~~~~~
Finished building: ../src/KNN.cpp
 
Building target: lab1
Invoking: Cross G++ Linker
g++ -fopenmp -o "lab1"  ./src/FIleLoader.o ./src/KNN.o ./src/Normalization.o ./src/Standarization.o ./src/lab1.o   
Finished building target: lab1
 
13:04:00 **** Incremental Build of configuration Debug for project lab1 ****
make all 
Building file: ../src/KNN.cpp
Invoking: Cross G++ Compiler
g++ -O0 -g3 -Wall -c -fmessage-length=0 -fopenmp -MMD -MP -MF"src/KNN.d" -MT"src/KNN.o" -o "src/KNN.o" "../src/KNN.cpp"
../src/KNN.cpp: In member function ‘double KNN::getAccuracy()’:
../src/KNN.cpp:34:20: warning: comparison between signed and unsigned integer expressions [-Wsign-compare]
  for (int i = 0; i < testingSet.size(); i++) {
                  ~~^~~~~~~~~~~~~~~~~~~
../src/KNN.cpp: In member function ‘std::__cxx11::string KNN::calculatePrediction(std::priority_queue<Row, std::vector<Row>, CompareRows>, Row, int)’:
../src/KNN.cpp:48:20: warning: comparison between signed and unsigned integer expressions [-Wsign-compare]
  for (int j = 0; j < trainingSet.size(); j++) {
                  ~~^~~~~~~~~~~~~~~~~~~~
Finished building: ../src/KNN.cpp
 
Building file: ../src/lab1.cpp
Invoking: Cross G++ Compiler
g++ -O0 -g3 -Wall -c -fmessage-length=0 -fopenmp -MMD -MP -MF"src/lab1.d" -MT"src/lab1.o" -o "src/lab1.o" "../src/lab1.cpp"
Finished building: ../src/lab1.cpp
 
Building target: lab1
Invoking: Cross G++ Linker
g++ -fopenmp -o "lab1"  ./src/FIleLoader.o ./src/KNN.o ./src/Normalization.o ./src/Standarization.o ./src/lab1.o   
Finished building target: lab1
 
13:06:29 **** Incremental Build of configuration Debug for project lab1 ****
make all 
make: Nothing to be done for 'all'.
13:06:32 **** Incremental Build of configuration Debug for project lab1 ****
make all 
Building file: ../src/KNN.cpp
Invoking: Cross G++ Compiler
g++ -O0 -g3 -Wall -c -fmessage-length=0 -fopenmp -MMD -MP -MF"src/KNN.d" -MT"src/KNN.o" -o "src/KNN.o" "../src/KNN.cpp"
../src/KNN.cpp: In member function ‘double KNN::getAccuracy()’:
../src/KNN.cpp:42:20: warning: comparison between signed and unsigned integer expressions [-Wsign-compare]
  for (int i = 0; i < testingSet.size(); i++) {
                  ~~^~~~~~~~~~~~~~~~~~~
../src/KNN.cpp: In member function ‘std::__cxx11::string KNN::calculatePrediction(std::priority_queue<Row, std::vector<Row>, CompareRows>, Row, int)’:
../src/KNN.cpp:56:20: warning: comparison between signed and unsigned integer expressions [-Wsign-compare]
  for (int j = 0; j < trainingSet.size(); j++) {
                  ~~^~~~~~~~~~~~~~~~~~~~
Finished building: ../src/KNN.cpp
 
Building target: lab1
Invoking: Cross G++ Linker
g++ -fopenmp -o "lab1"  ./src/FIleLoader.o ./src/KNN.o ./src/Normalization.o ./src/Standarization.o ./src/lab1.o   
Finished building target: lab1
 
13:07:03 **** Incremental Build of configuration Debug for project lab1 ****
make all 
Building file: ../src/lab1.cpp
Invoking: Cross G++ Compiler
g++ -O0 -g3 -Wall -c -fmessage-length=0 -fopenmp -MMD -MP -MF"src/lab1.d" -MT"src/lab1.o" -o "src/lab1.o" "../src/lab1.cpp"
Finished building: ../src/lab1.cpp
 
Building target: lab1
Invoking: Cross G++ Linker
g++ -fopenmp -o "lab1"  ./src/FIleLoader.o ./src/KNN.o ./src/Normalization.o ./src/Standarization.o ./src/lab1.o   
Finished building target: lab1
 
13:09:01 **** Incremental Build of configuration Debug for project lab1 ****
make all 
Building file: ../src/FIleLoader.cpp
Invoking: Cross G++ Compiler
g++ -O0 -g3 -Wall -c -fmessage-length=0 -fopenmp -MMD -MP -MF"src/FIleLoader.d" -MT"src/FIleLoader.o" -o "src/FIleLoader.o" "../src/FIleLoader.cpp"
../src/FIleLoader.cpp: In member function ‘std::__cxx11::string FileLoader::prepareData(std::__cxx11::string)’:
../src/FIleLoader.cpp:41:6: warning: unused variable ‘categoryTmp’ [-Wunused-variable]
  int categoryTmp = 2;
      ^~~~~~~~~~~
Finished building: ../src/FIleLoader.cpp
 
Building file: ../src/KNN.cpp
Invoking: Cross G++ Compiler
g++ -O0 -g3 -Wall -c -fmessage-length=0 -fopenmp -MMD -MP -MF"src/KNN.d" -MT"src/KNN.o" -o "src/KNN.o" "../src/KNN.cpp"
../src/KNN.cpp: In member function ‘double KNN::getAccuracy()’:
../src/KNN.cpp:42:20: warning: comparison between signed and unsigned integer expressions [-Wsign-compare]
  for (int i = 0; i < testingSet.size(); i++) {
                  ~~^~~~~~~~~~~~~~~~~~~
../src/KNN.cpp: In member function ‘std::__cxx11::string KNN::calculatePrediction(std::priority_queue<Row, std::vector<Row>, CompareRows>, Row, int)’:
../src/KNN.cpp:56:20: warning: comparison between signed and unsigned integer expressions [-Wsign-compare]
  for (int j = 0; j < trainingSet.size(); j++) {
                  ~~^~~~~~~~~~~~~~~~~~~~
Finished building: ../src/KNN.cpp
 
Building file: ../src/Normalization.cpp
Invoking: Cross G++ Compiler
g++ -O0 -g3 -Wall -c -fmessage-length=0 -fopenmp -MMD -MP -MF"src/Normalization.d" -MT"src/Normalization.o" -o "src/Normalization.o" "../src/Normalization.cpp"
../src/Normalization.cpp: In member function ‘void Normalization::findMinMax()’:
../src/Normalization.cpp:23:6: warning: unused variable ‘i’ [-Wunused-variable]
  int i, j;
      ^
../src/Normalization.cpp:23:9: warning: unused variable ‘j’ [-Wunused-variable]
  int i, j;
         ^
Finished building: ../src/Normalization.cpp
 
Building file: ../src/Standarization.cpp
Invoking: Cross G++ Compiler
g++ -O0 -g3 -Wall -c -fmessage-length=0 -fopenmp -MMD -MP -MF"src/Standarization.d" -MT"src/Standarization.o" -o "src/Standarization.o" "../src/Standarization.cpp"
Finished building: ../src/Standarization.cpp
 
Building file: ../src/lab1.cpp
Invoking: Cross G++ Compiler
g++ -O0 -g3 -Wall -c -fmessage-length=0 -fopenmp -MMD -MP -MF"src/lab1.d" -MT"src/lab1.o" -o "src/lab1.o" "../src/lab1.cpp"
Finished building: ../src/lab1.cpp
 
Building target: lab1
Invoking: Cross G++ Linker
g++ -fopenmp -o "lab1"  ./src/FIleLoader.o ./src/KNN.o ./src/Normalization.o ./src/Standarization.o ./src/lab1.o   
Finished building target: lab1
 
13:09:22 **** Incremental Build of configuration Debug for project lab1 ****
make all 
Building file: ../src/FIleLoader.cpp
Invoking: Cross G++ Compiler
g++ -O0 -g3 -Wall -c -fmessage-length=0 -fopenmp -MMD -MP -MF"src/FIleLoader.d" -MT"src/FIleLoader.o" -o "src/FIleLoader.o" "../src/FIleLoader.cpp"
Finished building: ../src/FIleLoader.cpp
 
Building target: lab1
Invoking: Cross G++ Linker
g++ -fopenmp -o "lab1"  ./src/FIleLoader.o ./src/KNN.o ./src/Normalization.o ./src/Standarization.o ./src/lab1.o   
Finished building target: lab1
 
13:09:25 **** Incremental Build of configuration Debug for project lab1 ****
make all 
make: Nothing to be done for 'all'.
13:11:38 **** Incremental Build of configuration Debug for project lab1 ****
make all 
Building file: ../src/FIleLoader.cpp
Invoking: Cross G++ Compiler
g++ -O0 -g3 -Wall -c -fmessage-length=0 -fopenmp -MMD -MP -MF"src/FIleLoader.d" -MT"src/FIleLoader.o" -o "src/FIleLoader.o" "../src/FIleLoader.cpp"
Finished building: ../src/FIleLoader.cpp
 
Building target: lab1
Invoking: Cross G++ Linker
g++ -fopenmp -o "lab1"  ./src/FIleLoader.o ./src/KNN.o ./src/Normalization.o ./src/Standarization.o ./src/lab1.o   
Finished building target: lab1
 
13:11:41 **** Incremental Build of configuration Debug for project lab1 ****
make all 
make: Nothing to be done for 'all'.
13:14:22 **** Incremental Build of configuration Debug for project lab1 ****
make all 
make: Nothing to be done for 'all'.
13:18:39 **** Incremental Build of configuration Debug for project lab1 ****
make all 
make: Nothing to be done for 'all'.
13:20:10 **** Incremental Build of configuration Debug for project lab1 ****
make all 
make: Nothing to be done for 'all'.
13:20:33 **** Incremental Build of configuration Debug for project lab1 ****
make all 
Building file: ../src/FIleLoader.cpp
Invoking: Cross G++ Compiler
g++ -O0 -g3 -Wall -c -fmessage-length=0 -fopenmp -MMD -MP -MF"src/FIleLoader.d" -MT"src/FIleLoader.o" -o "src/FIleLoader.o" "../src/FIleLoader.cpp"
Finished building: ../src/FIleLoader.cpp
 
Building target: lab1
Invoking: Cross G++ Linker
g++ -fopenmp -o "lab1"  ./src/FIleLoader.o ./src/KNN.o ./src/Normalization.o ./src/Standarization.o ./src/lab1.o   
Finished building target: lab1
 
13:20:45 **** Incremental Build of configuration Debug for project lab1 ****
make all 
Building file: ../src/FIleLoader.cpp
Invoking: Cross G++ Compiler
g++ -O0 -g3 -Wall -c -fmessage-length=0 -fopenmp -MMD -MP -MF"src/FIleLoader.d" -MT"src/FIleLoader.o" -o "src/FIleLoader.o" "../src/FIleLoader.cpp"
../src/FIleLoader.cpp: In member function ‘Row FileLoader::loadRow(std::__cxx11::string)’:
../src/FIleLoader.cpp:27:22: error: ‘NUM_OF_FEATURE’ was not declared in this scope
  for (int i = 0; i < NUM_OF_FEATURE; i++) {
                      ^~~~~~~~~~~~~~
../src/FIleLoader.cpp:27:22: note: suggested alternative: ‘NUM_OF_FEATURES’
  for (int i = 0; i < NUM_OF_FEATURE; i++) {
                      ^~~~~~~~~~~~~~
                      NUM_OF_FEATURES
src/subdir.mk:30: recipe for target 'src/FIleLoader.o' failed
make: *** [src/FIleLoader.o] Error 1
"make all" terminated with exit code 2. Build might be incomplete.
13:21:01 **** Incremental Build of configuration Debug for project lab1 ****
make all 
Building file: ../src/FIleLoader.cpp
Invoking: Cross G++ Compiler
g++ -O0 -g3 -Wall -c -fmessage-length=0 -fopenmp -MMD -MP -MF"src/FIleLoader.d" -MT"src/FIleLoader.o" -o "src/FIleLoader.o" "../src/FIleLoader.cpp"
Finished building: ../src/FIleLoader.cpp
 
Building target: lab1
Invoking: Cross G++ Linker
g++ -fopenmp -o "lab1"  ./src/FIleLoader.o ./src/KNN.o ./src/Normalization.o ./src/Standarization.o ./src/lab1.o   
Finished building target: lab1
 
13:21:04 **** Incremental Build of configuration Debug for project lab1 ****
make all 
make: Nothing to be done for 'all'.
13:24:01 **** Incremental Build of configuration Debug for project lab1 ****
make all 
Building file: ../src/Normalization.cpp
Invoking: Cross G++ Compiler
g++ -O0 -g3 -Wall -c -fmessage-length=0 -fopenmp -MMD -MP -MF"src/Normalization.d" -MT"src/Normalization.o" -o "src/Normalization.o" "../src/Normalization.cpp"
../src/Normalization.cpp: In member function ‘void Normalization::findMinMax()’:
../src/Normalization.cpp:24:6: warning: unused variable ‘i’ [-Wunused-variable]
  int i, j;
      ^
../src/Normalization.cpp:24:9: warning: unused variable ‘j’ [-Wunused-variable]
  int i, j;
         ^
Finished building: ../src/Normalization.cpp
 
Building file: ../src/lab1.cpp
Invoking: Cross G++ Compiler
g++ -O0 -g3 -Wall -c -fmessage-length=0 -fopenmp -MMD -MP -MF"src/lab1.d" -MT"src/lab1.o" -o "src/lab1.o" "../src/lab1.cpp"
Finished building: ../src/lab1.cpp
 
Building target: lab1
Invoking: Cross G++ Linker
g++ -fopenmp -o "lab1"  ./src/FIleLoader.o ./src/KNN.o ./src/Normalization.o ./src/Standarization.o ./src/lab1.o   
Finished building target: lab1
 
13:24:14 **** Incremental Build of configuration Debug for project lab1 ****
make all 
Building file: ../src/Normalization.cpp
Invoking: Cross G++ Compiler
g++ -O0 -g3 -Wall -c -fmessage-length=0 -fopenmp -MMD -MP -MF"src/Normalization.d" -MT"src/Normalization.o" -o "src/Normalization.o" "../src/Normalization.cpp"
Finished building: ../src/Normalization.cpp
 
Building target: lab1
Invoking: Cross G++ Linker
g++ -fopenmp -o "lab1"  ./src/FIleLoader.o ./src/KNN.o ./src/Normalization.o ./src/Standarization.o ./src/lab1.o   
Finished building target: lab1
 
13:24:19 **** Incremental Build of configuration Debug for project lab1 ****
make all 
make: Nothing to be done for 'all'.
13:30:51 **** Incremental Build of configuration Debug for project lab1 ****
make all 
make: Nothing to be done for 'all'.
13:31:42 **** Incremental Build of configuration Debug for project lab1 ****
make all 
Building file: ../src/Standarization.cpp
Invoking: Cross G++ Compiler
g++ -O0 -g3 -Wall -c -fmessage-length=0 -fopenmp -MMD -MP -MF"src/Standarization.d" -MT"src/Standarization.o" -o "src/Standarization.o" "../src/Standarization.cpp"
Finished building: ../src/Standarization.cpp
 
Building target: lab1
Invoking: Cross G++ Linker
g++ -fopenmp -o "lab1"  ./src/FIleLoader.o ./src/KNN.o ./src/Normalization.o ./src/Standarization.o ./src/lab1.o   
Finished building target: lab1
 
13:31:52 **** Incremental Build of configuration Debug for project lab1 ****
make all 
make: Nothing to be done for 'all'.
13:33:57 **** Incremental Build of configuration Debug for project lab1 ****
make all 
Building file: ../src/KNN.cpp
Invoking: Cross G++ Compiler
g++ -O0 -g3 -Wall -c -fmessage-length=0 -fopenmp -MMD -MP -MF"src/KNN.d" -MT"src/KNN.o" -o "src/KNN.o" "../src/KNN.cpp"
../src/KNN.cpp: In member function ‘double KNN::getAccuracy()’:
../src/KNN.cpp:42:20: warning: comparison between signed and unsigned integer expressions [-Wsign-compare]
  for (int i = 0; i < testingSet.size(); i++) {
                  ~~^~~~~~~~~~~~~~~~~~~
../src/KNN.cpp: In member function ‘std::__cxx11::string KNN::calculatePrediction(std::priority_queue<Row, std::vector<Row>, CompareRows>, Row, int)’:
../src/KNN.cpp:56:20: warning: comparison between signed and unsigned integer expressions [-Wsign-compare]
  for (int j = 0; j < trainingSet.size(); j++) {
                  ~~^~~~~~~~~~~~~~~~~~~~
Finished building: ../src/KNN.cpp
 
Building target: lab1
Invoking: Cross G++ Linker
g++ -fopenmp -o "lab1"  ./src/FIleLoader.o ./src/KNN.o ./src/Normalization.o ./src/Standarization.o ./src/lab1.o   
Finished building target: lab1
 
13:34:00 **** Incremental Build of configuration Debug for project lab1 ****
make all 
make: Nothing to be done for 'all'.
13:36:23 **** Incremental Build of configuration Debug for project lab1 ****
make all 
Building file: ../src/KNN.cpp
Invoking: Cross G++ Compiler
g++ -O0 -g3 -Wall -c -fmessage-length=0 -fopenmp -MMD -MP -MF"src/KNN.d" -MT"src/KNN.o" -o "src/KNN.o" "../src/KNN.cpp"
../src/KNN.cpp: In member function ‘double KNN::getAccuracy()’:
../src/KNN.cpp:42:20: warning: comparison between signed and unsigned integer expressions [-Wsign-compare]
  for (int i = 0; i < testingSet.size(); i++) {
                  ~~^~~~~~~~~~~~~~~~~~~
../src/KNN.cpp: In member function ‘std::__cxx11::string KNN::calculatePrediction(std::priority_queue<Row, std::vector<Row>, CompareRows>, Row, int)’:
../src/KNN.cpp:56:20: warning: comparison between signed and unsigned integer expressions [-Wsign-compare]
  for (int j = 0; j < trainingSet.size(); j++) {
                  ~~^~~~~~~~~~~~~~~~~~~~
Finished building: ../src/KNN.cpp
 
Building target: lab1
Invoking: Cross G++ Linker
g++ -fopenmp -o "lab1"  ./src/FIleLoader.o ./src/KNN.o ./src/Normalization.o ./src/Standarization.o ./src/lab1.o   
make: *** Deleting file 'lab1'
make: *** [lab1] Terminated
makefile:45: recipe for target 'lab1' failed
Command canceled
13:36:26 **** Build of configuration Debug for project lab1 ****
make all 
Building target: lab1
Invoking: Cross G++ Linker
g++ -fopenmp -o "lab1"  ./src/FIleLoader.o ./src/KNN.o ./src/Normalization.o ./src/Standarization.o ./src/lab1.o   
Finished building target: lab1
 
13:40:15 **** Incremental Build of configuration Debug for project lab1 ****
make all 
make: Nothing to be done for 'all'.
13:44:24 **** Incremental Build of configuration Debug for project lab1 ****
make all 
Building file: ../src/FIleLoader.cpp
Invoking: Cross G++ Compiler
g++ -O0 -g3 -Wall -c -fmessage-length=0 -fopenmp -MMD -MP -MF"src/FIleLoader.d" -MT"src/FIleLoader.o" -o "src/FIleLoader.o" "../src/FIleLoader.cpp"
Finished building: ../src/FIleLoader.cpp
 
Building target: lab1
Invoking: Cross G++ Linker
g++ -fopenmp -o "lab1"  ./src/FIleLoader.o ./src/KNN.o ./src/Normalization.o ./src/Standarization.o ./src/lab1.o   
Finished building target: lab1
 
13:45:39 **** Incremental Build of configuration Debug for project lab1 ****
make all 
Building file: ../src/FIleLoader.cpp
Invoking: Cross G++ Compiler
g++ -O0 -g3 -Wall -c -fmessage-length=0 -fopenmp -MMD -MP -MF"src/FIleLoader.d" -MT"src/FIleLoader.o" -o "src/FIleLoader.o" "../src/FIleLoader.cpp"
Finished building: ../src/FIleLoader.cpp
 
Building file: ../src/lab1.cpp
Invoking: Cross G++ Compiler
g++ -O0 -g3 -Wall -c -fmessage-length=0 -fopenmp -MMD -MP -MF"src/lab1.d" -MT"src/lab1.o" -o "src/lab1.o" "../src/lab1.cpp"
Finished building: ../src/lab1.cpp
 
Building target: lab1
Invoking: Cross G++ Linker
g++ -fopenmp -o "lab1"  ./src/FIleLoader.o ./src/KNN.o ./src/Normalization.o ./src/Standarization.o ./src/lab1.o   
Finished building target: lab1
 
13:45:56 **** Incremental Build of configuration Debug for project lab1 ****
make all 
Building file: ../src/FIleLoader.cpp
Invoking: Cross G++ Compiler
g++ -O0 -g3 -Wall -c -fmessage-length=0 -fopenmp -MMD -MP -MF"src/FIleLoader.d" -MT"src/FIleLoader.o" -o "src/FIleLoader.o" "../src/FIleLoader.cpp"
Finished building: ../src/FIleLoader.cpp
 
Building target: lab1
Invoking: Cross G++ Linker
g++ -fopenmp -o "lab1"  ./src/FIleLoader.o ./src/KNN.o ./src/Normalization.o ./src/Standarization.o ./src/lab1.o   
Finished building target: lab1
 
12:14:23 **** Incremental Build of configuration Debug for project lab1 ****
make all 
Building file: ../src/FIleLoader.cpp
Invoking: Cross G++ Compiler
g++ -O0 -g3 -Wall -c -fmessage-length=0 -fopenmp -MMD -MP -MF"src/FIleLoader.d" -MT"src/FIleLoader.o" -o "src/FIleLoader.o" "../src/FIleLoader.cpp"
Finished building: ../src/FIleLoader.cpp
 
Building file: ../src/KNN.cpp
Invoking: Cross G++ Compiler
g++ -O0 -g3 -Wall -c -fmessage-length=0 -fopenmp -MMD -MP -MF"src/KNN.d" -MT"src/KNN.o" -o "src/KNN.o" "../src/KNN.cpp"
../src/KNN.cpp: In member function ‘double KNN::getAccuracy()’:
../src/KNN.cpp:42:20: warning: comparison between signed and unsigned integer expressions [-Wsign-compare]
  for (int i = 0; i < testingSet.size(); i++) {
                  ~~^~~~~~~~~~~~~~~~~~~
../src/KNN.cpp: In member function ‘std::__cxx11::string KNN::calculatePrediction(std::priority_queue<Row, std::vector<Row>, CompareRows>, Row, int)’:
../src/KNN.cpp:56:20: warning: comparison between signed and unsigned integer expressions [-Wsign-compare]
  for (int j = 0; j < trainingSet.size(); j++) {
                  ~~^~~~~~~~~~~~~~~~~~~~
Finished building: ../src/KNN.cpp
 
Building file: ../src/Normalization.cpp
Invoking: Cross G++ Compiler
g++ -O0 -g3 -Wall -c -fmessage-length=0 -fopenmp -MMD -MP -MF"src/Normalization.d" -MT"src/Normalization.o" -o "src/Normalization.o" "../src/Normalization.cpp"
Finished building: ../src/Normalization.cpp
 
Building file: ../src/Standarization.cpp
Invoking: Cross G++ Compiler
g++ -O0 -g3 -Wall -c -fmessage-length=0 -fopenmp -MMD -MP -MF"src/Standarization.d" -MT"src/Standarization.o" -o "src/Standarization.o" "../src/Standarization.cpp"
Finished building: ../src/Standarization.cpp
 
Building file: ../src/lab1.cpp
Invoking: Cross G++ Compiler
g++ -O0 -g3 -Wall -c -fmessage-length=0 -fopenmp -MMD -MP -MF"src/lab1.d" -MT"src/lab1.o" -o "src/lab1.o" "../src/lab1.cpp"
Finished building: ../src/lab1.cpp
 
Building target: lab1
Invoking: Cross G++ Linker
g++ -fopenmp -o "lab1"  ./src/FIleLoader.o ./src/KNN.o ./src/Normalization.o ./src/Standarization.o ./src/lab1.o   
Finished building target: lab1
 
12:14:32 **** Incremental Build of configuration Debug for project lab1 ****
make all 
make: Nothing to be done for 'all'.
12:17:39 **** Incremental Build of configuration Debug for project lab1 ****
make all 
make: Nothing to be done for 'all'.
12:18:37 **** Incremental Build of configuration Debug for project lab1 ****
make all 
Building file: ../src/KNN.cpp
Invoking: Cross G++ Compiler
g++ -O0 -g3 -Wall -c -fmessage-length=0 -fopenmp -MMD -MP -MF"src/KNN.d" -MT"src/KNN.o" -o "src/KNN.o" "../src/KNN.cpp"
../src/KNN.cpp: In member function ‘double KNN::getAccuracy()’:
../src/KNN.cpp:42:20: warning: comparison between signed and unsigned integer expressions [-Wsign-compare]
  for (int i = 0; i < testingSet.size(); i++) {
                  ~~^~~~~~~~~~~~~~~~~~~
../src/KNN.cpp: In member function ‘std::__cxx11::string KNN::calculatePrediction(std::priority_queue<Row, std::vector<Row>, CompareRows>, Row, int)’:
../src/KNN.cpp:56:20: warning: comparison between signed and unsigned integer expressions [-Wsign-compare]
  for (int j = 0; j < trainingSet.size(); j++) {
                  ~~^~~~~~~~~~~~~~~~~~~~
Finished building: ../src/KNN.cpp
 
Building target: lab1
Invoking: Cross G++ Linker
g++ -fopenmp -o "lab1"  ./src/FIleLoader.o ./src/KNN.o ./src/Normalization.o ./src/Standarization.o ./src/lab1.o   
Finished building target: lab1
 
12:18:40 **** Incremental Build of configuration Debug for project lab1 ****
make all 
make: Nothing to be done for 'all'.
12:27:13 **** Incremental Build of configuration Debug for project lab1 ****
make all 
Building file: ../src/FIleLoader.cpp
Invoking: Cross G++ Compiler
g++ -O0 -g3 -Wall -c -fmessage-length=0 -fopenmp -MMD -MP -MF"src/FIleLoader.d" -MT"src/FIleLoader.o" -o "src/FIleLoader.o" "../src/FIleLoader.cpp"
Finished building: ../src/FIleLoader.cpp
 
Building target: lab1
Invoking: Cross G++ Linker
g++ -fopenmp -o "lab1"  ./src/FIleLoader.o ./src/KNN.o ./src/Normalization.o ./src/Standarization.o ./src/lab1.o   
Finished building target: lab1
 
12:27:21 **** Incremental Build of configuration Debug for project lab1 ****
make all 
make: Nothing to be done for 'all'.
12:28:05 **** Incremental Build of configuration Debug for project lab1 ****
make all 
Building file: ../src/KNN.cpp
Invoking: Cross G++ Compiler
g++ -O0 -g3 -Wall -c -fmessage-length=0 -fopenmp -MMD -MP -MF"src/KNN.d" -MT"src/KNN.o" -o "src/KNN.o" "../src/KNN.cpp"
../src/KNN.cpp: In member function ‘double KNN::getAccuracy()’:
../src/KNN.cpp:42:20: warning: comparison between signed and unsigned integer expressions [-Wsign-compare]
  for (int i = 0; i < testingSet.size(); i++) {
                  ~~^~~~~~~~~~~~~~~~~~~
../src/KNN.cpp: In member function ‘std::__cxx11::string KNN::calculatePrediction(std::priority_queue<Row, std::vector<Row>, CompareRows>, Row, int)’:
../src/KNN.cpp:56:20: warning: comparison between signed and unsigned integer expressions [-Wsign-compare]
  for (int j = 0; j < trainingSet.size(); j++) {
                  ~~^~~~~~~~~~~~~~~~~~~~
Finished building: ../src/KNN.cpp
 
Building target: lab1
Invoking: Cross G++ Linker
g++ -fopenmp -o "lab1"  ./src/FIleLoader.o ./src/KNN.o ./src/Normalization.o ./src/Standarization.o ./src/lab1.o   
Finished building target: lab1
 
12:28:09 **** Incremental Build of configuration Debug for project lab1 ****
make all 
make: Nothing to be done for 'all'.
12:45:38 **** Incremental Build of configuration Debug for project lab1 ****
make all 
Building file: ../src/FIleLoader.cpp
Invoking: Cross G++ Compiler
g++ -O0 -g3 -Wall -c -fmessage-length=0 -fopenmp -MMD -MP -MF"src/FIleLoader.d" -MT"src/FIleLoader.o" -o "src/FIleLoader.o" "../src/FIleLoader.cpp"
Finished building: ../src/FIleLoader.cpp
 
Building file: ../src/KNN.cpp
Invoking: Cross G++ Compiler
g++ -O0 -g3 -Wall -c -fmessage-length=0 -fopenmp -MMD -MP -MF"src/KNN.d" -MT"src/KNN.o" -o "src/KNN.o" "../src/KNN.cpp"
../src/KNN.cpp: In member function ‘double KNN::getAccuracy()’:
../src/KNN.cpp:42:20: warning: comparison between signed and unsigned integer expressions [-Wsign-compare]
  for (int i = 0; i < testingSet.size(); i++) {
                  ~~^~~~~~~~~~~~~~~~~~~
../src/KNN.cpp: In member function ‘std::__cxx11::string KNN::calculatePrediction(std::priority_queue<Row, std::vector<Row>, CompareRows>, Row, int)’:
../src/KNN.cpp:56:20: warning: comparison between signed and unsigned integer expressions [-Wsign-compare]
  for (int j = 0; j < trainingSet.size(); j++) {
                  ~~^~~~~~~~~~~~~~~~~~~~
Finished building: ../src/KNN.cpp
 
Building file: ../src/Normalization.cpp
Invoking: Cross G++ Compiler
g++ -O0 -g3 -Wall -c -fmessage-length=0 -fopenmp -MMD -MP -MF"src/Normalization.d" -MT"src/Normalization.o" -o "src/Normalization.o" "../src/Normalization.cpp"
Finished building: ../src/Normalization.cpp
 
Building file: ../src/Standarization.cpp
Invoking: Cross G++ Compiler
g++ -O0 -g3 -Wall -c -fmessage-length=0 -fopenmp -MMD -MP -MF"src/Standarization.d" -MT"src/Standarization.o" -o "src/Standarization.o" "../src/Standarization.cpp"
Finished building: ../src/Standarization.cpp
 
Building file: ../src/lab1.cpp
Invoking: Cross G++ Compiler
g++ -O0 -g3 -Wall -c -fmessage-length=0 -fopenmp -MMD -MP -MF"src/lab1.d" -MT"src/lab1.o" -o "src/lab1.o" "../src/lab1.cpp"
Finished building: ../src/lab1.cpp
 
Building target: lab1
Invoking: Cross G++ Linker
g++ -fopenmp -o "lab1"  ./src/FIleLoader.o ./src/KNN.o ./src/Normalization.o ./src/Standarization.o ./src/lab1.o   
Finished building target: lab1
 
12:46:15 **** Incremental Build of configuration Debug for project lab1 ****
make all 
Building file: ../src/KNN.cpp
Invoking: Cross G++ Compiler
g++ -O0 -g3 -Wall -c -fmessage-length=0 -fopenmp -MMD -MP -MF"src/KNN.d" -MT"src/KNN.o" -o "src/KNN.o" "../src/KNN.cpp"
../src/KNN.cpp: In member function ‘double KNN::getAccuracy()’:
../src/KNN.cpp:42:20: warning: comparison between signed and unsigned integer expressions [-Wsign-compare]
  for (int i = 0; i < testingSet.size(); i++) {
                  ~~^~~~~~~~~~~~~~~~~~~
../src/KNN.cpp: In member function ‘std::__cxx11::string KNN::calculatePrediction(std::priority_queue<Row, std::vector<Row>, CompareRows>, Row, int)’:
../src/KNN.cpp:56:20: warning: comparison between signed and unsigned integer expressions [-Wsign-compare]
  for (int j = 0; j < trainingSet.size(); j++) {
                  ~~^~~~~~~~~~~~~~~~~~~~
Finished building: ../src/KNN.cpp
 
Building target: lab1
Invoking: Cross G++ Linker
g++ -fopenmp -o "lab1"  ./src/FIleLoader.o ./src/KNN.o ./src/Normalization.o ./src/Standarization.o ./src/lab1.o   
Finished building target: lab1
 
12:46:19 **** Incremental Build of configuration Debug for project lab1 ****
make all 
make: Nothing to be done for 'all'.
12:46:39 **** Incremental Build of configuration Debug for project lab1 ****
make all 
make: Nothing to be done for 'all'.
12:49:08 **** Incremental Build of configuration Debug for project lab1 ****
make all 
Building file: ../src/FIleLoader.cpp
Invoking: Cross G++ Compiler
g++ -O0 -g3 -Wall -c -fmessage-length=0 -fopenmp -MMD -MP -MF"src/FIleLoader.d" -MT"src/FIleLoader.o" -o "src/FIleLoader.o" "../src/FIleLoader.cpp"
Finished building: ../src/FIleLoader.cpp
 
Building target: lab1
Invoking: Cross G++ Linker
g++ -fopenmp -o "lab1"  ./src/FIleLoader.o ./src/KNN.o ./src/Normalization.o ./src/Standarization.o ./src/lab1.o   
Finished building target: lab1
 
12:49:32 **** Incremental Build of configuration Debug for project lab1 ****
make all 
Building file: ../src/FIleLoader.cpp
Invoking: Cross G++ Compiler
g++ -O0 -g3 -Wall -c -fmessage-length=0 -fopenmp -MMD -MP -MF"src/FIleLoader.d" -MT"src/FIleLoader.o" -o "src/FIleLoader.o" "../src/FIleLoader.cpp"
Finished building: ../src/FIleLoader.cpp
 
Building target: lab1
Invoking: Cross G++ Linker
g++ -fopenmp -o "lab1"  ./src/FIleLoader.o ./src/KNN.o ./src/Normalization.o ./src/Standarization.o ./src/lab1.o   
Finished building target: lab1
 
12:52:55 **** Incremental Build of configuration Debug for project lab1 ****
make all 
Building file: ../src/FIleLoader.cpp
Invoking: Cross G++ Compiler
g++ -O0 -g3 -Wall -c -fmessage-length=0 -fopenmp -MMD -MP -MF"src/FIleLoader.d" -MT"src/FIleLoader.o" -o "src/FIleLoader.o" "../src/FIleLoader.cpp"
Finished building: ../src/FIleLoader.cpp
 
Building file: ../src/KNN.cpp
Invoking: Cross G++ Compiler
g++ -O0 -g3 -Wall -c -fmessage-length=0 -fopenmp -MMD -MP -MF"src/KNN.d" -MT"src/KNN.o" -o "src/KNN.o" "../src/KNN.cpp"
../src/KNN.cpp: In member function ‘double KNN::getAccuracy()’:
../src/KNN.cpp:42:20: warning: comparison between signed and unsigned integer expressions [-Wsign-compare]
  for (int i = 0; i < testingSet.size(); i++) {
                  ~~^~~~~~~~~~~~~~~~~~~
../src/KNN.cpp: In member function ‘std::__cxx11::string KNN::calculatePrediction(std::priority_queue<Row, std::vector<Row>, CompareRows>, Row, int)’:
../src/KNN.cpp:56:20: warning: comparison between signed and unsigned integer expressions [-Wsign-compare]
  for (int j = 0; j < trainingSet.size(); j++) {
                  ~~^~~~~~~~~~~~~~~~~~~~
Finished building: ../src/KNN.cpp
 
Building file: ../src/Normalization.cpp
Invoking: Cross G++ Compiler
g++ -O0 -g3 -Wall -c -fmessage-length=0 -fopenmp -MMD -MP -MF"src/Normalization.d" -MT"src/Normalization.o" -o "src/Normalization.o" "../src/Normalization.cpp"
Finished building: ../src/Normalization.cpp
 
Building file: ../src/Standarization.cpp
Invoking: Cross G++ Compiler
g++ -O0 -g3 -Wall -c -fmessage-length=0 -fopenmp -MMD -MP -MF"src/Standarization.d" -MT"src/Standarization.o" -o "src/Standarization.o" "../src/Standarization.cpp"
Finished building: ../src/Standarization.cpp
 
Building file: ../src/lab1.cpp
Invoking: Cross G++ Compiler
g++ -O0 -g3 -Wall -c -fmessage-length=0 -fopenmp -MMD -MP -MF"src/lab1.d" -MT"src/lab1.o" -o "src/lab1.o" "../src/lab1.cpp"
Finished building: ../src/lab1.cpp
 
Building target: lab1
Invoking: Cross G++ Linker
g++ -fopenmp -o "lab1"  ./src/FIleLoader.o ./src/KNN.o ./src/Normalization.o ./src/Standarization.o ./src/lab1.o   
Finished building target: lab1
 
12:53:10 **** Incremental Build of configuration Debug for project lab1 ****
make all 
make: Nothing to be done for 'all'.
12:53:48 **** Incremental Build of configuration Debug for project lab1 ****
make all 
Building file: ../src/FIleLoader.cpp
Invoking: Cross G++ Compiler
g++ -O0 -g3 -Wall -c -fmessage-length=0 -fopenmp -MMD -MP -MF"src/FIleLoader.d" -MT"src/FIleLoader.o" -o "src/FIleLoader.o" "../src/FIleLoader.cpp"
Finished building: ../src/FIleLoader.cpp
 
Building target: lab1
Invoking: Cross G++ Linker
g++ -fopenmp -o "lab1"  ./src/FIleLoader.o ./src/KNN.o ./src/Normalization.o ./src/Standarization.o ./src/lab1.o   
Finished building target: lab1
 
12:54:05 **** Incremental Build of configuration Debug for project lab1 ****
make all 
make: Nothing to be done for 'all'.
12:54:52 **** Incremental Build of configuration Debug for project lab1 ****
make all 
make: Nothing to be done for 'all'.
12:56:08 **** Incremental Build of configuration Debug for project lab1 ****
make all 
make: Nothing to be done for 'all'.
12:57:54 **** Incremental Build of configuration Debug for project lab1 ****
make all 
Building file: ../src/FIleLoader.cpp
Invoking: Cross G++ Compiler
g++ -O0 -g3 -Wall -c -fmessage-length=0 -fopenmp -MMD -MP -MF"src/FIleLoader.d" -MT"src/FIleLoader.o" -o "src/FIleLoader.o" "../src/FIleLoader.cpp"
Finished building: ../src/FIleLoader.cpp
 
Building target: lab1
Invoking: Cross G++ Linker
g++ -fopenmp -o "lab1"  ./src/FIleLoader.o ./src/KNN.o ./src/Normalization.o ./src/Standarization.o ./src/lab1.o   
Finished building target: lab1
 
12:58:40 **** Incremental Build of configuration Debug for project lab1 ****
make all 
make: Nothing to be done for 'all'.
12:59:01 **** Incremental Build of configuration Debug for project lab1 ****
make all 
make: Nothing to be done for 'all'.
13:01:03 **** Incremental Build of configuration Debug for project lab1 ****
make all 
Building file: ../src/KNN.cpp
Invoking: Cross G++ Compiler
g++ -O0 -g3 -Wall -c -fmessage-length=0 -fopenmp -MMD -MP -MF"src/KNN.d" -MT"src/KNN.o" -o "src/KNN.o" "../src/KNN.cpp"
../src/KNN.cpp: In member function ‘double KNN::getAccuracy()’:
../src/KNN.cpp:42:20: warning: comparison between signed and unsigned integer expressions [-Wsign-compare]
  for (int i = 0; i < testingSet.size(); i++) {
                  ~~^~~~~~~~~~~~~~~~~~~
../src/KNN.cpp: In member function ‘std::__cxx11::string KNN::calculatePrediction(std::priority_queue<Row, std::vector<Row>, CompareRows>, Row, int)’:
../src/KNN.cpp:56:20: warning: comparison between signed and unsigned integer expressions [-Wsign-compare]
  for (int j = 0; j < trainingSet.size(); j++) {
                  ~~^~~~~~~~~~~~~~~~~~~~
Finished building: ../src/KNN.cpp
 
Building target: lab1
Invoking: Cross G++ Linker
g++ -fopenmp -o "lab1"  ./src/FIleLoader.o ./src/KNN.o ./src/Normalization.o ./src/Standarization.o ./src/lab1.o   
Finished building target: lab1
 
13:03:50 **** Incremental Build of configuration Debug for project lab1 ****
make all 
Building file: ../src/KNN.cpp
Invoking: Cross G++ Compiler
g++ -O0 -g3 -Wall -c -fmessage-length=0 -fopenmp -MMD -MP -MF"src/KNN.d" -MT"src/KNN.o" -o "src/KNN.o" "../src/KNN.cpp"
../src/KNN.cpp: In member function ‘double KNN::getAccuracy()’:
../src/KNN.cpp:42:20: warning: comparison between signed and unsigned integer expressions [-Wsign-compare]
  for (int i = 0; i < testingSet.size(); i++) {
                  ~~^~~~~~~~~~~~~~~~~~~
../src/KNN.cpp: In member function ‘std::__cxx11::string KNN::calculatePrediction(std::priority_queue<Row, std::vector<Row>, CompareRows>, Row, int)’:
../src/KNN.cpp:56:20: warning: comparison between signed and unsigned integer expressions [-Wsign-compare]
  for (int j = 0; j < trainingSet.size(); j++) {
                  ~~^~~~~~~~~~~~~~~~~~~~
Finished building: ../src/KNN.cpp
 
Building target: lab1
Invoking: Cross G++ Linker
g++ -fopenmp -o "lab1"  ./src/FIleLoader.o ./src/KNN.o ./src/Normalization.o ./src/Standarization.o ./src/lab1.o   
Finished building target: lab1
 
13:16:34 **** Incremental Build of configuration Debug for project lab1 ****
make all 
Building file: ../src/KNN.cpp
Invoking: Cross G++ Compiler
g++ -O0 -g3 -Wall -c -fmessage-length=0 -fopenmp -MMD -MP -MF"src/KNN.d" -MT"src/KNN.o" -o "src/KNN.o" "../src/KNN.cpp"
../src/KNN.cpp: In member function ‘double KNN::getAccuracy()’:
../src/KNN.cpp:42:20: warning: comparison between signed and unsigned integer expressions [-Wsign-compare]
  for (int i = 0; i < testingSet.size(); i++) {
                  ~~^~~~~~~~~~~~~~~~~~~
../src/KNN.cpp: In member function ‘std::__cxx11::string KNN::calculatePrediction(std::priority_queue<Row, std::vector<Row>, CompareRows>, Row, int)’:
../src/KNN.cpp:56:20: warning: comparison between signed and unsigned integer expressions [-Wsign-compare]
  for (int j = 0; j < trainingSet.size(); j++) {
                  ~~^~~~~~~~~~~~~~~~~~~~
Finished building: ../src/KNN.cpp
 
Building target: lab1
Invoking: Cross G++ Linker
g++ -fopenmp -o "lab1"  ./src/FIleLoader.o ./src/KNN.o ./src/Normalization.o ./src/Standarization.o ./src/lab1.o   
Finished building target: lab1
 
13:27:07 **** Incremental Build of configuration Debug for project lab1 ****
make all 
Building file: ../src/lab1.cpp
Invoking: Cross G++ Compiler
g++ -O0 -g3 -Wall -c -fmessage-length=0 -fopenmp -MMD -MP -MF"src/lab1.d" -MT"src/lab1.o" -o "src/lab1.o" "../src/lab1.cpp"
Finished building: ../src/lab1.cpp
 
Building target: lab1
Invoking: Cross G++ Linker
g++ -fopenmp -o "lab1"  ./src/FIleLoader.o ./src/KNN.o ./src/Normalization.o ./src/Standarization.o ./src/lab1.o   
Finished building target: lab1
 
13:41:59 **** Incremental Build of configuration Debug for project lab1 ****
make all 
Building file: ../src/lab1.cpp
Invoking: Cross G++ Compiler
g++ -O0 -g3 -Wall -c -fmessage-length=0 -fopenmp -MMD -MP -MF"src/lab1.d" -MT"src/lab1.o" -o "src/lab1.o" "../src/lab1.cpp"
Finished building: ../src/lab1.cpp
 
Building target: lab1
Invoking: Cross G++ Linker
g++ -fopenmp -o "lab1"  ./src/FIleLoader.o ./src/KNN.o ./src/Normalization.o ./src/Standarization.o ./src/lab1.o   
Finished building target: lab1
 
13:42:54 **** Incremental Build of configuration Debug for project lab1 ****
make all 
make: Nothing to be done for 'all'.
13:43:24 **** Incremental Build of configuration Debug for project lab1 ****
make all 
Building file: ../src/FIleLoader.cpp
Invoking: Cross G++ Compiler
g++ -O0 -g3 -Wall -c -fmessage-length=0 -fopenmp -MMD -MP -MF"src/FIleLoader.d" -MT"src/FIleLoader.o" -o "src/FIleLoader.o" "../src/FIleLoader.cpp"
Finished building: ../src/FIleLoader.cpp
 
Building target: lab1
Invoking: Cross G++ Linker
g++ -fopenmp -o "lab1"  ./src/FIleLoader.o ./src/KNN.o ./src/Normalization.o ./src/Standarization.o ./src/lab1.o   
Finished building target: lab1
 
13:44:13 **** Incremental Build of configuration Debug for project lab1 ****
make all 
Building file: ../src/lab1.cpp
Invoking: Cross G++ Compiler
g++ -O0 -g3 -Wall -c -fmessage-length=0 -fopenmp -MMD -MP -MF"src/lab1.d" -MT"src/lab1.o" -o "src/lab1.o" "../src/lab1.cpp"
Finished building: ../src/lab1.cpp
 
Building target: lab1
Invoking: Cross G++ Linker
g++ -fopenmp -o "lab1"  ./src/FIleLoader.o ./src/KNN.o ./src/Normalization.o ./src/Standarization.o ./src/lab1.o   
Finished building target: lab1
 
13:44:33 **** Incremental Build of configuration Debug for project lab1 ****
make all 
make: Nothing to be done for 'all'.
13:50:27 **** Incremental Build of configuration Debug for project lab1 ****
make all 
Building file: ../src/FIleLoader.cpp
Invoking: Cross G++ Compiler
g++ -O0 -g3 -Wall -c -fmessage-length=0 -fopenmp -MMD -MP -MF"src/FIleLoader.d" -MT"src/FIleLoader.o" -o "src/FIleLoader.o" "../src/FIleLoader.cpp"
Finished building: ../src/FIleLoader.cpp
 
Building file: ../src/KNN.cpp
Invoking: Cross G++ Compiler
g++ -O0 -g3 -Wall -c -fmessage-length=0 -fopenmp -MMD -MP -MF"src/KNN.d" -MT"src/KNN.o" -o "src/KNN.o" "../src/KNN.cpp"
../src/KNN.cpp: In member function ‘double KNN::getAccuracy()’:
../src/KNN.cpp:42:20: warning: comparison between signed and unsigned integer expressions [-Wsign-compare]
  for (int i = 0; i < testingSet.size(); i++) {
                  ~~^~~~~~~~~~~~~~~~~~~
../src/KNN.cpp: In member function ‘std::__cxx11::string KNN::calculatePrediction(std::priority_queue<Row, std::vector<Row>, CompareRows>, Row, int)’:
../src/KNN.cpp:56:20: warning: comparison between signed and unsigned integer expressions [-Wsign-compare]
  for (int j = 0; j < trainingSet.size(); j++) {
                  ~~^~~~~~~~~~~~~~~~~~~~
Finished building: ../src/KNN.cpp
 
Building file: ../src/Normalization.cpp
Invoking: Cross G++ Compiler
g++ -O0 -g3 -Wall -c -fmessage-length=0 -fopenmp -MMD -MP -MF"src/Normalization.d" -MT"src/Normalization.o" -o "src/Normalization.o" "../src/Normalization.cpp"
Finished building: ../src/Normalization.cpp
 
Building file: ../src/Standarization.cpp
Invoking: Cross G++ Compiler
g++ -O0 -g3 -Wall -c -fmessage-length=0 -fopenmp -MMD -MP -MF"src/Standarization.d" -MT"src/Standarization.o" -o "src/Standarization.o" "../src/Standarization.cpp"
Finished building: ../src/Standarization.cpp
 
Building file: ../src/lab1.cpp
Invoking: Cross G++ Compiler
g++ -O0 -g3 -Wall -c -fmessage-length=0 -fopenmp -MMD -MP -MF"src/lab1.d" -MT"src/lab1.o" -o "src/lab1.o" "../src/lab1.cpp"
Finished building: ../src/lab1.cpp
 
Building target: lab1
Invoking: Cross G++ Linker
g++ -fopenmp -o "lab1"  ./src/FIleLoader.o ./src/KNN.o ./src/Normalization.o ./src/Standarization.o ./src/lab1.o   
Finished building target: lab1
 
13:53:30 **** Incremental Build of configuration Debug for project lab1 ****
make all 
Building file: ../src/FIleLoader.cpp
Invoking: Cross G++ Compiler
g++ -O0 -g3 -Wall -c -fmessage-length=0 -fopenmp -MMD -MP -MF"src/FIleLoader.d" -MT"src/FIleLoader.o" -o "src/FIleLoader.o" "../src/FIleLoader.cpp"
Finished building: ../src/FIleLoader.cpp
 
Building target: lab1
Invoking: Cross G++ Linker
g++ -fopenmp -o "lab1"  ./src/FIleLoader.o ./src/KNN.o ./src/Normalization.o ./src/Standarization.o ./src/lab1.o   
Finished building target: lab1
 
20:00:36 **** Incremental Build of configuration Debug for project lab1 ****
make all 
Building file: ../src/FIleLoader.cpp
Invoking: Cross G++ Compiler
g++ -O0 -g3 -Wall -c -fmessage-length=0 -fopenmp -MMD -MP -MF"src/FIleLoader.d" -MT"src/FIleLoader.o" -o "src/FIleLoader.o" "../src/FIleLoader.cpp"
Finished building: ../src/FIleLoader.cpp
 
Building file: ../src/KNN.cpp
Invoking: Cross G++ Compiler
g++ -O0 -g3 -Wall -c -fmessage-length=0 -fopenmp -MMD -MP -MF"src/KNN.d" -MT"src/KNN.o" -o "src/KNN.o" "../src/KNN.cpp"
../src/KNN.cpp: In member function ‘double KNN::getAccuracy()’:
../src/KNN.cpp:42:20: warning: comparison between signed and unsigned integer expressions [-Wsign-compare]
  for (int i = 0; i < testingSet.size(); i++) {
                  ~~^~~~~~~~~~~~~~~~~~~
../src/KNN.cpp: In member function ‘std::__cxx11::string KNN::calculatePrediction(std::priority_queue<Row, std::vector<Row>, CompareRows>, Row, int)’:
../src/KNN.cpp:56:20: warning: comparison between signed and unsigned integer expressions [-Wsign-compare]
  for (int j = 0; j < trainingSet.size(); j++) {
                  ~~^~~~~~~~~~~~~~~~~~~~
Finished building: ../src/KNN.cpp
 
Building file: ../src/Normalization.cpp
Invoking: Cross G++ Compiler
g++ -O0 -g3 -Wall -c -fmessage-length=0 -fopenmp -MMD -MP -MF"src/Normalization.d" -MT"src/Normalization.o" -o "src/Normalization.o" "../src/Normalization.cpp"
Finished building: ../src/Normalization.cpp
 
Building file: ../src/Standarization.cpp
Invoking: Cross G++ Compiler
g++ -O0 -g3 -Wall -c -fmessage-length=0 -fopenmp -MMD -MP -MF"src/Standarization.d" -MT"src/Standarization.o" -o "src/Standarization.o" "../src/Standarization.cpp"
Finished building: ../src/Standarization.cpp
 
Building file: ../src/lab1.cpp
Invoking: Cross G++ Compiler
g++ -O0 -g3 -Wall -c -fmessage-length=0 -fopenmp -MMD -MP -MF"src/lab1.d" -MT"src/lab1.o" -o "src/lab1.o" "../src/lab1.cpp"
Finished building: ../src/lab1.cpp
 
Building target: lab1
Invoking: Cross G++ Linker
g++ -fopenmp -o "lab1"  ./src/FIleLoader.o ./src/KNN.o ./src/Normalization.o ./src/Standarization.o ./src/lab1.o   
Finished building target: lab1
 
20:07:06 **** Incremental Build of configuration Debug for project lab1 ****
make all 
Building file: ../src/KNN.cpp
Invoking: Cross G++ Compiler
g++ -O0 -g3 -Wall -c -fmessage-length=0 -fopenmp -MMD -MP -MF"src/KNN.d" -MT"src/KNN.o" -o "src/KNN.o" "../src/KNN.cpp"
../src/KNN.cpp: In member function ‘double KNN::getAccuracy()’:
../src/KNN.cpp:43:73: error: ‘neighbours’ has not been declared
 #pragma omp parallel for default(none) shared(testingSetSize,testingSet,neighbours,K) private(i) reduction(+:correct)
                                                                         ^~~~~~~~~~
../src/KNN.cpp:43:84: error: ‘K’ has not been declared
 #pragma omp parallel for default(none) shared(testingSetSize,testingSet,neighbours,K) private(i) reduction(+:correct)
                                                                                    ^
../src/KNN.cpp:43:95: error: ‘i’ has not been declared
 #pragma omp parallel for default(none) shared(testingSetSize,testingSet,neighbours,K) private(i) reduction(+:correct)
                                                                                               ^
../src/KNN.cpp: In member function ‘std::__cxx11::string KNN::calculatePrediction(std::priority_queue<Row, std::vector<Row>, CompareRows>, Row, int)’:
../src/KNN.cpp:57:20: warning: comparison between signed and unsigned integer expressions [-Wsign-compare]
  for (int j = 0; j < trainingSet.size(); j++) {
                  ~~^~~~~~~~~~~~~~~~~~~~
src/subdir.mk:30: recipe for target 'src/KNN.o' failed
make: *** [src/KNN.o] Error 1
"make all" terminated with exit code 2. Build might be incomplete.
20:07:25 **** Incremental Build of configuration Debug for project lab1 ****
make all 
Building file: ../src/KNN.cpp
Invoking: Cross G++ Compiler
g++ -O0 -g3 -Wall -c -fmessage-length=0 -fopenmp -MMD -MP -MF"src/KNN.d" -MT"src/KNN.o" -o "src/KNN.o" "../src/KNN.cpp"
../src/KNN.cpp: In member function ‘double KNN::getAccuracy()’:
../src/KNN.cpp:44:73: error: ‘neighbours’ has not been declared
 #pragma omp parallel for default(none) shared(testingSetSize,testingSet,neighbours,K) private(i) reduction(+:correct)
                                                                         ^~~~~~~~~~
../src/KNN.cpp:44:84: error: ‘K’ has not been declared
 #pragma omp parallel for default(none) shared(testingSetSize,testingSet,neighbours,K) private(i) reduction(+:correct)
                                                                                    ^
../src/KNN.cpp: In member function ‘std::__cxx11::string KNN::calculatePrediction(std::priority_queue<Row, std::vector<Row>, CompareRows>, Row, int)’:
../src/KNN.cpp:58:20: warning: comparison between signed and unsigned integer expressions [-Wsign-compare]
  for (int j = 0; j < trainingSet.size(); j++) {
                  ~~^~~~~~~~~~~~~~~~~~~~
make: *** [src/KNN.o] Error 1
src/subdir.mk:30: recipe for target 'src/KNN.o' failed
"make all" terminated with exit code 2. Build might be incomplete.
20:07:56 **** Incremental Build of configuration Debug for project lab1 ****
make all 
Building file: ../src/KNN.cpp
Invoking: Cross G++ Compiler
g++ -O0 -g3 -Wall -c -fmessage-length=0 -fopenmp -MMD -MP -MF"src/KNN.d" -MT"src/KNN.o" -o "src/KNN.o" "../src/KNN.cpp"
../src/KNN.cpp: In member function ‘std::__cxx11::string KNN::calculatePrediction(std::priority_queue<Row, std::vector<Row>, CompareRows>, Row, int)’:
../src/KNN.cpp:58:20: warning: comparison between signed and unsigned integer expressions [-Wsign-compare]
  for (int j = 0; j < trainingSet.size(); j++) {
                  ~~^~~~~~~~~~~~~~~~~~~~
Finished building: ../src/KNN.cpp
 
Building file: ../src/Standarization.cpp
Invoking: Cross G++ Compiler
g++ -O0 -g3 -Wall -c -fmessage-length=0 -fopenmp -MMD -MP -MF"src/Standarization.d" -MT"src/Standarization.o" -o "src/Standarization.o" "../src/Standarization.cpp"
Finished building: ../src/Standarization.cpp
 
Building target: lab1
Invoking: Cross G++ Linker
g++ -fopenmp -o "lab1"  ./src/FIleLoader.o ./src/KNN.o ./src/Normalization.o ./src/Standarization.o ./src/lab1.o   
Finished building target: lab1
 
20:11:38 **** Incremental Build of configuration Debug for project lab1 ****
make all 
Building file: ../src/KNN.cpp
Invoking: Cross G++ Compiler
g++ -O0 -g3 -Wall -c -fmessage-length=0 -fopenmp -MMD -MP -MF"src/KNN.d" -MT"src/KNN.o" -o "src/KNN.o" "../src/KNN.cpp"
../src/KNN.cpp: In member function ‘std::__cxx11::string KNN::calculatePrediction(std::priority_queue<Row, std::vector<Row>, CompareRows>, Row, int)’:
../src/KNN.cpp:60:108: error: ‘j’ has not been declared
  #pragma omp parallel for default(none) shared(trainingSetSize,testingVal,trainingSet,neighbours ) private(j)
                                                                                                            ^
make: *** [src/KNN.o] Error 1
src/subdir.mk:30: recipe for target 'src/KNN.o' failed
"make all" terminated with exit code 2. Build might be incomplete.
20:37:34 **** Incremental Build of configuration Debug for project lab1 ****
make all 
Building file: ../src/KNN.cpp
Invoking: Cross G++ Compiler
g++ -O0 -g3 -Wall -c -fmessage-length=0 -fopenmp -MMD -MP -MF"src/KNN.d" -MT"src/KNN.o" -o "src/KNN.o" "../src/KNN.cpp"
../src/KNN.cpp: In member function ‘std::__cxx11::string KNN::calculatePrediction(std::priority_queue<Row, std::vector<Row>, CompareRows>, Row, int)’:
../src/KNN.cpp:60:108: error: ‘j’ has not been declared
  #pragma omp parallel for default(none) shared(trainingSetSize,testingVal,trainingSet,neighbours ) private(j)
                                                                                                            ^
src/subdir.mk:30: recipe for target 'src/KNN.o' failed
make: *** [src/KNN.o] Error 1
"make all" terminated with exit code 2. Build might be incomplete.
20:37:53 **** Incremental Build of configuration Debug for project lab1 ****
make all 
Building file: ../src/KNN.cpp
Invoking: Cross G++ Compiler
g++ -O0 -g3 -Wall -c -fmessage-length=0 -fopenmp -MMD -MP -MF"src/KNN.d" -MT"src/KNN.o" -o "src/KNN.o" "../src/KNN.cpp"
Finished building: ../src/KNN.cpp
 
Building target: lab1
Invoking: Cross G++ Linker
g++ -fopenmp -o "lab1"  ./src/FIleLoader.o ./src/KNN.o ./src/Normalization.o ./src/Standarization.o ./src/lab1.o   
Finished building target: lab1
 
20:43:47 **** Incremental Build of configuration Debug for project lab1 ****
make all 
Building file: ../src/KNN.cpp
Invoking: Cross G++ Compiler
g++ -O0 -g3 -Wall -c -fmessage-length=0 -fopenmp -MMD -MP -MF"src/KNN.d" -MT"src/KNN.o" -o "src/KNN.o" "../src/KNN.cpp"
../src/KNN.cpp: In member function ‘void KNN::knn()’:
../src/KNN.cpp:31:98: error: ‘prediction’ has not been declared
  #pragma omp parallel for default(none) shared(testingSetSize,testingSet,neighbours,K) private(i,prediction)
                                                                                                  ^~~~~~~~~~
../src/KNN.cpp: In member function ‘std::__cxx11::string KNN::calculatePrediction(std::priority_queue<Row, std::vector<Row>, CompareRows>, Row, int)’:
../src/KNN.cpp:61:108: error: ‘dist’ has not been declared
  #pragma omp parallel for default(none) shared(trainingSetSize,testingVal,trainingSet,neighbours ) private(dist,j)
                                                                                                            ^~~~
../src/KNN.cpp: In member function ‘std::__cxx11::string KNN::votePrediction(std::priority_queue<Row, std::vector<Row>, CompareRows>, int)’:
../src/KNN.cpp:76:75: error: ‘category’ has not been declared
 #pragma omp parallel for default(none) shared(K,neighbours,votes) private(category,v)
                                                                           ^~~~~~~~
../src/KNN.cpp:76:84: error: ‘v’ has not been declared
 #pragma omp parallel for default(none) shared(K,neighbours,votes) private(category,v)
                                                                                    ^
src/subdir.mk:30: recipe for target 'src/KNN.o' failed
make: *** [src/KNN.o] Error 1
"make all" terminated with exit code 2. Build might be incomplete.
20:43:53 **** Incremental Build of configuration Debug for project lab1 ****
make all 
Building file: ../src/KNN.cpp
Invoking: Cross G++ Compiler
g++ -O0 -g3 -Wall -c -fmessage-length=0 -fopenmp -MMD -MP -MF"src/KNN.d" -MT"src/KNN.o" -o "src/KNN.o" "../src/KNN.cpp"
../src/KNN.cpp: In member function ‘void KNN::knn()’:
../src/KNN.cpp:31:98: error: ‘prediction’ has not been declared
  #pragma omp parallel for default(none) shared(testingSetSize,testingSet,neighbours,K) private(i,prediction)
                                                                                                  ^~~~~~~~~~
../src/KNN.cpp: In member function ‘std::__cxx11::string KNN::calculatePrediction(std::priority_queue<Row, std::vector<Row>, CompareRows>, Row, int)’:
../src/KNN.cpp:61:108: error: ‘dist’ has not been declared
  #pragma omp parallel for default(none) shared(trainingSetSize,testingVal,trainingSet,neighbours ) private(dist,j)
                                                                                                            ^~~~
../src/KNN.cpp: In member function ‘std::__cxx11::string KNN::votePrediction(std::priority_queue<Row, std::vector<Row>, CompareRows>, int)’:
../src/KNN.cpp:76:75: error: ‘category’ has not been declared
 #pragma omp parallel for default(none) shared(K,neighbours,votes) private(category,v)
                                                                           ^~~~~~~~
../src/KNN.cpp:76:84: error: ‘v’ has not been declared
 #pragma omp parallel for default(none) shared(K,neighbours,votes) private(category,v)
                                                                                    ^
make: *** [src/KNN.o] Error 1
src/subdir.mk:30: recipe for target 'src/KNN.o' failed
"make all" terminated with exit code 2. Build might be incomplete.
20:44:13 **** Incremental Build of configuration Debug for project lab1 ****
make all 
Building file: ../src/KNN.cpp
Invoking: Cross G++ Compiler
g++ -O0 -g3 -Wall -c -fmessage-length=0 -fopenmp -MMD -MP -MF"src/KNN.d" -MT"src/KNN.o" -o "src/KNN.o" "../src/KNN.cpp"
../src/KNN.cpp: In member function ‘void KNN::knn()’:
../src/KNN.cpp:31:98: error: ‘prediction’ has not been declared
  #pragma omp parallel for default(none) shared(testingSetSize,testingSet,neighbours,K) private(i,prediction)
                                                                                                  ^~~~~~~~~~
../src/KNN.cpp: In member function ‘std::__cxx11::string KNN::calculatePrediction(std::priority_queue<Row, std::vector<Row>, CompareRows>, Row, int)’:
../src/KNN.cpp:61:108: error: ‘dist’ has not been declared
  #pragma omp parallel for default(none) shared(trainingSetSize,testingVal,trainingSet,neighbours ) private(dist,j)
                                                                                                            ^~~~
../src/KNN.cpp: In member function ‘std::__cxx11::string KNN::votePrediction(std::priority_queue<Row, std::vector<Row>, CompareRows>, int)’:
../src/KNN.cpp:76:75: error: ‘category’ has not been declared
 #pragma omp parallel for default(none) shared(K,neighbours,votes) private(category)
                                                                           ^~~~~~~~
src/subdir.mk:30: recipe for target 'src/KNN.o' failed
make: *** [src/KNN.o] Error 1
"make all" terminated with exit code 2. Build might be incomplete.
20:45:21 **** Incremental Build of configuration Debug for project lab1 ****
make all 
Building file: ../src/KNN.cpp
Invoking: Cross G++ Compiler
g++ -O0 -g3 -Wall -c -fmessage-length=0 -fopenmp -MMD -MP -MF"src/KNN.d" -MT"src/KNN.o" -o "src/KNN.o" "../src/KNN.cpp"
../src/KNN.cpp: In member function ‘void KNN::knn()’:
../src/KNN.cpp:31:98: error: ‘prediction’ has not been declared
  #pragma omp parallel for default(none) shared(testingSetSize,testingSet,neighbours,K) private(i,prediction)
                                                                                                  ^~~~~~~~~~
../src/KNN.cpp: In member function ‘std::__cxx11::string KNN::votePrediction(std::priority_queue<Row, std::vector<Row>, CompareRows>, int)’:
../src/KNN.cpp:77:75: error: ‘category’ has not been declared
 #pragma omp parallel for default(none) shared(K,neighbours,votes) private(category)
                                                                           ^~~~~~~~
src/subdir.mk:30: recipe for target 'src/KNN.o' failed
make: *** [src/KNN.o] Error 1
"make all" terminated with exit code 2. Build might be incomplete.
20:45:38 **** Incremental Build of configuration Debug for project lab1 ****
make all 
Building file: ../src/KNN.cpp
Invoking: Cross G++ Compiler
g++ -O0 -g3 -Wall -c -fmessage-length=0 -fopenmp -MMD -MP -MF"src/KNN.d" -MT"src/KNN.o" -o "src/KNN.o" "../src/KNN.cpp"
../src/KNN.cpp: In member function ‘std::__cxx11::string KNN::votePrediction(std::priority_queue<Row, std::vector<Row>, CompareRows>, int)’:
../src/KNN.cpp:78:75: error: ‘category’ has not been declared
 #pragma omp parallel for default(none) shared(K,neighbours,votes) private(category)
                                                                           ^~~~~~~~
make: *** [src/KNN.o] Error 1
src/subdir.mk:30: recipe for target 'src/KNN.o' failed
"make all" terminated with exit code 2. Build might be incomplete.
20:45:42 **** Incremental Build of configuration Debug for project lab1 ****
make all 
Building file: ../src/KNN.cpp
Invoking: Cross G++ Compiler
g++ -O0 -g3 -Wall -c -fmessage-length=0 -fopenmp -MMD -MP -MF"src/KNN.d" -MT"src/KNN.o" -o "src/KNN.o" "../src/KNN.cpp"
../src/KNN.cpp: In member function ‘std::__cxx11::string KNN::votePrediction(std::priority_queue<Row, std::vector<Row>, CompareRows>, int)’:
../src/KNN.cpp:78:75: error: ‘category’ has not been declared
 #pragma omp parallel for default(none) shared(K,neighbours,votes) private(category)
                                                                           ^~~~~~~~
make: *** [src/KNN.o] Error 1
src/subdir.mk:30: recipe for target 'src/KNN.o' failed
"make all" terminated with exit code 2. Build might be incomplete.
20:46:02 **** Incremental Build of configuration Debug for project lab1 ****
make all 
Building file: ../src/KNN.cpp
Invoking: Cross G++ Compiler
g++ -O0 -g3 -Wall -c -fmessage-length=0 -fopenmp -MMD -MP -MF"src/KNN.d" -MT"src/KNN.o" -o "src/KNN.o" "../src/KNN.cpp"
Finished building: ../src/KNN.cpp
 
Building target: lab1
Invoking: Cross G++ Linker
g++ -fopenmp -o "lab1"  ./src/FIleLoader.o ./src/KNN.o ./src/Normalization.o ./src/Standarization.o ./src/lab1.o   
Finished building target: lab1
 
20:46:04 **** Incremental Build of configuration Debug for project lab1 ****
make all 
make: Nothing to be done for 'all'.
20:51:22 **** Incremental Build of configuration Debug for project lab1 ****
make all 
Building file: ../src/KNN.cpp
Invoking: Cross G++ Compiler
g++ -O0 -g3 -Wall -c -fmessage-length=0 -fopenmp -MMD -MP -MF"src/KNN.d" -MT"src/KNN.o" -o "src/KNN.o" "../src/KNN.cpp"
../src/KNN.cpp: In member function ‘std::__cxx11::string KNN::votePrediction(std::priority_queue<Row, std::vector<Row>, CompareRows>, int)’:
../src/KNN.cpp:97:27: error: cannot convert ‘std::map<std::__cxx11::basic_string<char>, int>::iterator {aka std::_Rb_tree_iterator<std::pair<const std::__cxx11::basic_string<char>, int> >}’ to ‘int’ in initialization
  int endVotes = votes.end();
                           ^
../src/KNN.cpp:98:31: error: cannot convert ‘std::map<std::__cxx11::basic_string<char>, int>::iterator {aka std::_Rb_tree_iterator<std::pair<const std::__cxx11::basic_string<char>, int> >}’ to ‘int’ in initialization
  int startVotes = votes.begin();
                               ^
../src/KNN.cpp:101:12: error: no match for ‘operator=’ (operand types are ‘std::map<std::__cxx11::basic_string<char>, int>::iterator {aka std::_Rb_tree_iterator<std::pair<const std::__cxx11::basic_string<char>, int> >}’ and ‘int’)
  for (it = startVotes; it != endVotes; it++) {
            ^~~~~~~~~~
In file included from /usr/include/c++/7/map:60:0,
                 from ../src/KNN.cpp:3:
/usr/include/c++/7/bits/stl_tree.h:256:12: note: candidate: constexpr std::_Rb_tree_iterator<std::pair<const std::__cxx11::basic_string<char>, int> >& std::_Rb_tree_iterator<std::pair<const std::__cxx11::basic_string<char>, int> >::operator=(const std::_Rb_tree_iterator<std::pair<const std::__cxx11::basic_string<char>, int> >&)
     struct _Rb_tree_iterator
            ^~~~~~~~~~~~~~~~~
/usr/include/c++/7/bits/stl_tree.h:256:12: note:   no known conversion for argument 1 from ‘int’ to ‘const std::_Rb_tree_iterator<std::pair<const std::__cxx11::basic_string<char>, int> >&’
/usr/include/c++/7/bits/stl_tree.h:256:12: note: candidate: constexpr std::_Rb_tree_iterator<std::pair<const std::__cxx11::basic_string<char>, int> >& std::_Rb_tree_iterator<std::pair<const std::__cxx11::basic_string<char>, int> >::operator=(std::_Rb_tree_iterator<std::pair<const std::__cxx11::basic_string<char>, int> >&&)
/usr/include/c++/7/bits/stl_tree.h:256:12: note:   no known conversion for argument 1 from ‘int’ to ‘std::_Rb_tree_iterator<std::pair<const std::__cxx11::basic_string<char>, int> >&&’
../src/KNN.cpp:101:2: error: invalid controlling predicate
  for (it = startVotes; it != endVotes; it++) {
  ^~~
make: *** [src/KNN.o] Error 1
src/subdir.mk:30: recipe for target 'src/KNN.o' failed
"make all" terminated with exit code 2. Build might be incomplete.
20:51:41 **** Incremental Build of configuration Debug for project lab1 ****
make all 
Building file: ../src/KNN.cpp
Invoking: Cross G++ Compiler
g++ -O0 -g3 -Wall -c -fmessage-length=0 -fopenmp -MMD -MP -MF"src/KNN.d" -MT"src/KNN.o" -o "src/KNN.o" "../src/KNN.cpp"
../src/KNN.cpp: In member function ‘std::__cxx11::string KNN::votePrediction(std::priority_queue<Row, std::vector<Row>, CompareRows>, int)’:
../src/KNN.cpp:101:2: error: invalid controlling predicate
  for (it = startVotes; it != endVotes; it++) {
  ^~~
make: *** [src/KNN.o] Error 1
src/subdir.mk:30: recipe for target 'src/KNN.o' failed
"make all" terminated with exit code 2. Build might be incomplete.
20:51:56 **** Incremental Build of configuration Debug for project lab1 ****
make all 
Building file: ../src/KNN.cpp
Invoking: Cross G++ Compiler
g++ -O0 -g3 -Wall -c -fmessage-length=0 -fopenmp -MMD -MP -MF"src/KNN.d" -MT"src/KNN.o" -o "src/KNN.o" "../src/KNN.cpp"
../src/KNN.cpp: In member function ‘std::__cxx11::string KNN::votePrediction(std::priority_queue<Row, std::vector<Row>, CompareRows>, int)’:
../src/KNN.cpp:101:2: error: invalid controlling predicate
  for (it = startVotes; it != endVotes; it++) {
  ^~~
src/subdir.mk:30: recipe for target 'src/KNN.o' failed
make: *** [src/KNN.o] Error 1
"make all" terminated with exit code 2. Build might be incomplete.
20:53:28 **** Incremental Build of configuration Debug for project lab1 ****
make all 
Building file: ../src/KNN.cpp
Invoking: Cross G++ Compiler
g++ -O0 -g3 -Wall -c -fmessage-length=0 -fopenmp -MMD -MP -MF"src/KNN.d" -MT"src/KNN.o" -o "src/KNN.o" "../src/KNN.cpp"
../src/KNN.cpp: In member function ‘std::__cxx11::string KNN::votePrediction(std::priority_queue<Row, std::vector<Row>, CompareRows>, int)’:
../src/KNN.cpp:101:2: error: invalid controlling predicate
  for (it = startVotes; it != endVotes; it++) {
  ^~~
make: *** [src/KNN.o] Error 1
src/subdir.mk:30: recipe for target 'src/KNN.o' failed
"make all" terminated with exit code 2. Build might be incomplete.
20:53:38 **** Incremental Build of configuration Debug for project lab1 ****
make all 
Building file: ../src/KNN.cpp
Invoking: Cross G++ Compiler
g++ -O0 -g3 -Wall -c -fmessage-length=0 -fopenmp -MMD -MP -MF"src/KNN.d" -MT"src/KNN.o" -o "src/KNN.o" "../src/KNN.cpp"
Finished building: ../src/KNN.cpp
 
Building target: lab1
Invoking: Cross G++ Linker
g++ -fopenmp -o "lab1"  ./src/FIleLoader.o ./src/KNN.o ./src/Normalization.o ./src/Standarization.o ./src/lab1.o   
Finished building target: lab1
 
20:53:50 **** Incremental Build of configuration Debug for project lab1 ****
make all 
Building file: ../src/KNN.cpp
Invoking: Cross G++ Compiler
g++ -O0 -g3 -Wall -c -fmessage-length=0 -fopenmp -MMD -MP -MF"src/KNN.d" -MT"src/KNN.o" -o "src/KNN.o" "../src/KNN.cpp"
../src/KNN.cpp: In member function ‘std::__cxx11::string KNN::votePrediction(std::priority_queue<Row, std::vector<Row>, CompareRows>, int)’:
../src/KNN.cpp:100:2: error: invalid controlling predicate
  for (it = startVotes; it != endVotes; it++) {
  ^~~
make: *** [src/KNN.o] Error 1
src/subdir.mk:30: recipe for target 'src/KNN.o' failed
"make all" terminated with exit code 2. Build might be incomplete.
20:54:03 **** Incremental Build of configuration Debug for project lab1 ****
make all 
Building file: ../src/KNN.cpp
Invoking: Cross G++ Compiler
g++ -O0 -g3 -Wall -c -fmessage-length=0 -fopenmp -MMD -MP -MF"src/KNN.d" -MT"src/KNN.o" -o "src/KNN.o" "../src/KNN.cpp"
../src/KNN.cpp: In member function ‘std::__cxx11::string KNN::votePrediction(std::priority_queue<Row, std::vector<Row>, CompareRows>, int)’:
../src/KNN.cpp:100:2: error: invalid controlling predicate
  for (it = startVotes; it != endVotes; it++) {
  ^~~
src/subdir.mk:30: recipe for target 'src/KNN.o' failed
make: *** [src/KNN.o] Error 1
"make all" terminated with exit code 2. Build might be incomplete.
20:54:11 **** Incremental Build of configuration Debug for project lab1 ****
make all 
Building file: ../src/KNN.cpp
Invoking: Cross G++ Compiler
g++ -O0 -g3 -Wall -c -fmessage-length=0 -fopenmp -MMD -MP -MF"src/KNN.d" -MT"src/KNN.o" -o "src/KNN.o" "../src/KNN.cpp"
Finished building: ../src/KNN.cpp
 
Building target: lab1
Invoking: Cross G++ Linker
g++ -fopenmp -o "lab1"  ./src/FIleLoader.o ./src/KNN.o ./src/Normalization.o ./src/Standarization.o ./src/lab1.o   
Finished building target: lab1
 
20:55:33 **** Incremental Build of configuration Debug for project lab1 ****
make all 
Building file: ../src/KNN.cpp
Invoking: Cross G++ Compiler
g++ -O0 -g3 -Wall -c -fmessage-length=0 -fopenmp -MMD -MP -MF"src/KNN.d" -MT"src/KNN.o" -o "src/KNN.o" "../src/KNN.cpp"
../src/KNN.cpp: In member function ‘double KNN::calculateEuclideanDist(Row, Row)’:
../src/KNN.cpp:114:97: error: ‘k’ has not been declared
 #pragma omp parallel for default(none) shared(testingRow,trainingRow,num_of_feaqtures) private (k) reduction(+:dist)
                                                                                                 ^
make: *** [src/KNN.o] Error 1
src/subdir.mk:30: recipe for target 'src/KNN.o' failed
"make all" terminated with exit code 2. Build might be incomplete.
20:55:44 **** Incremental Build of configuration Debug for project lab1 ****
make all 
Building file: ../src/KNN.cpp
Invoking: Cross G++ Compiler
g++ -O0 -g3 -Wall -c -fmessage-length=0 -fopenmp -MMD -MP -MF"src/KNN.d" -MT"src/KNN.o" -o "src/KNN.o" "../src/KNN.cpp"
../src/KNN.cpp: In member function ‘double KNN::calculateEuclideanDist(Row, Row)’:
../src/KNN.cpp:114:9: warning: ‘dist’ is used uninitialized in this function [-Wuninitialized]
 #pragma omp parallel for default(none) shared(testingRow,trainingRow,num_of_feaqtures) private (k) reduction(+:dist)
         ^~~
Finished building: ../src/KNN.cpp
 
Building target: lab1
Invoking: Cross G++ Linker
g++ -fopenmp -o "lab1"  ./src/FIleLoader.o ./src/KNN.o ./src/Normalization.o ./src/Standarization.o ./src/lab1.o   
Finished building target: lab1
 
20:56:00 **** Incremental Build of configuration Debug for project lab1 ****
make all 
Building file: ../src/KNN.cpp
Invoking: Cross G++ Compiler
g++ -O0 -g3 -Wall -c -fmessage-length=0 -fopenmp -MMD -MP -MF"src/KNN.d" -MT"src/KNN.o" -o "src/KNN.o" "../src/KNN.cpp"
../src/KNN.cpp: In member function ‘double KNN::calculateEuclideanDist(Row, Row)’:
../src/KNN.cpp:115:9: warning: ‘dist’ is used uninitialized in this function [-Wuninitialized]
 #pragma omp parallel for default(none) shared(testingRow,trainingRow,num_of_feaqtures) private (k) reduction(+:dist)
         ^~~
Finished building: ../src/KNN.cpp
 
Building target: lab1
Invoking: Cross G++ Linker
g++ -fopenmp -o "lab1"  ./src/FIleLoader.o ./src/KNN.o ./src/Normalization.o ./src/Standarization.o ./src/lab1.o   
Finished building target: lab1
 
20:56:10 **** Incremental Build of configuration Debug for project lab1 ****
make all 
Building file: ../src/KNN.cpp
Invoking: Cross G++ Compiler
g++ -O0 -g3 -Wall -c -fmessage-length=0 -fopenmp -MMD -MP -MF"src/KNN.d" -MT"src/KNN.o" -o "src/KNN.o" "../src/KNN.cpp"
Finished building: ../src/KNN.cpp
 
Building target: lab1
Invoking: Cross G++ Linker
g++ -fopenmp -o "lab1"  ./src/FIleLoader.o ./src/KNN.o ./src/Normalization.o ./src/Standarization.o ./src/lab1.o   
Finished building target: lab1
 
20:56:45 **** Incremental Build of configuration Debug for project lab1 ****
make all 
Building file: ../src/KNN.cpp
Invoking: Cross G++ Compiler
g++ -O0 -g3 -Wall -c -fmessage-length=0 -fopenmp -MMD -MP -MF"src/KNN.d" -MT"src/KNN.o" -o "src/KNN.o" "../src/KNN.cpp"
Finished building: ../src/KNN.cpp
 
Building target: lab1
Invoking: Cross G++ Linker
g++ -fopenmp -o "lab1"  ./src/FIleLoader.o ./src/KNN.o ./src/Normalization.o ./src/Standarization.o ./src/lab1.o   
Finished building target: lab1
 
20:57:13 **** Incremental Build of configuration Debug for project lab1 ****
make all 
make: Nothing to be done for 'all'.
20:57:22 **** Incremental Build of configuration Debug for project lab1 ****
make all 
Building file: ../src/FIleLoader.cpp
Invoking: Cross G++ Compiler
g++ -O0 -g3 -Wall -c -fmessage-length=0 -fopenmp -MMD -MP -MF"src/FIleLoader.d" -MT"src/FIleLoader.o" -o "src/FIleLoader.o" "../src/FIleLoader.cpp"
Finished building: ../src/FIleLoader.cpp
 
Building target: lab1
Invoking: Cross G++ Linker
g++ -fopenmp -o "lab1"  ./src/FIleLoader.o ./src/KNN.o ./src/Normalization.o ./src/Standarization.o ./src/lab1.o   
Finished building target: lab1
 
20:58:53 **** Incremental Build of configuration Debug for project lab1 ****
make all 
Building file: ../src/KNN.cpp
Invoking: Cross G++ Compiler
g++ -O0 -g3 -Wall -c -fmessage-length=0 -fopenmp -MMD -MP -MF"src/KNN.d" -MT"src/KNN.o" -o "src/KNN.o" "../src/KNN.cpp"
../src/KNN.cpp: In member function ‘std::__cxx11::string KNN::votePrediction(std::priority_queue<Row, std::vector<Row>, CompareRows>, int)’:
../src/KNN.cpp:100:2: error: invalid controlling predicate
  for (it = startVotes; it != endVotes; it++) {
  ^~~
make: *** [src/KNN.o] Error 1
src/subdir.mk:30: recipe for target 'src/KNN.o' failed
"make all" terminated with exit code 2. Build might be incomplete.
20:59:38 **** Incremental Build of configuration Debug for project lab1 ****
make all 
Building file: ../src/KNN.cpp
Invoking: Cross G++ Compiler
g++ -O0 -g3 -Wall -c -fmessage-length=0 -fopenmp -MMD -MP -MF"src/KNN.d" -MT"src/KNN.o" -o "src/KNN.o" "../src/KNN.cpp"
../src/KNN.cpp: In member function ‘std::__cxx11::string KNN::votePrediction(std::priority_queue<Row, std::vector<Row>, CompareRows>, int)’:
../src/KNN.cpp:100:2: error: invalid controlling predicate
  for (it = startVotes; it != endVotes; it++) {
  ^~~
make: *** [src/KNN.o] Error 1
src/subdir.mk:30: recipe for target 'src/KNN.o' failed
"make all" terminated with exit code 2. Build might be incomplete.
20:59:44 **** Incremental Build of configuration Debug for project lab1 ****
make all 
Building file: ../src/KNN.cpp
Invoking: Cross G++ Compiler
g++ -O0 -g3 -Wall -c -fmessage-length=0 -fopenmp -MMD -MP -MF"src/KNN.d" -MT"src/KNN.o" -o "src/KNN.o" "../src/KNN.cpp"
../src/KNN.cpp: In member function ‘std::__cxx11::string KNN::votePrediction(std::priority_queue<Row, std::vector<Row>, CompareRows>, int)’:
../src/KNN.cpp:100:2: error: invalid controlling predicate
  for (it = startVotes; it != endVotes; it++) {
  ^~~
make: *** [src/KNN.o] Error 1
src/subdir.mk:30: recipe for target 'src/KNN.o' failed
"make all" terminated with exit code 2. Build might be incomplete.
21:01:01 **** Incremental Build of configuration Debug for project lab1 ****
make all 
Building file: ../src/KNN.cpp
Invoking: Cross G++ Compiler
g++ -O0 -g3 -Wall -c -fmessage-length=0 -fopenmp -MMD -MP -MF"src/KNN.d" -MT"src/KNN.o" -o "src/KNN.o" "../src/KNN.cpp"
../src/KNN.cpp: In member function ‘std::__cxx11::string KNN::votePrediction(std::priority_queue<Row, std::vector<Row>, CompareRows>, int)’:
../src/KNN.cpp:100:2: error: invalid controlling predicate
  for (it = startVotes; it != endVotes; it++) {
  ^~~
src/subdir.mk:30: recipe for target 'src/KNN.o' failed
make: *** [src/KNN.o] Error 1
"make all" terminated with exit code 2. Build might be incomplete.
21:01:58 **** Incremental Build of configuration Debug for project lab1 ****
make all 
Building file: ../src/KNN.cpp
Invoking: Cross G++ Compiler
g++ -O0 -g3 -Wall -c -fmessage-length=0 -fopenmp -MMD -MP -MF"src/KNN.d" -MT"src/KNN.o" -o "src/KNN.o" "../src/KNN.cpp"
../src/KNN.cpp:99:0: warning: ignoring #pragma openmp for [-Wunknown-pragmas]
  #pragma openmp for
 
Finished building: ../src/KNN.cpp
 
Building target: lab1
Invoking: Cross G++ Linker
g++ -fopenmp -o "lab1"  ./src/FIleLoader.o ./src/KNN.o ./src/Normalization.o ./src/Standarization.o ./src/lab1.o   
Finished building target: lab1
 
21:03:16 **** Incremental Build of configuration Debug for project lab1 ****
make all 
Building file: ../src/KNN.cpp
Invoking: Cross G++ Compiler
g++ -O0 -g3 -Wall -c -fmessage-length=0 -fopenmp -MMD -MP -MF"src/KNN.d" -MT"src/KNN.o" -o "src/KNN.o" "../src/KNN.cpp"
../src/KNN.cpp:103:0: warning: ignoring #pragma openmp for [-Wunknown-pragmas]
 #pragma openmp for
 
Finished building: ../src/KNN.cpp
 
Building target: lab1
Invoking: Cross G++ Linker
g++ -fopenmp -o "lab1"  ./src/FIleLoader.o ./src/KNN.o ./src/Normalization.o ./src/Standarization.o ./src/lab1.o   
Finished building target: lab1
 
21:03:36 **** Incremental Build of configuration Debug for project lab1 ****
make all 
Building file: ../src/KNN.cpp
Invoking: Cross G++ Compiler
g++ -O0 -g3 -Wall -c -fmessage-length=0 -fopenmp -MMD -MP -MF"src/KNN.d" -MT"src/KNN.o" -o "src/KNN.o" "../src/KNN.cpp"
../src/KNN.cpp: In member function ‘std::__cxx11::string KNN::votePrediction(std::priority_queue<Row, std::vector<Row>, CompareRows>, int)’:
../src/KNN.cpp:104:3: error: invalid controlling predicate
   for (it = startVotes; it != endVotes; it++) {
   ^~~
make: *** [src/KNN.o] Error 1
src/subdir.mk:30: recipe for target 'src/KNN.o' failed
"make all" terminated with exit code 2. Build might be incomplete.
21:04:17 **** Incremental Build of configuration Debug for project lab1 ****
make all 
Building file: ../src/KNN.cpp
Invoking: Cross G++ Compiler
g++ -O0 -g3 -Wall -c -fmessage-length=0 -fopenmp -MMD -MP -MF"src/KNN.d" -MT"src/KNN.o" -o "src/KNN.o" "../src/KNN.cpp"
../src/KNN.cpp: In member function ‘std::__cxx11::string KNN::votePrediction(std::priority_queue<Row, std::vector<Row>, CompareRows>, int)’:
../src/KNN.cpp:104:3: error: invalid controlling predicate
   for (it = startVotes; it != endVotes; it++) {
   ^~~
make: *** [src/KNN.o] Error 1
src/subdir.mk:30: recipe for target 'src/KNN.o' failed
"make all" terminated with exit code 2. Build might be incomplete.
21:04:33 **** Incremental Build of configuration Debug for project lab1 ****
make all 
Building file: ../src/KNN.cpp
Invoking: Cross G++ Compiler
g++ -O0 -g3 -Wall -c -fmessage-length=0 -fopenmp -MMD -MP -MF"src/KNN.d" -MT"src/KNN.o" -o "src/KNN.o" "../src/KNN.cpp"
Finished building: ../src/KNN.cpp
 
Building target: lab1
Invoking: Cross G++ Linker
g++ -fopenmp -o "lab1"  ./src/FIleLoader.o ./src/KNN.o ./src/Normalization.o ./src/Standarization.o ./src/lab1.o   
Finished building target: lab1
 
21:04:45 **** Incremental Build of configuration Debug for project lab1 ****
make all 
Building file: ../src/KNN.cpp
Invoking: Cross G++ Compiler
g++ -O0 -g3 -Wall -c -fmessage-length=0 -fopenmp -MMD -MP -MF"src/KNN.d" -MT"src/KNN.o" -o "src/KNN.o" "../src/KNN.cpp"
Finished building: ../src/KNN.cpp
 
Building target: lab1
Invoking: Cross G++ Linker
g++ -fopenmp -o "lab1"  ./src/FIleLoader.o ./src/KNN.o ./src/Normalization.o ./src/Standarization.o ./src/lab1.o   
Finished building target: lab1
 
21:05:06 **** Incremental Build of configuration Debug for project lab1 ****
make all 
Building file: ../src/KNN.cpp
Invoking: Cross G++ Compiler
g++ -O0 -g3 -Wall -c -fmessage-length=0 -fopenmp -MMD -MP -MF"src/KNN.d" -MT"src/KNN.o" -o "src/KNN.o" "../src/KNN.cpp"
../src/KNN.cpp: In member function ‘std::__cxx11::string KNN::votePrediction(std::priority_queue<Row, std::vector<Row>, CompareRows>, int)’:
../src/KNN.cpp:101:2: error: invalid controlling predicate
  for (it = startVotes; it != endVotes; it++) {
  ^~~
src/subdir.mk:30: recipe for target 'src/KNN.o' failed
make: *** [src/KNN.o] Error 1
"make all" terminated with exit code 2. Build might be incomplete.
21:06:11 **** Incremental Build of configuration Debug for project lab1 ****
make all 
Building file: ../src/KNN.cpp
Invoking: Cross G++ Compiler
g++ -O0 -g3 -Wall -c -fmessage-length=0 -fopenmp -MMD -MP -MF"src/KNN.d" -MT"src/KNN.o" -o "src/KNN.o" "../src/KNN.cpp"
../src/KNN.cpp: In member function ‘std::__cxx11::string KNN::votePrediction(std::priority_queue<Row, std::vector<Row>, CompareRows>, int)’:
../src/KNN.cpp:98:21: error: expected ‘#pragma omp’ clause before ‘{’ token
 #pragma omp parallel{
                     ^
../src/KNN.cpp:104:30: error: ‘endVotes’ was not declared in this scope
  for (it = startVotes; it != endVotes; it++) {
                              ^~~~~~~~
../src/KNN.cpp:104:30: note: suggested alternative: ‘votes’
  for (it = startVotes; it != endVotes; it++) {
                              ^~~~~~~~
                              votes
../src/KNN.cpp:104:2: error: invalid controlling predicate
  for (it = startVotes; it != endVotes; it++) {
  ^~~
../src/KNN.cpp:112:1: warning: no return statement in function returning non-void [-Wreturn-type]
 }
 ^
../src/KNN.cpp: At global scope:
../src/KNN.cpp:114:2: error: expected unqualified-id before ‘return’
  return maxVotesCategory;
  ^~~~~~
../src/KNN.cpp:115:1: error: expected declaration before ‘}’ token
 }
 ^
make: *** [src/KNN.o] Error 1
src/subdir.mk:30: recipe for target 'src/KNN.o' failed
"make all" terminated with exit code 2. Build might be incomplete.
21:06:22 **** Incremental Build of configuration Debug for project lab1 ****
make all 
Building file: ../src/KNN.cpp
Invoking: Cross G++ Compiler
g++ -O0 -g3 -Wall -c -fmessage-length=0 -fopenmp -MMD -MP -MF"src/KNN.d" -MT"src/KNN.o" -o "src/KNN.o" "../src/KNN.cpp"
../src/KNN.cpp: In member function ‘std::__cxx11::string KNN::votePrediction(std::priority_queue<Row, std::vector<Row>, CompareRows>, int)’:
../src/KNN.cpp:105:2: error: invalid controlling predicate
  for (it = startVotes; it != endVotes; it++) {
  ^~~
make: *** [src/KNN.o] Error 1
src/subdir.mk:30: recipe for target 'src/KNN.o' failed
"make all" terminated with exit code 2. Build might be incomplete.
21:06:25 **** Incremental Build of configuration Debug for project lab1 ****
make all 
Building file: ../src/KNN.cpp
Invoking: Cross G++ Compiler
g++ -O0 -g3 -Wall -c -fmessage-length=0 -fopenmp -MMD -MP -MF"src/KNN.d" -MT"src/KNN.o" -o "src/KNN.o" "../src/KNN.cpp"
../src/KNN.cpp: In member function ‘std::__cxx11::string KNN::votePrediction(std::priority_queue<Row, std::vector<Row>, CompareRows>, int)’:
../src/KNN.cpp:105:2: error: invalid controlling predicate
  for (it = startVotes; it != endVotes; it++) {
  ^~~
src/subdir.mk:30: recipe for target 'src/KNN.o' failed
make: *** [src/KNN.o] Error 1
"make all" terminated with exit code 2. Build might be incomplete.
21:06:34 **** Incremental Build of configuration Debug for project lab1 ****
make all 
Building file: ../src/KNN.cpp
Invoking: Cross G++ Compiler
g++ -O0 -g3 -Wall -c -fmessage-length=0 -fopenmp -MMD -MP -MF"src/KNN.d" -MT"src/KNN.o" -o "src/KNN.o" "../src/KNN.cpp"
../src/KNN.cpp: In member function ‘std::__cxx11::string KNN::votePrediction(std::priority_queue<Row, std::vector<Row>, CompareRows>, int)’:
../src/KNN.cpp:104:3: error: invalid controlling predicate
   for (it = startVotes; it != endVotes; it++) {
   ^~~
src/subdir.mk:30: recipe for target 'src/KNN.o' failed
make: *** [src/KNN.o] Error 1
"make all" terminated with exit code 2. Build might be incomplete.
21:10:12 **** Incremental Build of configuration Debug for project lab1 ****
make all 
Building file: ../src/KNN.cpp
Invoking: Cross G++ Compiler
g++ -O0 -g3 -Wall -c -fmessage-length=0 -fopenmp -MMD -MP -MF"src/KNN.d" -MT"src/KNN.o" -o "src/KNN.o" "../src/KNN.cpp"
Finished building: ../src/KNN.cpp
 
Building target: lab1
Invoking: Cross G++ Linker
g++ -fopenmp -o "lab1"  ./src/FIleLoader.o ./src/KNN.o ./src/Normalization.o ./src/Standarization.o ./src/lab1.o   
Finished building target: lab1
 
21:10:41 **** Incremental Build of configuration Debug for project lab1 ****
make all 
Building file: ../src/KNN.cpp
Invoking: Cross G++ Compiler
g++ -O0 -g3 -Wall -c -fmessage-length=0 -fopenmp -MMD -MP -MF"src/KNN.d" -MT"src/KNN.o" -o "src/KNN.o" "../src/KNN.cpp"
Finished building: ../src/KNN.cpp
 
Building target: lab1
Invoking: Cross G++ Linker
g++ -fopenmp -o "lab1"  ./src/FIleLoader.o ./src/KNN.o ./src/Normalization.o ./src/Standarization.o ./src/lab1.o   
Finished building target: lab1
 
21:11:10 **** Incremental Build of configuration Debug for project lab1 ****
make all 
Building file: ../src/KNN.cpp
Invoking: Cross G++ Compiler
g++ -O0 -g3 -Wall -c -fmessage-length=0 -fopenmp -MMD -MP -MF"src/KNN.d" -MT"src/KNN.o" -o "src/KNN.o" "../src/KNN.cpp"
Finished building: ../src/KNN.cpp
 
Building target: lab1
Invoking: Cross G++ Linker
g++ -fopenmp -o "lab1"  ./src/FIleLoader.o ./src/KNN.o ./src/Normalization.o ./src/Standarization.o ./src/lab1.o   
Finished building target: lab1
 
21:11:15 **** Incremental Build of configuration Debug for project lab1 ****
make all 
make: Nothing to be done for 'all'.
21:12:12 **** Incremental Build of configuration Debug for project lab1 ****
make all 
Building file: ../src/KNN.cpp
Invoking: Cross G++ Compiler
g++ -O0 -g3 -Wall -c -fmessage-length=0 -fopenmp -MMD -MP -MF"src/KNN.d" -MT"src/KNN.o" -o "src/KNN.o" "../src/KNN.cpp"
../src/KNN.cpp: In member function ‘void KNN::knn()’:
../src/KNN.cpp:33:9: warning: unused variable ‘begin’ [-Wunused-variable]
  double begin = omp_get_wtime();
         ^~~~~
../src/KNN.cpp:41:9: warning: unused variable ‘end’ [-Wunused-variable]
  double end = omp_get_wtime();
         ^~~
Finished building: ../src/KNN.cpp
 
Building target: lab1
Invoking: Cross G++ Linker
g++ -fopenmp -o "lab1"  ./src/FIleLoader.o ./src/KNN.o ./src/Normalization.o ./src/Standarization.o ./src/lab1.o   
Finished building target: lab1
 
21:13:15 **** Incremental Build of configuration Debug for project lab1 ****
make all 
Building file: ../src/KNN.cpp
Invoking: Cross G++ Compiler
g++ -O0 -g3 -Wall -c -fmessage-length=0 -fopenmp -MMD -MP -MF"src/KNN.d" -MT"src/KNN.o" -o "src/KNN.o" "../src/KNN.cpp"
../src/KNN.cpp: In member function ‘void KNN::knn()’:
../src/KNN.cpp:42:2: error: ‘knnTime’ was not declared in this scope
  knnTime = end - begin;
  ^~~~~~~
make: *** [src/KNN.o] Error 1
src/subdir.mk:30: recipe for target 'src/KNN.o' failed
"make all" terminated with exit code 2. Build might be incomplete.
21:14:17 **** Incremental Build of configuration Debug for project lab1 ****
make all 
Building file: ../src/KNN.cpp
Invoking: Cross G++ Compiler
g++ -O0 -g3 -Wall -c -fmessage-length=0 -fopenmp -MMD -MP -MF"src/KNN.d" -MT"src/KNN.o" -o "src/KNN.o" "../src/KNN.cpp"
Finished building: ../src/KNN.cpp
 
Building file: ../src/lab1.cpp
Invoking: Cross G++ Compiler
g++ -O0 -g3 -Wall -c -fmessage-length=0 -fopenmp -MMD -MP -MF"src/lab1.d" -MT"src/lab1.o" -o "src/lab1.o" "../src/lab1.cpp"
Finished building: ../src/lab1.cpp
 
Building target: lab1
Invoking: Cross G++ Linker
g++ -fopenmp -o "lab1"  ./src/FIleLoader.o ./src/KNN.o ./src/Normalization.o ./src/Standarization.o ./src/lab1.o   
./src/lab1.o: In function `main':
/home/weronika/eclipse-workspace/lab1/Debug/../src/lab1.cpp:35: undefined reference to `KNN::getKnnTime()'
collect2: error: ld returned 1 exit status
makefile:45: recipe for target 'lab1' failed
make: *** [lab1] Error 1
"make all" terminated with exit code 2. Build might be incomplete.
21:14:44 **** Incremental Build of configuration Debug for project lab1 ****
make all 
Building file: ../src/KNN.cpp
Invoking: Cross G++ Compiler
g++ -O0 -g3 -Wall -c -fmessage-length=0 -fopenmp -MMD -MP -MF"src/KNN.d" -MT"src/KNN.o" -o "src/KNN.o" "../src/KNN.cpp"
Finished building: ../src/KNN.cpp
 
Building file: ../src/lab1.cpp
Invoking: Cross G++ Compiler
g++ -O0 -g3 -Wall -c -fmessage-length=0 -fopenmp -MMD -MP -MF"src/lab1.d" -MT"src/lab1.o" -o "src/lab1.o" "../src/lab1.cpp"
Finished building: ../src/lab1.cpp
 
Building target: lab1
Invoking: Cross G++ Linker
g++ -fopenmp -o "lab1"  ./src/FIleLoader.o ./src/KNN.o ./src/Normalization.o ./src/Standarization.o ./src/lab1.o   
Finished building target: lab1
 
21:15:08 **** Incremental Build of configuration Debug for project lab1 ****
make all 
Building file: ../src/KNN.cpp
Invoking: Cross G++ Compiler
g++ -O0 -g3 -Wall -c -fmessage-length=0 -fopenmp -MMD -MP -MF"src/KNN.d" -MT"src/KNN.o" -o "src/KNN.o" "../src/KNN.cpp"
Finished building: ../src/KNN.cpp
 
Building target: lab1
Invoking: Cross G++ Linker
g++ -fopenmp -o "lab1"  ./src/FIleLoader.o ./src/KNN.o ./src/Normalization.o ./src/Standarization.o ./src/lab1.o   
Finished building target: lab1
 
21:17:23 **** Incremental Build of configuration Debug for project lab1 ****
make all 
Building file: ../src/KNN.cpp
Invoking: Cross G++ Compiler
g++ -O0 -g3 -Wall -c -fmessage-length=0 -fopenmp -MMD -MP -MF"src/KNN.d" -MT"src/KNN.o" -o "src/KNN.o" "../src/KNN.cpp"
../src/KNN.cpp: In member function ‘void KNN::knn()’:
../src/KNN.cpp:35:2: error: ‘cout’ was not declared in this scope
  cout<< "KNN";
  ^~~~
../src/KNN.cpp:35:2: note: suggested alternative: ‘cosl’
  cout<< "KNN";
  ^~~~
  cosl
make: *** [src/KNN.o] Error 1
src/subdir.mk:30: recipe for target 'src/KNN.o' failed
"make all" terminated with exit code 2. Build might be incomplete.
21:17:31 **** Incremental Build of configuration Debug for project lab1 ****
make all 
Building file: ../src/KNN.cpp
Invoking: Cross G++ Compiler
g++ -O0 -g3 -Wall -c -fmessage-length=0 -fopenmp -MMD -MP -MF"src/KNN.d" -MT"src/KNN.o" -o "src/KNN.o" "../src/KNN.cpp"
../src/KNN.cpp: In member function ‘void KNN::knn()’:
../src/KNN.cpp:35:2: error: ‘cout’ was not declared in this scope
  cout<< "KNN"<<endl;
  ^~~~
../src/KNN.cpp:35:2: note: suggested alternative: ‘cosl’
  cout<< "KNN"<<endl;
  ^~~~
  cosl
../src/KNN.cpp:35:16: error: ‘endl’ was not declared in this scope
  cout<< "KNN"<<endl;
                ^~~~
../src/KNN.cpp:35:16: note: suggested alternative: ‘ynl’
  cout<< "KNN"<<endl;
                ^~~~
                ynl
make: *** [src/KNN.o] Error 1
src/subdir.mk:30: recipe for target 'src/KNN.o' failed
"make all" terminated with exit code 2. Build might be incomplete.
21:17:45 **** Incremental Build of configuration Debug for project lab1 ****
make all 
Building file: ../src/KNN.cpp
Invoking: Cross G++ Compiler
g++ -O0 -g3 -Wall -c -fmessage-length=0 -fopenmp -MMD -MP -MF"src/KNN.d" -MT"src/KNN.o" -o "src/KNN.o" "../src/KNN.cpp"
Finished building: ../src/KNN.cpp
 
Building target: lab1
Invoking: Cross G++ Linker
g++ -fopenmp -o "lab1"  ./src/FIleLoader.o ./src/KNN.o ./src/Normalization.o ./src/Standarization.o ./src/lab1.o   
Finished building target: lab1
 
21:18:12 **** Incremental Build of configuration Debug for project lab1 ****
make all 
Building file: ../src/KNN.cpp
Invoking: Cross G++ Compiler
g++ -O0 -g3 -Wall -c -fmessage-length=0 -fopenmp -MMD -MP -MF"src/KNN.d" -MT"src/KNN.o" -o "src/KNN.o" "../src/KNN.cpp"
Finished building: ../src/KNN.cpp
 
Building target: lab1
Invoking: Cross G++ Linker
g++ -fopenmp -o "lab1"  ./src/FIleLoader.o ./src/KNN.o ./src/Normalization.o ./src/Standarization.o ./src/lab1.o   
Finished building target: lab1
 
21:18:32 **** Incremental Build of configuration Debug for project lab1 ****
make all 
Building file: ../src/KNN.cpp
Invoking: Cross G++ Compiler
g++ -O0 -g3 -Wall -c -fmessage-length=0 -fopenmp -MMD -MP -MF"src/KNN.d" -MT"src/KNN.o" -o "src/KNN.o" "../src/KNN.cpp"
Finished building: ../src/KNN.cpp
 
Building target: lab1
Invoking: Cross G++ Linker
g++ -fopenmp -o "lab1"  ./src/FIleLoader.o ./src/KNN.o ./src/Normalization.o ./src/Standarization.o ./src/lab1.o   
Finished building target: lab1
 
21:18:43 **** Incremental Build of configuration Debug for project lab1 ****
make all 
make: Nothing to be done for 'all'.
21:18:46 **** Incremental Build of configuration Debug for project lab1 ****
make all 
make: Nothing to be done for 'all'.
21:19:23 **** Incremental Build of configuration Debug for project lab1 ****
make all 
Building file: ../src/KNN.cpp
Invoking: Cross G++ Compiler
g++ -O0 -g3 -Wall -c -fmessage-length=0 -fopenmp -MMD -MP -MF"src/KNN.d" -MT"src/KNN.o" -o "src/KNN.o" "../src/KNN.cpp"
Finished building: ../src/KNN.cpp
 
Building target: lab1
Invoking: Cross G++ Linker
g++ -fopenmp -o "lab1"  ./src/FIleLoader.o ./src/KNN.o ./src/Normalization.o ./src/Standarization.o ./src/lab1.o   
Finished building target: lab1
 
21:26:17 **** Incremental Build of configuration Debug for project lab1 ****
make all 
Building file: ../src/KNN.cpp
Invoking: Cross G++ Compiler
g++ -O0 -g3 -Wall -c -fmessage-length=0 -fopenmp -MMD -MP -MF"src/KNN.d" -MT"src/KNN.o" -o "src/KNN.o" "../src/KNN.cpp"
Finished building: ../src/KNN.cpp
 
Building target: lab1
Invoking: Cross G++ Linker
g++ -fopenmp -o "lab1"  ./src/FIleLoader.o ./src/KNN.o ./src/Normalization.o ./src/Standarization.o ./src/lab1.o   
Finished building target: lab1
 
21:26:47 **** Incremental Build of configuration Debug for project lab1 ****
make all 
Building file: ../src/KNN.cpp
Invoking: Cross G++ Compiler
g++ -O0 -g3 -Wall -c -fmessage-length=0 -fopenmp -MMD -MP -MF"src/KNN.d" -MT"src/KNN.o" -o "src/KNN.o" "../src/KNN.cpp"
Finished building: ../src/KNN.cpp
 
Building target: lab1
Invoking: Cross G++ Linker
g++ -fopenmp -o "lab1"  ./src/FIleLoader.o ./src/KNN.o ./src/Normalization.o ./src/Standarization.o ./src/lab1.o   
Finished building target: lab1
 
21:36:55 **** Incremental Build of configuration Debug for project lab1 ****
make all 
Building file: ../src/Normalization.cpp
Invoking: Cross G++ Compiler
g++ -O0 -g3 -Wall -c -fmessage-length=0 -fopenmp -MMD -MP -MF"src/Normalization.d" -MT"src/Normalization.o" -o "src/Normalization.o" "../src/Normalization.cpp"
../src/Normalization.cpp: In member function ‘void Normalization::findMinMax()’:
../src/Normalization.cpp:44:9: error: ‘cout’ not specified in enclosing ‘parallel’
   cout<<"thread"<<omp_get_thread_num()<<endl;
         ^~~~~~~~
../src/Normalization.cpp:33:10: error: enclosing ‘parallel’
  #pragma omp parallel for default(none) shared(inData,min,max,num_of_features,inDataSize) private(i,j)
          ^~~
src/subdir.mk:30: recipe for target 'src/Normalization.o' failed
make: *** [src/Normalization.o] Error 1
"make all" terminated with exit code 2. Build might be incomplete.
21:37:02 **** Incremental Build of configuration Debug for project lab1 ****
make all 
Building file: ../src/Normalization.cpp
Invoking: Cross G++ Compiler
g++ -O0 -g3 -Wall -c -fmessage-length=0 -fopenmp -MMD -MP -MF"src/Normalization.d" -MT"src/Normalization.o" -o "src/Normalization.o" "../src/Normalization.cpp"
../src/Normalization.cpp: In member function ‘void Normalization::findMinMax()’:
../src/Normalization.cpp:44:9: error: ‘cout’ not specified in enclosing ‘parallel’
   cout<<"thread"<<omp_get_thread_num()<<endl;
         ^~~~~~~~
../src/Normalization.cpp:33:10: error: enclosing ‘parallel’
  #pragma omp parallel for default(none) shared(inData,min,max,num_of_features,inDataSize) private(i,j)
          ^~~
make: *** [src/Normalization.o] Error 1
src/subdir.mk:30: recipe for target 'src/Normalization.o' failed
"make all" terminated with exit code 2. Build might be incomplete.
21:38:05 **** Incremental Build of configuration Debug for project lab1 ****
make all 
Building file: ../src/Normalization.cpp
Invoking: Cross G++ Compiler
g++ -O0 -g3 -Wall -c -fmessage-length=0 -fopenmp -MMD -MP -MF"src/Normalization.d" -MT"src/Normalization.o" -o "src/Normalization.o" "../src/Normalization.cpp"
Finished building: ../src/Normalization.cpp
 
Building file: ../src/lab1.cpp
Invoking: Cross G++ Compiler
g++ -O0 -g3 -Wall -c -fmessage-length=0 -fopenmp -MMD -MP -MF"src/lab1.d" -MT"src/lab1.o" -o "src/lab1.o" "../src/lab1.cpp"
Finished building: ../src/lab1.cpp
 
Building target: lab1
Invoking: Cross G++ Linker
g++ -fopenmp -o "lab1"  ./src/FIleLoader.o ./src/KNN.o ./src/Normalization.o ./src/Standarization.o ./src/lab1.o   
Finished building target: lab1
 
21:38:14 **** Incremental Build of configuration Debug for project lab1 ****
make all 
Building file: ../src/Normalization.cpp
Invoking: Cross G++ Compiler
g++ -O0 -g3 -Wall -c -fmessage-length=0 -fopenmp -MMD -MP -MF"src/Normalization.d" -MT"src/Normalization.o" -o "src/Normalization.o" "../src/Normalization.cpp"
../src/Normalization.cpp: In member function ‘void Normalization::findMinMax()’:
../src/Normalization.cpp:45:14: error: ‘cout’ not specified in enclosing ‘parallel’
   std::cout<<"thread"<<omp_get_thread_num()<<endl;
              ^~~~~~~~
../src/Normalization.cpp:34:10: error: enclosing ‘parallel’
  #pragma omp parallel for default(none) shared(inData,min,max,num_of_features,inDataSize) private(i,j)
          ^~~
src/subdir.mk:30: recipe for target 'src/Normalization.o' failed
make: *** [src/Normalization.o] Error 1
"make all" terminated with exit code 2. Build might be incomplete.
21:40:25 **** Incremental Build of configuration Debug for project lab1 ****
make all 
Building file: ../src/Normalization.cpp
Invoking: Cross G++ Compiler
g++ -O0 -g3 -Wall -c -fmessage-length=0 -fopenmp -MMD -MP -MF"src/Normalization.d" -MT"src/Normalization.o" -o "src/Normalization.o" "../src/Normalization.cpp"
Finished building: ../src/Normalization.cpp
 
Building target: lab1
Invoking: Cross G++ Linker
g++ -fopenmp -o "lab1"  ./src/FIleLoader.o ./src/KNN.o ./src/Normalization.o ./src/Standarization.o ./src/lab1.o   
Finished building target: lab1
 
21:40:28 **** Incremental Build of configuration Debug for project lab1 ****
make all 
make: Nothing to be done for 'all'.
21:40:58 **** Incremental Build of configuration Debug for project lab1 ****
make all 
Building file: ../src/KNN.cpp
Invoking: Cross G++ Compiler
g++ -O0 -g3 -Wall -c -fmessage-length=0 -fopenmp -MMD -MP -MF"src/KNN.d" -MT"src/KNN.o" -o "src/KNN.o" "../src/KNN.cpp"
../src/KNN.cpp: In member function ‘std::__cxx11::string KNN::votePrediction(std::priority_queue<Row, std::vector<Row>, CompareRows>, int)’:
../src/KNN.cpp:91:29: error: ‘neighbours’ not specified in enclosing ‘parallel’
   category = neighbours.top().category;
                             ^
../src/KNN.cpp:89:11: error: enclosing ‘parallel’
   #pragma omp parallel for default(none) shared(K,votes) private(category)
           ^~~
src/subdir.mk:30: recipe for target 'src/KNN.o' failed
make: *** [src/KNN.o] Error 1
"make all" terminated with exit code 2. Build might be incomplete.
21:41:04 **** Incremental Build of configuration Debug for project lab1 ****
make all 
Building file: ../src/KNN.cpp
Invoking: Cross G++ Compiler
g++ -O0 -g3 -Wall -c -fmessage-length=0 -fopenmp -MMD -MP -MF"src/KNN.d" -MT"src/KNN.o" -o "src/KNN.o" "../src/KNN.cpp"
../src/KNN.cpp: In member function ‘std::__cxx11::string KNN::votePrediction(std::priority_queue<Row, std::vector<Row>, CompareRows>, int)’:
../src/KNN.cpp:91:29: error: ‘neighbours’ not specified in enclosing ‘parallel’
   category = neighbours.top().category;
                             ^
../src/KNN.cpp:89:11: error: enclosing ‘parallel’
   #pragma omp parallel for default(none) shared(K,votes) private(category)
           ^~~
make: *** [src/KNN.o] Error 1
src/subdir.mk:30: recipe for target 'src/KNN.o' failed
"make all" terminated with exit code 2. Build might be incomplete.
21:41:20 **** Incremental Build of configuration Debug for project lab1 ****
make all 
Building file: ../src/KNN.cpp
Invoking: Cross G++ Compiler
g++ -O0 -g3 -Wall -c -fmessage-length=0 -fopenmp -MMD -MP -MF"src/KNN.d" -MT"src/KNN.o" -o "src/KNN.o" "../src/KNN.cpp"
../src/KNN.cpp: In member function ‘std::__cxx11::string KNN::votePrediction(std::priority_queue<Row, std::vector<Row>, CompareRows>, int)’:
../src/KNN.cpp:91:29: error: ‘neighbours’ not specified in enclosing ‘parallel’
   category = neighbours.top().category;
                             ^
../src/KNN.cpp:89:11: error: enclosing ‘parallel’
   #pragma omp parallel for default(none) shared(K,votes) private(category)
           ^~~
make: *** [src/KNN.o] Error 1
src/subdir.mk:30: recipe for target 'src/KNN.o' failed
"make all" terminated with exit code 2. Build might be incomplete.
21:41:24 **** Incremental Build of configuration Debug for project lab1 ****
make all 
Building file: ../src/KNN.cpp
Invoking: Cross G++ Compiler
g++ -O0 -g3 -Wall -c -fmessage-length=0 -fopenmp -MMD -MP -MF"src/KNN.d" -MT"src/KNN.o" -o "src/KNN.o" "../src/KNN.cpp"
../src/KNN.cpp: In member function ‘std::__cxx11::string KNN::votePrediction(std::priority_queue<Row, std::vector<Row>, CompareRows>, int)’:
../src/KNN.cpp:90:29: error: ‘neighbours’ not specified in enclosing ‘parallel’
   category = neighbours.top().category;
                             ^
../src/KNN.cpp:88:11: error: enclosing ‘parallel’
   #pragma omp parallel for default(none) shared(K,votes) private(category)
           ^~~
make: *** [src/KNN.o] Error 1
src/subdir.mk:30: recipe for target 'src/KNN.o' failed
"make all" terminated with exit code 2. Build might be incomplete.
21:41:36 **** Incremental Build of configuration Debug for project lab1 ****
make all 
Building file: ../src/KNN.cpp
Invoking: Cross G++ Compiler
g++ -O0 -g3 -Wall -c -fmessage-length=0 -fopenmp -MMD -MP -MF"src/KNN.d" -MT"src/KNN.o" -o "src/KNN.o" "../src/KNN.cpp"
../src/KNN.cpp: In member function ‘std::__cxx11::string KNN::votePrediction(std::priority_queue<Row, std::vector<Row>, CompareRows>, int)’:
../src/KNN.cpp:91:29: error: ‘neighbours’ not specified in enclosing ‘parallel’
   category = neighbours.top().category;
                             ^
../src/KNN.cpp:88:11: error: enclosing ‘parallel’
   #pragma omp parallel for default(none) shared(K,votes) private(category)
           ^~~
src/subdir.mk:30: recipe for target 'src/KNN.o' failed
make: *** [src/KNN.o] Error 1
"make all" terminated with exit code 2. Build might be incomplete.
21:41:49 **** Incremental Build of configuration Debug for project lab1 ****
make all 
Building file: ../src/KNN.cpp
Invoking: Cross G++ Compiler
g++ -O0 -g3 -Wall -c -fmessage-length=0 -fopenmp -MMD -MP -MF"src/KNN.d" -MT"src/KNN.o" -o "src/KNN.o" "../src/KNN.cpp"
Finished building: ../src/KNN.cpp
 
Building target: lab1
Invoking: Cross G++ Linker
g++ -fopenmp -o "lab1"  ./src/FIleLoader.o ./src/KNN.o ./src/Normalization.o ./src/Standarization.o ./src/lab1.o   
Finished building target: lab1
 
21:41:56 **** Incremental Build of configuration Debug for project lab1 ****
make all 
Building file: ../src/KNN.cpp
Invoking: Cross G++ Compiler
g++ -O0 -g3 -Wall -c -fmessage-length=0 -fopenmp -MMD -MP -MF"src/KNN.d" -MT"src/KNN.o" -o "src/KNN.o" "../src/KNN.cpp"
../src/KNN.cpp: In member function ‘std::__cxx11::string KNN::votePrediction(std::priority_queue<Row, std::vector<Row>, CompareRows>, int)’:
../src/KNN.cpp:91:29: error: ‘neighbours’ not specified in enclosing ‘parallel’
   category = neighbours.top().category;
                             ^
../src/KNN.cpp:88:11: error: enclosing ‘parallel’
   #pragma omp parallel for default(none) shared(K,votes)
           ^~~
../src/KNN.cpp:91:31: error: ‘category’ not specified in enclosing ‘parallel’
   category = neighbours.top().category;
                               ^~~~~~~~
../src/KNN.cpp:88:11: error: enclosing ‘parallel’
   #pragma omp parallel for default(none) shared(K,votes)
           ^~~
make: *** [src/KNN.o] Error 1
src/subdir.mk:30: recipe for target 'src/KNN.o' failed
"make all" terminated with exit code 2. Build might be incomplete.
21:42:05 **** Incremental Build of configuration Debug for project lab1 ****
make all 
Building file: ../src/KNN.cpp
Invoking: Cross G++ Compiler
g++ -O0 -g3 -Wall -c -fmessage-length=0 -fopenmp -MMD -MP -MF"src/KNN.d" -MT"src/KNN.o" -o "src/KNN.o" "../src/KNN.cpp"
../src/KNN.cpp: In member function ‘std::__cxx11::string KNN::votePrediction(std::priority_queue<Row, std::vector<Row>, CompareRows>, int)’:
../src/KNN.cpp:91:29: error: ‘neighbours’ not specified in enclosing ‘parallel’
   category = neighbours.top().category;
                             ^
../src/KNN.cpp:88:11: error: enclosing ‘parallel’
   #pragma omp parallel for default(none) shared(K)
           ^~~
../src/KNN.cpp:91:31: error: ‘category’ not specified in enclosing ‘parallel’
   category = neighbours.top().category;
                               ^~~~~~~~
../src/KNN.cpp:88:11: error: enclosing ‘parallel’
   #pragma omp parallel for default(none) shared(K)
           ^~~
../src/KNN.cpp:93:60: error: ‘votes’ not specified in enclosing ‘parallel’
   map<string, int>::iterator iterator = votes.find(category);
                                                            ^
../src/KNN.cpp:88:11: error: enclosing ‘parallel’
   #pragma omp parallel for default(none) shared(K)
           ^~~
make: *** [src/KNN.o] Error 1
src/subdir.mk:30: recipe for target 'src/KNN.o' failed
"make all" terminated with exit code 2. Build might be incomplete.
21:42:23 **** Incremental Build of configuration Debug for project lab1 ****
make all 
Building file: ../src/KNN.cpp
Invoking: Cross G++ Compiler
g++ -O0 -g3 -Wall -c -fmessage-length=0 -fopenmp -MMD -MP -MF"src/KNN.d" -MT"src/KNN.o" -o "src/KNN.o" "../src/KNN.cpp"
../src/KNN.cpp: In member function ‘std::__cxx11::string KNN::votePrediction(std::priority_queue<Row, std::vector<Row>, CompareRows>, int)’:
../src/KNN.cpp:88:60: error: ‘i’ has not been declared
   #pragma omp parallel for default(none) shared(K) private(i)
                                                            ^
../src/KNN.cpp:91:29: error: ‘neighbours’ not specified in enclosing ‘parallel’
   category = neighbours.top().category;
                             ^
../src/KNN.cpp:88:11: error: enclosing ‘parallel’
   #pragma omp parallel for default(none) shared(K) private(i)
           ^~~
../src/KNN.cpp:91:31: error: ‘category’ not specified in enclosing ‘parallel’
   category = neighbours.top().category;
                               ^~~~~~~~
../src/KNN.cpp:88:11: error: enclosing ‘parallel’
   #pragma omp parallel for default(none) shared(K) private(i)
           ^~~
../src/KNN.cpp:93:60: error: ‘votes’ not specified in enclosing ‘parallel’
   map<string, int>::iterator iterator = votes.find(category);
                                                            ^
../src/KNN.cpp:88:11: error: enclosing ‘parallel’
   #pragma omp parallel for default(none) shared(K) private(i)
           ^~~
src/subdir.mk:30: recipe for target 'src/KNN.o' failed
make: *** [src/KNN.o] Error 1
"make all" terminated with exit code 2. Build might be incomplete.
21:42:45 **** Incremental Build of configuration Debug for project lab1 ****
make all 
Building file: ../src/KNN.cpp
Invoking: Cross G++ Compiler
g++ -O0 -g3 -Wall -c -fmessage-length=0 -fopenmp -MMD -MP -MF"src/KNN.d" -MT"src/KNN.o" -o "src/KNN.o" "../src/KNN.cpp"
../src/KNN.cpp: In member function ‘std::__cxx11::string KNN::votePrediction(std::priority_queue<Row, std::vector<Row>, CompareRows>, int)’:
../src/KNN.cpp:88:60: error: ‘i’ has not been declared
   #pragma omp parallel for default(none) shared(K) private(i,category)
                                                            ^
../src/KNN.cpp:91:29: error: ‘neighbours’ not specified in enclosing ‘parallel’
   category = neighbours.top().category;
                             ^
../src/KNN.cpp:88:11: error: enclosing ‘parallel’
   #pragma omp parallel for default(none) shared(K) private(i,category)
           ^~~
../src/KNN.cpp:93:60: error: ‘votes’ not specified in enclosing ‘parallel’
   map<string, int>::iterator iterator = votes.find(category);
                                                            ^
../src/KNN.cpp:88:11: error: enclosing ‘parallel’
   #pragma omp parallel for default(none) shared(K) private(i,category)
           ^~~
make: *** [src/KNN.o] Error 1
src/subdir.mk:30: recipe for target 'src/KNN.o' failed
"make all" terminated with exit code 2. Build might be incomplete.
21:42:51 **** Incremental Build of configuration Debug for project lab1 ****
make all 
Building file: ../src/KNN.cpp
Invoking: Cross G++ Compiler
g++ -O0 -g3 -Wall -c -fmessage-length=0 -fopenmp -MMD -MP -MF"src/KNN.d" -MT"src/KNN.o" -o "src/KNN.o" "../src/KNN.cpp"
../src/KNN.cpp: In member function ‘std::__cxx11::string KNN::votePrediction(std::priority_queue<Row, std::vector<Row>, CompareRows>, int)’:
../src/KNN.cpp:88:60: error: ‘i’ has not been declared
   #pragma omp parallel for default(none) shared(K) private(i,category)
                                                            ^
../src/KNN.cpp:90:29: error: ‘neighbours’ not specified in enclosing ‘parallel’
   category = neighbours.top().category;
                             ^
../src/KNN.cpp:88:11: error: enclosing ‘parallel’
   #pragma omp parallel for default(none) shared(K) private(i,category)
           ^~~
../src/KNN.cpp:92:60: error: ‘votes’ not specified in enclosing ‘parallel’
   map<string, int>::iterator iterator = votes.find(category);
                                                            ^
../src/KNN.cpp:88:11: error: enclosing ‘parallel’
   #pragma omp parallel for default(none) shared(K) private(i,category)
           ^~~
src/subdir.mk:30: recipe for target 'src/KNN.o' failed
make: *** [src/KNN.o] Error 1
"make all" terminated with exit code 2. Build might be incomplete.
21:42:56 **** Incremental Build of configuration Debug for project lab1 ****
make all 
Building file: ../src/KNN.cpp
Invoking: Cross G++ Compiler
g++ -O0 -g3 -Wall -c -fmessage-length=0 -fopenmp -MMD -MP -MF"src/KNN.d" -MT"src/KNN.o" -o "src/KNN.o" "../src/KNN.cpp"
../src/KNN.cpp: In member function ‘std::__cxx11::string KNN::votePrediction(std::priority_queue<Row, std::vector<Row>, CompareRows>, int)’:
../src/KNN.cpp:88:63: error: ‘i’ has not been declared
      #pragma omp parallel for default(none) shared(K) private(i,category)
                                                               ^
../src/KNN.cpp:90:29: error: ‘neighbours’ not specified in enclosing ‘parallel’
   category = neighbours.top().category;
                             ^
../src/KNN.cpp:88:14: error: enclosing ‘parallel’
      #pragma omp parallel for default(none) shared(K) private(i,category)
              ^~~
../src/KNN.cpp:92:60: error: ‘votes’ not specified in enclosing ‘parallel’
   map<string, int>::iterator iterator = votes.find(category);
                                                            ^
../src/KNN.cpp:88:14: error: enclosing ‘parallel’
      #pragma omp parallel for default(none) shared(K) private(i,category)
              ^~~
make: *** [src/KNN.o] Error 1
src/subdir.mk:30: recipe for target 'src/KNN.o' failed
"make all" terminated with exit code 2. Build might be incomplete.
21:43:01 **** Incremental Build of configuration Debug for project lab1 ****
make all 
Building file: ../src/KNN.cpp
Invoking: Cross G++ Compiler
g++ -O0 -g3 -Wall -c -fmessage-length=0 -fopenmp -MMD -MP -MF"src/KNN.d" -MT"src/KNN.o" -o "src/KNN.o" "../src/KNN.cpp"
../src/KNN.cpp: In member function ‘std::__cxx11::string KNN::votePrediction(std::priority_queue<Row, std::vector<Row>, CompareRows>, int)’:
../src/KNN.cpp:88:63: error: ‘i’ has not been declared
      #pragma omp parallel for default(none) shared(K) private(i,category)
                                                               ^
../src/KNN.cpp:90:29: error: ‘neighbours’ not specified in enclosing ‘parallel’
   category = neighbours.top().category;
                             ^
../src/KNN.cpp:88:14: error: enclosing ‘parallel’
      #pragma omp parallel for default(none) shared(K) private(i,category)
              ^~~
../src/KNN.cpp:92:60: error: ‘votes’ not specified in enclosing ‘parallel’
   map<string, int>::iterator iterator = votes.find(category);
                                                            ^
../src/KNN.cpp:88:14: error: enclosing ‘parallel’
      #pragma omp parallel for default(none) shared(K) private(i,category)
              ^~~
src/subdir.mk:30: recipe for target 'src/KNN.o' failed
make: *** [src/KNN.o] Error 1
"make all" terminated with exit code 2. Build might be incomplete.
21:43:33 **** Incremental Build of configuration Debug for project lab1 ****
make all 
Building file: ../src/KNN.cpp
Invoking: Cross G++ Compiler
g++ -O0 -g3 -Wall -c -fmessage-length=0 -fopenmp -MMD -MP -MF"src/KNN.d" -MT"src/KNN.o" -o "src/KNN.o" "../src/KNN.cpp"
../src/KNN.cpp: In member function ‘std::__cxx11::string KNN::votePrediction(std::priority_queue<Row, std::vector<Row>, CompareRows>, int)’:
../src/KNN.cpp:89:2: error: ‘K’ not specified in enclosing ‘parallel’
  for (int i = 0; i < K; i++) {
  ^~~
../src/KNN.cpp:88:14: error: enclosing ‘parallel’
      #pragma omp parallel for default(none) shared(neighbours)
              ^~~
../src/KNN.cpp:90:31: error: ‘category’ not specified in enclosing ‘parallel’
   category = neighbours.top().category;
                               ^~~~~~~~
../src/KNN.cpp:88:14: error: enclosing ‘parallel’
      #pragma omp parallel for default(none) shared(neighbours)
              ^~~
../src/KNN.cpp:92:60: error: ‘votes’ not specified in enclosing ‘parallel’
   map<string, int>::iterator iterator = votes.find(category);
                                                            ^
../src/KNN.cpp:88:14: error: enclosing ‘parallel’
      #pragma omp parallel for default(none) shared(neighbours)
              ^~~
src/subdir.mk:30: recipe for target 'src/KNN.o' failed
make: *** [src/KNN.o] Error 1
"make all" terminated with exit code 2. Build might be incomplete.
21:43:39 **** Incremental Build of configuration Debug for project lab1 ****
make all 
Building file: ../src/KNN.cpp
Invoking: Cross G++ Compiler
g++ -O0 -g3 -Wall -c -fmessage-length=0 -fopenmp -MMD -MP -MF"src/KNN.d" -MT"src/KNN.o" -o "src/KNN.o" "../src/KNN.cpp"
../src/KNN.cpp: In member function ‘std::__cxx11::string KNN::votePrediction(std::priority_queue<Row, std::vector<Row>, CompareRows>, int)’:
../src/KNN.cpp:89:2: error: ‘K’ not specified in enclosing ‘parallel’
  for (int i = 0; i < K; i++) {
  ^~~
../src/KNN.cpp:88:14: error: enclosing ‘parallel’
      #pragma omp parallel for default(none)
              ^~~
../src/KNN.cpp:90:29: error: ‘neighbours’ not specified in enclosing ‘parallel’
   category = neighbours.top().category;
                             ^
../src/KNN.cpp:88:14: error: enclosing ‘parallel’
      #pragma omp parallel for default(none)
              ^~~
../src/KNN.cpp:90:31: error: ‘category’ not specified in enclosing ‘parallel’
   category = neighbours.top().category;
                               ^~~~~~~~
../src/KNN.cpp:88:14: error: enclosing ‘parallel’
      #pragma omp parallel for default(none)
              ^~~
../src/KNN.cpp:92:60: error: ‘votes’ not specified in enclosing ‘parallel’
   map<string, int>::iterator iterator = votes.find(category);
                                                            ^
../src/KNN.cpp:88:14: error: enclosing ‘parallel’
      #pragma omp parallel for default(none)
              ^~~
make: *** [src/KNN.o] Error 1
src/subdir.mk:30: recipe for target 'src/KNN.o' failed
"make all" terminated with exit code 2. Build might be incomplete.
21:43:46 **** Incremental Build of configuration Debug for project lab1 ****
make all 
Building file: ../src/KNN.cpp
Invoking: Cross G++ Compiler
g++ -O0 -g3 -Wall -c -fmessage-length=0 -fopenmp -MMD -MP -MF"src/KNN.d" -MT"src/KNN.o" -o "src/KNN.o" "../src/KNN.cpp"
Finished building: ../src/KNN.cpp
 
Building file: ../src/lab1.cpp
Invoking: Cross G++ Compiler
g++ -O0 -g3 -Wall -c -fmessage-length=0 -fopenmp -MMD -MP -MF"src/lab1.d" -MT"src/lab1.o" -o "src/lab1.o" "../src/lab1.cpp"
Finished building: ../src/lab1.cpp
 
Building target: lab1
Invoking: Cross G++ Linker
g++ -fopenmp -o "lab1"  ./src/FIleLoader.o ./src/KNN.o ./src/Normalization.o ./src/Standarization.o ./src/lab1.o   
Finished building target: lab1
 
21:43:56 **** Incremental Build of configuration Debug for project lab1 ****
make all 
Building file: ../src/KNN.cpp
Invoking: Cross G++ Compiler
g++ -O0 -g3 -Wall -c -fmessage-length=0 -fopenmp -MMD -MP -MF"src/KNN.d" -MT"src/KNN.o" -o "src/KNN.o" "../src/KNN.cpp"
../src/KNN.cpp: In member function ‘std::__cxx11::string KNN::votePrediction(std::priority_queue<Row, std::vector<Row>, CompareRows>, int)’:
../src/KNN.cpp:89:2: error: ‘K’ not specified in enclosing ‘parallel’
  for (int i = 0; i < K; i++) {
  ^~~
../src/KNN.cpp:88:12: error: enclosing ‘parallel’
    #pragma omp parallel for default(none)
            ^~~
../src/KNN.cpp:90:29: error: ‘neighbours’ not specified in enclosing ‘parallel’
   category = neighbours.top().category;
                             ^
../src/KNN.cpp:88:12: error: enclosing ‘parallel’
    #pragma omp parallel for default(none)
            ^~~
../src/KNN.cpp:90:31: error: ‘category’ not specified in enclosing ‘parallel’
   category = neighbours.top().category;
                               ^~~~~~~~
../src/KNN.cpp:88:12: error: enclosing ‘parallel’
    #pragma omp parallel for default(none)
            ^~~
../src/KNN.cpp:92:60: error: ‘votes’ not specified in enclosing ‘parallel’
   map<string, int>::iterator iterator = votes.find(category);
                                                            ^
../src/KNN.cpp:88:12: error: enclosing ‘parallel’
    #pragma omp parallel for default(none)
            ^~~
src/subdir.mk:30: recipe for target 'src/KNN.o' failed
make: *** [src/KNN.o] Error 1
"make all" terminated with exit code 2. Build might be incomplete.
21:44:20 **** Incremental Build of configuration Debug for project lab1 ****
make all 
Building file: ../src/KNN.cpp
Invoking: Cross G++ Compiler
g++ -O0 -g3 -Wall -c -fmessage-length=0 -fopenmp -MMD -MP -MF"src/KNN.d" -MT"src/KNN.o" -o "src/KNN.o" "../src/KNN.cpp"
../src/KNN.cpp: In member function ‘std::__cxx11::string KNN::votePrediction(std::priority_queue<Row, std::vector<Row>, CompareRows>, int)’:
../src/KNN.cpp:89:2: error: ‘K’ not specified in enclosing ‘parallel’
  for (int i = 0; i < K; i++) {
  ^~~
../src/KNN.cpp:88:12: error: enclosing ‘parallel’
    #pragma omp parallel for default(none)
            ^~~
../src/KNN.cpp:90:29: error: ‘neighbours’ not specified in enclosing ‘parallel’
   category = neighbours.top().category;
                             ^
../src/KNN.cpp:88:12: error: enclosing ‘parallel’
    #pragma omp parallel for default(none)
            ^~~
../src/KNN.cpp:90:31: error: ‘category’ not specified in enclosing ‘parallel’
   category = neighbours.top().category;
                               ^~~~~~~~
../src/KNN.cpp:88:12: error: enclosing ‘parallel’
    #pragma omp parallel for default(none)
            ^~~
../src/KNN.cpp:92:60: error: ‘votes’ not specified in enclosing ‘parallel’
   map<string, int>::iterator iterator = votes.find(category);
src/subdir.mk:30: recipe for target 'src/KNN.o' failed
                                                            ^
../src/KNN.cpp:88:12: error: enclosing ‘parallel’
    #pragma omp parallel for default(none)
            ^~~
make: *** [src/KNN.o] Error 1
"make all" terminated with exit code 2. Build might be incomplete.
21:44:45 **** Incremental Build of configuration Debug for project lab1 ****
make all 
Building file: ../src/KNN.cpp
Invoking: Cross G++ Compiler
g++ -O0 -g3 -Wall -c -fmessage-length=0 -fopenmp -MMD -MP -MF"src/KNN.d" -MT"src/KNN.o" -o "src/KNN.o" "../src/KNN.cpp"
../src/KNN.cpp: In member function ‘std::__cxx11::string KNN::votePrediction(std::priority_queue<Row, std::vector<Row>, CompareRows>, int)’:
../src/KNN.cpp:89:36: error: ‘neighbours’ not specified in enclosing ‘parallel’
   string category = neighbours.top().category;
                                    ^
../src/KNN.cpp:87:12: error: enclosing ‘parallel’
    #pragma omp parallel for default(none) shared(K)
            ^~~
../src/KNN.cpp:91:60: error: ‘votes’ not specified in enclosing ‘parallel’
   map<string, int>::iterator iterator = votes.find(category);
                                                            ^
../src/KNN.cpp:87:12: error: enclosing ‘parallel’
    #pragma omp parallel for default(none) shared(K)
            ^~~
src/subdir.mk:30: recipe for target 'src/KNN.o' failed
make: *** [src/KNN.o] Error 1
"make all" terminated with exit code 2. Build might be incomplete.
21:44:49 **** Incremental Build of configuration Debug for project lab1 ****
make all 
Building file: ../src/KNN.cpp
Invoking: Cross G++ Compiler
g++ -O0 -g3 -Wall -c -fmessage-length=0 -fopenmp -MMD -MP -MF"src/KNN.d" -MT"src/KNN.o" -o "src/KNN.o" "../src/KNN.cpp"
../src/KNN.cpp: In member function ‘std::__cxx11::string KNN::votePrediction(std::priority_queue<Row, std::vector<Row>, CompareRows>, int)’:
../src/KNN.cpp:89:36: error: ‘neighbours’ not specified in enclosing ‘parallel’
   string category = neighbours.top().category;
                                    ^
../src/KNN.cpp:87:12: error: enclosing ‘parallel’
    #pragma omp parallel for default(none) shared(K)
            ^~~
../src/KNN.cpp:91:60: error: ‘votes’ not specified in enclosing ‘parallel’
   map<string, int>::iterator iterator = votes.find(category);
                                                            ^
../src/KNN.cpp:87:12: error: enclosing ‘parallel’
    #pragma omp parallel for default(none) shared(K)
            ^~~
src/subdir.mk:30: recipe for target 'src/KNN.o' failed
make: *** [src/KNN.o] Error 1
"make all" terminated with exit code 2. Build might be incomplete.
21:45:09 **** Incremental Build of configuration Debug for project lab1 ****
make all 
Building file: ../src/KNN.cpp
Invoking: Cross G++ Compiler
g++ -O0 -g3 -Wall -c -fmessage-length=0 -fopenmp -MMD -MP -MF"src/KNN.d" -MT"src/KNN.o" -o "src/KNN.o" "../src/KNN.cpp"
../src/KNN.cpp: In member function ‘std::__cxx11::string KNN::votePrediction(std::priority_queue<Row, std::vector<Row>, CompareRows>, int)’:
../src/KNN.cpp:89:36: error: ‘neighbours’ not specified in enclosing ‘parallel’
   string category = neighbours.top().category;
                                    ^
../src/KNN.cpp:87:12: error: enclosing ‘parallel’
    #pragma omp parallel for default(none) shared(K,votes)
            ^~~
make: *** [src/KNN.o] Error 1
src/subdir.mk:30: recipe for target 'src/KNN.o' failed
"make all" terminated with exit code 2. Build might be incomplete.
21:46:02 **** Incremental Build of configuration Debug for project lab1 ****
make all 
Building file: ../src/KNN.cpp
Invoking: Cross G++ Compiler
g++ -O0 -g3 -Wall -c -fmessage-length=0 -fopenmp -MMD -MP -MF"src/KNN.d" -MT"src/KNN.o" -o "src/KNN.o" "../src/KNN.cpp"
Finished building: ../src/KNN.cpp
 
Building target: lab1
Invoking: Cross G++ Linker
g++ -fopenmp -o "lab1"  ./src/FIleLoader.o ./src/KNN.o ./src/Normalization.o ./src/Standarization.o ./src/lab1.o   
Finished building target: lab1
 
21:46:19 **** Incremental Build of configuration Debug for project lab1 ****
make all 
Building file: ../src/KNN.cpp
Invoking: Cross G++ Compiler
g++ -O0 -g3 -Wall -c -fmessage-length=0 -fopenmp -MMD -MP -MF"src/KNN.d" -MT"src/KNN.o" -o "src/KNN.o" "../src/KNN.cpp"
Finished building: ../src/KNN.cpp
 
Building target: lab1
Invoking: Cross G++ Linker
g++ -fopenmp -o "lab1"  ./src/FIleLoader.o ./src/KNN.o ./src/Normalization.o ./src/Standarization.o ./src/lab1.o   
Finished building target: lab1
 
21:46:44 **** Incremental Build of configuration Debug for project lab1 ****
make all 
Building file: ../src/KNN.cpp
Invoking: Cross G++ Compiler
g++ -O0 -g3 -Wall -c -fmessage-length=0 -fopenmp -MMD -MP -MF"src/KNN.d" -MT"src/KNN.o" -o "src/KNN.o" "../src/KNN.cpp"
Finished building: ../src/KNN.cpp
 
Building target: lab1
Invoking: Cross G++ Linker
g++ -fopenmp -o "lab1"  ./src/FIleLoader.o ./src/KNN.o ./src/Normalization.o ./src/Standarization.o ./src/lab1.o   
Finished building target: lab1
 
21:46:51 **** Incremental Build of configuration Debug for project lab1 ****
make all 
Building file: ../src/KNN.cpp
Invoking: Cross G++ Compiler
g++ -O0 -g3 -Wall -c -fmessage-length=0 -fopenmp -MMD -MP -MF"src/KNN.d" -MT"src/KNN.o" -o "src/KNN.o" "../src/KNN.cpp"
Finished building: ../src/KNN.cpp
 
Building target: lab1
Invoking: Cross G++ Linker
g++ -fopenmp -o "lab1"  ./src/FIleLoader.o ./src/KNN.o ./src/Normalization.o ./src/Standarization.o ./src/lab1.o   
Finished building target: lab1
 
21:46:55 **** Incremental Build of configuration Debug for project lab1 ****
make all 
Building file: ../src/KNN.cpp
Invoking: Cross G++ Compiler
g++ -O0 -g3 -Wall -c -fmessage-length=0 -fopenmp -MMD -MP -MF"src/KNN.d" -MT"src/KNN.o" -o "src/KNN.o" "../src/KNN.cpp"
Finished building: ../src/KNN.cpp
 
Building target: lab1
Invoking: Cross G++ Linker
g++ -fopenmp -o "lab1"  ./src/FIleLoader.o ./src/KNN.o ./src/Normalization.o ./src/Standarization.o ./src/lab1.o   
Finished building target: lab1
 
21:47:05 **** Incremental Build of configuration Debug for project lab1 ****
make all 
Building file: ../src/KNN.cpp
Invoking: Cross G++ Compiler
g++ -O0 -g3 -Wall -c -fmessage-length=0 -fopenmp -MMD -MP -MF"src/KNN.d" -MT"src/KNN.o" -o "src/KNN.o" "../src/KNN.cpp"
Finished building: ../src/KNN.cpp
 
Building target: lab1
Invoking: Cross G++ Linker
g++ -fopenmp -o "lab1"  ./src/FIleLoader.o ./src/KNN.o ./src/Normalization.o ./src/Standarization.o ./src/lab1.o   
Finished building target: lab1
 
21:47:17 **** Incremental Build of configuration Debug for project lab1 ****
make all 
make: Nothing to be done for 'all'.
21:47:57 **** Incremental Build of configuration Debug for project lab1 ****
make all 
Building file: ../src/Normalization.cpp
Invoking: Cross G++ Compiler
g++ -O0 -g3 -Wall -c -fmessage-length=0 -fopenmp -MMD -MP -MF"src/Normalization.d" -MT"src/Normalization.o" -o "src/Normalization.o" "../src/Normalization.cpp"
Finished building: ../src/Normalization.cpp
 
Building target: lab1
Invoking: Cross G++ Linker
g++ -fopenmp -o "lab1"  ./src/FIleLoader.o ./src/KNN.o ./src/Normalization.o ./src/Standarization.o ./src/lab1.o   
Finished building target: lab1
 
21:48:00 **** Incremental Build of configuration Debug for project lab1 ****
make all 
make: Nothing to be done for 'all'.
21:48:08 **** Incremental Build of configuration Debug for project lab1 ****
make all 
Building file: ../src/Normalization.cpp
Invoking: Cross G++ Compiler
g++ -O0 -g3 -Wall -c -fmessage-length=0 -fopenmp -MMD -MP -MF"src/Normalization.d" -MT"src/Normalization.o" -o "src/Normalization.o" "../src/Normalization.cpp"
Finished building: ../src/Normalization.cpp
 
Building target: lab1
Invoking: Cross G++ Linker
g++ -fopenmp -o "lab1"  ./src/FIleLoader.o ./src/KNN.o ./src/Normalization.o ./src/Standarization.o ./src/lab1.o   
Finished building target: lab1
 
21:48:19 **** Incremental Build of configuration Debug for project lab1 ****
make all 
Building file: ../src/lab1.cpp
Invoking: Cross G++ Compiler
g++ -O0 -g3 -Wall -c -fmessage-length=0 -fopenmp -MMD -MP -MF"src/lab1.d" -MT"src/lab1.o" -o "src/lab1.o" "../src/lab1.cpp"
Finished building: ../src/lab1.cpp
 
Building target: lab1
Invoking: Cross G++ Linker
g++ -fopenmp -o "lab1"  ./src/FIleLoader.o ./src/KNN.o ./src/Normalization.o ./src/Standarization.o ./src/lab1.o   
Finished building target: lab1
 
21:49:03 **** Incremental Build of configuration Debug for project lab1 ****
make all 
Building file: ../src/lab1.cpp
Invoking: Cross G++ Compiler
g++ -O0 -g3 -Wall -c -fmessage-length=0 -fopenmp -MMD -MP -MF"src/lab1.d" -MT"src/lab1.o" -o "src/lab1.o" "../src/lab1.cpp"
Finished building: ../src/lab1.cpp
 
Building target: lab1
Invoking: Cross G++ Linker
g++ -fopenmp -o "lab1"  ./src/FIleLoader.o ./src/KNN.o ./src/Normalization.o ./src/Standarization.o ./src/lab1.o   
Finished building target: lab1
 
21:51:50 **** Incremental Build of configuration Debug for project lab1 ****
make all 
Building file: ../src/KNN.cpp
Invoking: Cross G++ Compiler
g++ -O0 -g3 -Wall -c -fmessage-length=0 -fopenmp -MMD -MP -MF"src/KNN.d" -MT"src/KNN.o" -o "src/KNN.o" "../src/KNN.cpp"
Finished building: ../src/KNN.cpp
 
Building target: lab1
Invoking: Cross G++ Linker
g++ -fopenmp -o "lab1"  ./src/FIleLoader.o ./src/KNN.o ./src/Normalization.o ./src/Standarization.o ./src/lab1.o   
Finished building target: lab1
 
21:51:56 **** Incremental Build of configuration Debug for project lab1 ****
make all 
make: Nothing to be done for 'all'.
21:52:06 **** Incremental Build of configuration Debug for project lab1 ****
make all 
make: Nothing to be done for 'all'.
21:52:08 **** Incremental Build of configuration Debug for project lab1 ****
make all 
make: Nothing to be done for 'all'.
21:53:33 **** Incremental Build of configuration Debug for project lab1 ****
make all 
make: Nothing to be done for 'all'.
21:53:42 **** Incremental Build of configuration Debug for project lab1 ****
make all 
Building file: ../src/KNN.cpp
Invoking: Cross G++ Compiler
g++ -O0 -g3 -Wall -c -fmessage-length=0 -fopenmp -MMD -MP -MF"src/KNN.d" -MT"src/KNN.o" -o "src/KNN.o" "../src/KNN.cpp"
Finished building: ../src/KNN.cpp
 
Building target: lab1
Invoking: Cross G++ Linker
g++ -fopenmp -o "lab1"  ./src/FIleLoader.o ./src/KNN.o ./src/Normalization.o ./src/Standarization.o ./src/lab1.o   
Finished building target: lab1
 
21:54:11 **** Incremental Build of configuration Debug for project lab1 ****
make all 
Building file: ../src/KNN.cpp
Invoking: Cross G++ Compiler
g++ -O0 -g3 -Wall -c -fmessage-length=0 -fopenmp -MMD -MP -MF"src/KNN.d" -MT"src/KNN.o" -o "src/KNN.o" "../src/KNN.cpp"
../src/KNN.cpp: In member function ‘std::__cxx11::string KNN::votePrediction(std::priority_queue<Row, std::vector<Row>, CompareRows>, int)’:
../src/KNN.cpp:87:36: error: ‘neighbours’ not specified in enclosing ‘parallel’
   string category = neighbours.top().category;
                                    ^
../src/KNN.cpp:85:12: error: enclosing ‘parallel’
    #pragma omp parallel for default(none) shared(K,votes)
            ^~~
make: *** [src/KNN.o] Error 1
src/subdir.mk:30: recipe for target 'src/KNN.o' failed
"make all" terminated with exit code 2. Build might be incomplete.
21:54:17 **** Incremental Build of configuration Debug for project lab1 ****
make all 
Building file: ../src/KNN.cpp
Invoking: Cross G++ Compiler
g++ -O0 -g3 -Wall -c -fmessage-length=0 -fopenmp -MMD -MP -MF"src/KNN.d" -MT"src/KNN.o" -o "src/KNN.o" "../src/KNN.cpp"
Finished building: ../src/KNN.cpp
 
Building target: lab1
Invoking: Cross G++ Linker
g++ -fopenmp -o "lab1"  ./src/FIleLoader.o ./src/KNN.o ./src/Normalization.o ./src/Standarization.o ./src/lab1.o   
Finished building target: lab1
 
21:54:21 **** Incremental Build of configuration Debug for project lab1 ****
make all 
make: Nothing to be done for 'all'.
21:57:30 **** Incremental Build of configuration Debug for project lab1 ****
make all 
Building file: ../src/KNN.cpp
Invoking: Cross G++ Compiler
g++ -O0 -g3 -Wall -c -fmessage-length=0 -fopenmp -MMD -MP -MF"src/KNN.d" -MT"src/KNN.o" -o "src/KNN.o" "../src/KNN.cpp"
Finished building: ../src/KNN.cpp
 
Building target: lab1
Invoking: Cross G++ Linker
g++ -fopenmp -o "lab1"  ./src/FIleLoader.o ./src/KNN.o ./src/Normalization.o ./src/Standarization.o ./src/lab1.o   
Finished building target: lab1
 
21:57:44 **** Incremental Build of configuration Debug for project lab1 ****
make all 
Building file: ../src/KNN.cpp
Invoking: Cross G++ Compiler
g++ -O0 -g3 -Wall -c -fmessage-length=0 -fopenmp -MMD -MP -MF"src/KNN.d" -MT"src/KNN.o" -o "src/KNN.o" "../src/KNN.cpp"
../src/KNN.cpp: In member function ‘std::__cxx11::string KNN::votePrediction(std::priority_queue<Row, std::vector<Row>, CompareRows>, int)’:
../src/KNN.cpp:87:36: error: ‘neighbours’ not specified in enclosing ‘parallel’
   string category = neighbours.top().category;
                                    ^
../src/KNN.cpp:85:12: error: enclosing ‘parallel’
    #pragma omp parallel for default(none) shared(K,votes)
            ^~~
make: *** [src/KNN.o] Error 1
src/subdir.mk:30: recipe for target 'src/KNN.o' failed
"make all" terminated with exit code 2. Build might be incomplete.
22:02:48 **** Incremental Build of configuration Debug for project lab1 ****
make all 
Building file: ../src/KNN.cpp
Invoking: Cross G++ Compiler
g++ -O0 -g3 -Wall -c -fmessage-length=0 -fopenmp -MMD -MP -MF"src/KNN.d" -MT"src/KNN.o" -o "src/KNN.o" "../src/KNN.cpp"
../src/KNN.cpp: In member function ‘std::__cxx11::string KNN::votePrediction(std::priority_queue<Row, std::vector<Row>, CompareRows>, int)’:
../src/KNN.cpp:86:21: error: expected ‘#pragma omp’ clause before ‘{’ token
 #pragma omp parallel{
                     ^
../src/KNN.cpp:90:20: error: ‘default’ is not valid for ‘#pragma omp for’
    #pragma omp for default(none) shared(K)
                    ^~~~~~~
../src/KNN.cpp:90:34: error: ‘shared’ is not valid for ‘#pragma omp for’
    #pragma omp for default(none) shared(K)
                                  ^~~~~~
../src/KNN.cpp:103:1: warning: no return statement in function returning non-void [-Wreturn-type]
 }
 ^
../src/KNN.cpp: At global scope:
../src/KNN.cpp:110:18: error: ‘votes’ was not declared in this scope
  auto endVotes = votes.end();
                  ^~~~~
../src/KNN.cpp:111:20: error: ‘votes’ was not declared in this scope
  auto startVotes = votes.begin();
                    ^~~~~
../src/KNN.cpp:113:2: error: expected unqualified-id before ‘for’
  for (it = startVotes; it != endVotes; it++) {
  ^~~
../src/KNN.cpp:113:24: error: ‘it’ does not name a type
  for (it = startVotes; it != endVotes; it++) {
                        ^~
../src/KNN.cpp:113:40: error: ‘it’ does not name a type
  for (it = startVotes; it != endVotes; it++) {
                                        ^~
../src/KNN.cpp:121:2: error: expected unqualified-id before ‘return’
  return maxVotesCategory;
  ^~~~~~
../src/KNN.cpp:122:1: error: expected declaration before ‘}’ token
 }
 ^
src/subdir.mk:30: recipe for target 'src/KNN.o' failed
make: *** [src/KNN.o] Error 1
"make all" terminated with exit code 2. Build might be incomplete.
22:02:55 **** Incremental Build of configuration Debug for project lab1 ****
make all 
Building file: ../src/KNN.cpp
Invoking: Cross G++ Compiler
g++ -O0 -g3 -Wall -c -fmessage-length=0 -fopenmp -MMD -MP -MF"src/KNN.d" -MT"src/KNN.o" -o "src/KNN.o" "../src/KNN.cpp"
../src/KNN.cpp: In member function ‘std::__cxx11::string KNN::votePrediction(std::priority_queue<Row, std::vector<Row>, CompareRows>, int)’:
../src/KNN.cpp:86:21: error: expected ‘#pragma omp’ clause before ‘{’ token
 #pragma omp parallel{
                     ^
../src/KNN.cpp:103:1: warning: no return statement in function returning non-void [-Wreturn-type]
 }
 ^
../src/KNN.cpp: At global scope:
../src/KNN.cpp:110:18: error: ‘votes’ was not declared in this scope
  auto endVotes = votes.end();
                  ^~~~~
../src/KNN.cpp:111:20: error: ‘votes’ was not declared in this scope
  auto startVotes = votes.begin();
                    ^~~~~
../src/KNN.cpp:113:2: error: expected unqualified-id before ‘for’
  for (it = startVotes; it != endVotes; it++) {
  ^~~
../src/KNN.cpp:113:24: error: ‘it’ does not name a type
  for (it = startVotes; it != endVotes; it++) {
                        ^~
../src/KNN.cpp:113:40: error: ‘it’ does not name a type
  for (it = startVotes; it != endVotes; it++) {
                                        ^~
../src/KNN.cpp:121:2: error: expected unqualified-id before ‘return’
  return maxVotesCategory;
  ^~~~~~
../src/KNN.cpp:122:1: error: expected declaration before ‘}’ token
 }
 ^
make: *** [src/KNN.o] Error 1
src/subdir.mk:30: recipe for target 'src/KNN.o' failed
"make all" terminated with exit code 2. Build might be incomplete.
22:03:02 **** Incremental Build of configuration Debug for project lab1 ****
make all 
Building file: ../src/KNN.cpp
Invoking: Cross G++ Compiler
g++ -O0 -g3 -Wall -c -fmessage-length=0 -fopenmp -MMD -MP -MF"src/KNN.d" -MT"src/KNN.o" -o "src/KNN.o" "../src/KNN.cpp"
Finished building: ../src/KNN.cpp
 
Building target: lab1
Invoking: Cross G++ Linker
g++ -fopenmp -o "lab1"  ./src/FIleLoader.o ./src/KNN.o ./src/Normalization.o ./src/Standarization.o ./src/lab1.o   
Finished building target: lab1
 
22:03:20 **** Incremental Build of configuration Debug for project lab1 ****
make all 
Building file: ../src/KNN.cpp
Invoking: Cross G++ Compiler
g++ -O0 -g3 -Wall -c -fmessage-length=0 -fopenmp -MMD -MP -MF"src/KNN.d" -MT"src/KNN.o" -o "src/KNN.o" "../src/KNN.cpp"
../src/KNN.cpp: In member function ‘std::__cxx11::string KNN::votePrediction(std::priority_queue<Row, std::vector<Row>, CompareRows>, int)’:
../src/KNN.cpp:91:20: error: ‘default’ is not valid for ‘#pragma omp for’
    #pragma omp for default(none) shared(votes,K)
                    ^~~~~~~
../src/KNN.cpp:91:34: error: ‘shared’ is not valid for ‘#pragma omp for’
    #pragma omp for default(none) shared(votes,K)
                                  ^~~~~~
make: *** [src/KNN.o] Error 1
src/subdir.mk:30: recipe for target 'src/KNN.o' failed
"make all" terminated with exit code 2. Build might be incomplete.
22:03:31 **** Incremental Build of configuration Debug for project lab1 ****
make all 
Building file: ../src/KNN.cpp
Invoking: Cross G++ Compiler
g++ -O0 -g3 -Wall -c -fmessage-length=0 -fopenmp -MMD -MP -MF"src/KNN.d" -MT"src/KNN.o" -o "src/KNN.o" "../src/KNN.cpp"
../src/KNN.cpp: In member function ‘std::__cxx11::string KNN::votePrediction(std::priority_queue<Row, std::vector<Row>, CompareRows>, int)’:
../src/KNN.cpp:91:20: error: ‘shared’ is not valid for ‘#pragma omp for’
    #pragma omp for shared(votes,K)
                    ^~~~~~
src/subdir.mk:30: recipe for target 'src/KNN.o' failed
make: *** [src/KNN.o] Error 1
"make all" terminated with exit code 2. Build might be incomplete.
22:03:40 **** Incremental Build of configuration Debug for project lab1 ****
make all 
Building file: ../src/KNN.cpp
Invoking: Cross G++ Compiler
g++ -O0 -g3 -Wall -c -fmessage-length=0 -fopenmp -MMD -MP -MF"src/KNN.d" -MT"src/KNN.o" -o "src/KNN.o" "../src/KNN.cpp"
Finished building: ../src/KNN.cpp
 
Building target: lab1
Invoking: Cross G++ Linker
g++ -fopenmp -o "lab1"  ./src/FIleLoader.o ./src/KNN.o ./src/Normalization.o ./src/Standarization.o ./src/lab1.o   
Finished building target: lab1
 
22:03:49 **** Incremental Build of configuration Debug for project lab1 ****
make all 
Building file: ../src/KNN.cpp
Invoking: Cross G++ Compiler
g++ -O0 -g3 -Wall -c -fmessage-length=0 -fopenmp -MMD -MP -MF"src/KNN.d" -MT"src/KNN.o" -o "src/KNN.o" "../src/KNN.cpp"
Finished building: ../src/KNN.cpp
 
Building target: lab1
Invoking: Cross G++ Linker
g++ -fopenmp -o "lab1"  ./src/FIleLoader.o ./src/KNN.o ./src/Normalization.o ./src/Standarization.o ./src/lab1.o   
Finished building target: lab1
 
22:04:00 **** Incremental Build of configuration Debug for project lab1 ****
make all 
Building file: ../src/KNN.cpp
Invoking: Cross G++ Compiler
g++ -O0 -g3 -Wall -c -fmessage-length=0 -fopenmp -MMD -MP -MF"src/KNN.d" -MT"src/KNN.o" -o "src/KNN.o" "../src/KNN.cpp"
../src/KNN.cpp: In member function ‘std::__cxx11::string KNN::votePrediction(std::priority_queue<Row, std::vector<Row>, CompareRows>, int)’:
../src/KNN.cpp:89:24: error: ‘neighbours’ not specified in enclosing ‘parallel’
  auto tempNeighbours = neighbours;
                        ^~~~~~~~~~
../src/KNN.cpp:86:9: error: enclosing ‘parallel’
 #pragma omp parallel default(none) shared(K)
         ^~~
../src/KNN.cpp:95:60: error: ‘votes’ not specified in enclosing ‘parallel’
   map<string, int>::iterator iterator = votes.find(category);
                                                            ^
../src/KNN.cpp:86:9: error: enclosing ‘parallel’
 #pragma omp parallel default(none) shared(K)
         ^~~
src/subdir.mk:30: recipe for target 'src/KNN.o' failed
make: *** [src/KNN.o] Error 1
"make all" terminated with exit code 2. Build might be incomplete.
22:04:34 **** Incremental Build of configuration Debug for project lab1 ****
make all 
Building file: ../src/KNN.cpp
Invoking: Cross G++ Compiler
g++ -O0 -g3 -Wall -c -fmessage-length=0 -fopenmp -MMD -MP -MF"src/KNN.d" -MT"src/KNN.o" -o "src/KNN.o" "../src/KNN.cpp"
../src/KNN.cpp: In member function ‘std::__cxx11::string KNN::votePrediction(std::priority_queue<Row, std::vector<Row>, CompareRows>, int)’:
../src/KNN.cpp:86:47: error: ‘i’ has not been declared
 #pragma omp parallel  shared(K,votes) private(i)
                                               ^
make: *** [src/KNN.o] Error 1
src/subdir.mk:30: recipe for target 'src/KNN.o' failed
"make all" terminated with exit code 2. Build might be incomplete.
22:04:38 **** Incremental Build of configuration Debug for project lab1 ****
make all 
Building file: ../src/KNN.cpp
Invoking: Cross G++ Compiler
g++ -O0 -g3 -Wall -c -fmessage-length=0 -fopenmp -MMD -MP -MF"src/KNN.d" -MT"src/KNN.o" -o "src/KNN.o" "../src/KNN.cpp"
../src/KNN.cpp: In member function ‘std::__cxx11::string KNN::votePrediction(std::priority_queue<Row, std::vector<Row>, CompareRows>, int)’:
../src/KNN.cpp:86:47: error: ‘i’ has not been declared
 #pragma omp parallel  shared(K,votes) private(i)
                                               ^
make: *** [src/KNN.o] Error 1
src/subdir.mk:30: recipe for target 'src/KNN.o' failed
"make all" terminated with exit code 2. Build might be incomplete.
22:04:43 **** Incremental Build of configuration Debug for project lab1 ****
make all 
Building file: ../src/KNN.cpp
Invoking: Cross G++ Compiler
g++ -O0 -g3 -Wall -c -fmessage-length=0 -fopenmp -MMD -MP -MF"src/KNN.d" -MT"src/KNN.o" -o "src/KNN.o" "../src/KNN.cpp"
Finished building: ../src/KNN.cpp
 
Building target: lab1
Invoking: Cross G++ Linker
g++ -fopenmp -o "lab1"  ./src/FIleLoader.o ./src/KNN.o ./src/Normalization.o ./src/Standarization.o ./src/lab1.o   
Finished building target: lab1
 
22:04:47 **** Incremental Build of configuration Debug for project lab1 ****
make all 
make: Nothing to be done for 'all'.
22:18:47 **** Incremental Build of configuration Debug for project lab1 ****
make all 
Building file: ../src/lab1.cpp
Invoking: Cross G++ Compiler
g++ -O0 -g3 -Wall -c -fmessage-length=0 -fopenmp -MMD -MP -MF"src/lab1.d" -MT"src/lab1.o" -o "src/lab1.o" "../src/lab1.cpp"
Finished building: ../src/lab1.cpp
 
Building target: lab1
Invoking: Cross G++ Linker
g++ -fopenmp -o "lab1"  ./src/FIleLoader.o ./src/KNN.o ./src/Normalization.o ./src/Standarization.o ./src/lab1.o   
Finished building target: lab1
 
22:21:49 **** Incremental Build of configuration Debug for project lab1 ****
make all 
make: Nothing to be done for 'all'.
